Tue Nov 15 22:20:47 CST 2016 Starting master on hbase-master.hadoop-docker
core file size          (blocks, -c) 0
data seg size           (kbytes, -d) unlimited
scheduling priority             (-e) 0
file size               (blocks, -f) unlimited
pending signals                 (-i) 31757
max locked memory       (kbytes, -l) 64
max memory size         (kbytes, -m) unlimited
open files                      (-n) 1048576
pipe size            (512 bytes, -p) 8
POSIX message queues     (bytes, -q) 819200
real-time priority              (-r) 0
stack size              (kbytes, -s) 8192
cpu time               (seconds, -t) unlimited
max user processes              (-u) 1048576
virtual memory          (kbytes, -v) unlimited
file locks                      (-x) unlimited
2016-11-15 22:20:48,891 INFO  [main] util.VersionInfo: HBase 1.2.2
2016-11-15 22:20:48,899 INFO  [main] util.VersionInfo: Source code repository git://asf-dev/home/busbey/projects/hbase revision=3f671c1ead70d249ea4598f1bbcc5151322b3a13
2016-11-15 22:20:48,899 INFO  [main] util.VersionInfo: Compiled by busbey on Fri Jul  1 08:28:55 CDT 2016
2016-11-15 22:20:48,899 INFO  [main] util.VersionInfo: From source with checksum 7ac43c3d2f62f134b2a6aa1a05ad66ac
2016-11-15 22:20:52,606 INFO  [main] util.ServerCommandLine: env:HBASE_LOGFILE=hbase--master-hbase-master.log
2016-11-15 22:20:52,618 INFO  [main] util.ServerCommandLine: env:PATH=/usr/local/sbin:/usr/local/bin:/usr/sbin:/usr/bin:/sbin:/bin:/usr/lib/jvm/java-openjdk/bin:.:/root/protobuf/bin:/root/hadoop/bin:/root/hadoop/sbin:.:/root/hive/bin:.:/root/spark/bin:/root/spark/sbin:.:.:/root/hbase/bin
2016-11-15 22:20:52,627 INFO  [main] util.ServerCommandLine: env:HADOOP_CONF_DIR=/root/hadoop/etc/hadoop
2016-11-15 22:20:52,633 INFO  [main] util.ServerCommandLine: env:JAVA_HOME=/usr/lib/jvm/java-openjdk
2016-11-15 22:20:52,635 INFO  [main] util.ServerCommandLine: env:TERM=xterm
2016-11-15 22:20:52,644 INFO  [main] util.ServerCommandLine: env:XFILESEARCHPATH=/usr/dt/app-defaults/%L/Dt
2016-11-15 22:20:52,653 INFO  [main] util.ServerCommandLine: env:SPARK_HOME=/root/spark
2016-11-15 22:20:52,656 INFO  [main] util.ServerCommandLine: env:LD_LIBRARY_PATH=:/root/hadoop/lib/native/:/root/protobuf/lib:/root/hadoop/lib/native
2016-11-15 22:20:52,664 INFO  [main] util.ServerCommandLine: env:HBASE_REST_OPTS=
2016-11-15 22:20:52,665 INFO  [main] util.ServerCommandLine: env:PWD=/
2016-11-15 22:20:52,665 INFO  [main] util.ServerCommandLine: env:HBASE_ROOT_LOGGER=INFO,RFA
2016-11-15 22:20:52,672 INFO  [main] util.ServerCommandLine: env:HBASE_ENV_INIT=true
2016-11-15 22:20:52,677 INFO  [main] util.ServerCommandLine: env:HBASE_IDENT_STRING=
2016-11-15 22:20:52,677 INFO  [main] util.ServerCommandLine: env:HBASE_ZNODE_FILE=/tmp/hbase--master.znode
2016-11-15 22:20:52,682 INFO  [main] util.ServerCommandLine: env:HIVE_HOME=/root/hive
2016-11-15 22:20:52,689 INFO  [main] util.ServerCommandLine: env:HBASE_LOG_PREFIX=hbase--master-hbase-master
2016-11-15 22:20:52,698 INFO  [main] util.ServerCommandLine: env:HBASE_LOG_DIR=/root/hbase/logs
2016-11-15 22:20:52,714 INFO  [main] util.ServerCommandLine: env:CLASSPATH=/root/hbase/conf:/usr/lib/jvm/java-openjdk/lib/tools.jar:/root/hbase:/root/hbase/lib/activation-1.1.jar:/root/hbase/lib/antisamy-1.5.3.jar:/root/hbase/lib/aopalliance-1.0.jar:/root/hbase/lib/apacheds-i18n-2.0.0-M15.jar:/root/hbase/lib/apacheds-kerberos-codec-2.0.0-M15.jar:/root/hbase/lib/api-asn1-api-1.0.0-M20.jar:/root/hbase/lib/api-util-1.0.0-M20.jar:/root/hbase/lib/asm-3.1.jar:/root/hbase/lib/avro-1.7.4.jar:/root/hbase/lib/batik-css-1.8.jar:/root/hbase/lib/batik-ext-1.8.jar:/root/hbase/lib/batik-util-1.8.jar:/root/hbase/lib/bsh-core-2.0b4.jar:/root/hbase/lib/commons-beanutils-1.7.0.jar:/root/hbase/lib/commons-beanutils-core-1.8.3.jar:/root/hbase/lib/commons-cli-1.2.jar:/root/hbase/lib/commons-codec-1.9.jar:/root/hbase/lib/commons-collections-3.2.2.jar:/root/hbase/lib/commons-compress-1.4.1.jar:/root/hbase/lib/commons-configuration-1.6.jar:/root/hbase/lib/commons-daemon-1.0.13.jar:/root/hbase/lib/commons-digester-1.8.jar:/root/hbase/lib/commons-el-1.0.jar:/root/hbase/lib/commons-fileupload-1.3.1.jar:/root/hbase/lib/commons-httpclient-3.1.jar:/root/hbase/lib/commons-io-2.4.jar:/root/hbase/lib/commons-lang-2.6.jar:/root/hbase/lib/commons-logging-1.2.jar:/root/hbase/lib/commons-math-2.2.jar:/root/hbase/lib/commons-math3-3.1.1.jar:/root/hbase/lib/commons-net-3.1.jar:/root/hbase/lib/disruptor-3.3.0.jar:/root/hbase/lib/esapi-2.1.0.1.jar:/root/hbase/lib/findbugs-annotations-1.3.9-1.jar:/root/hbase/lib/guava-12.0.1.jar:/root/hbase/lib/guice-3.0.jar:/root/hbase/lib/guice-servlet-3.0.jar:/root/hbase/lib/hadoop-annotations-2.5.1.jar:/root/hbase/lib/hadoop-auth-2.5.1.jar:/root/hbase/lib/hadoop-client-2.5.1.jar:/root/hbase/lib/hadoop-common-2.5.1.jar:/root/hbase/lib/hadoop-hdfs-2.5.1.jar:/root/hbase/lib/hadoop-mapreduce-client-app-2.5.1.jar:/root/hbase/lib/hadoop-mapreduce-client-common-2.5.1.jar:/root/hbase/lib/hadoop-mapreduce-client-core-2.5.1.jar:/root/hbase/lib/hadoop-mapreduce-client-jobclient-2.5.1.jar:/root/hbase/lib/hadoop-mapreduce-client-shuffle-2.5.1.jar:/root/hbase/lib/hadoop-yarn-api-2.5.1.jar:/root/hbase/lib/hadoop-yarn-client-2.5.1.jar:/root/hbase/lib/hadoop-yarn-common-2.5.1.jar:/root/hbase/lib/hadoop-yarn-server-common-2.5.1.jar:/root/hbase/lib/hbase-annotations-1.2.2-tests.jar:/root/hbase/lib/hbase-annotations-1.2.2.jar:/root/hbase/lib/hbase-client-1.2.2.jar:/root/hbase/lib/hbase-common-1.2.2-tests.jar:/root/hbase/lib/hbase-common-1.2.2.jar:/root/hbase/lib/hbase-examples-1.2.2.jar:/root/hbase/lib/hbase-external-blockcache-1.2.2.jar:/root/hbase/lib/hbase-hadoop-compat-1.2.2.jar:/root/hbase/lib/hbase-hadoop2-compat-1.2.2.jar:/root/hbase/lib/hbase-it-1.2.2-tests.jar:/root/hbase/lib/hbase-it-1.2.2.jar:/root/hbase/lib/hbase-prefix-tree-1.2.2.jar:/root/hbase/lib/hbase-procedure-1.2.2.jar:/root/hbase/lib/hbase-protocol-1.2.2.jar:/root/hbase/lib/hbase-resource-bundle-1.2.2.jar:/root/hbase/lib/hbase-rest-1.2.2.jar:/root/hbase/lib/hbase-server-1.2.2-tests.jar:/root/hbase/lib/hbase-server-1.2.2.jar:/root/hbase/lib/hbase-shell-1.2.2.jar:/root/hbase/lib/hbase-thrift-1.2.2.jar:/root/hbase/lib/htrace-core-3.1.0-incubating.jar:/root/hbase/lib/httpclient-4.2.5.jar:/root/hbase/lib/httpcore-4.4.1.jar:/root/hbase/lib/jackson-core-asl-1.9.13.jar:/root/hbase/lib/jackson-jaxrs-1.9.13.jar:/root/hbase/lib/jackson-mapper-asl-1.9.13.jar:/root/hbase/lib/jackson-xc-1.9.13.jar:/root/hbase/lib/jamon-runtime-2.4.1.jar:/root/hbase/lib/jasper-compiler-5.5.23.jar:/root/hbase/lib/jasper-runtime-5.5.23.jar:/root/hbase/lib/java-xmlbuilder-0.4.jar:/root/hbase/lib/javax.inject-1.jar:/root/hbase/lib/jaxb-api-2.2.2.jar:/root/hbase/lib/jaxb-impl-2.2.3-1.jar:/root/hbase/lib/jcodings-1.0.8.jar:/root/hbase/lib/jersey-client-1.9.jar:/root/hbase/lib/jersey-core-1.9.jar:/root/hbase/lib/jersey-guice-1.9.jar:/root/hbase/lib/jersey-json-1.9.jar:/root/hbase/lib/jersey-server-1.9.jar:/root/hbase/lib/jets3t-0.9.0.jar:/root/hbase/lib/jettison-1.3.3.jar:/root/hbase/lib/jetty-6.1.26.jar:/root/hbase/lib/jetty-sslengine-6.1.26.jar:/root/hbase/lib/jetty-util-6.1.26.jar:/root/hbase/lib/joni-2.1.2.jar:/root/hbase/lib/jruby-complete-1.6.8.jar:/root/hbase/lib/jsch-0.1.42.jar:/root/hbase/lib/jsp-2.1-6.1.14.jar:/root/hbase/lib/jsp-api-2.1-6.1.14.jar:/root/hbase/lib/jsr305-1.3.9.jar:/root/hbase/lib/junit-4.12.jar:/root/hbase/lib/leveldbjni-all-1.8.jar:/root/hbase/lib/libthrift-0.9.3.jar:/root/hbase/lib/log4j-1.2.17.jar:/root/hbase/lib/metrics-core-2.2.0.jar:/root/hbase/lib/nekohtml-1.9.16.jar:/root/hbase/lib/netty-all-4.0.23.Final.jar:/root/hbase/lib/paranamer-2.3.jar:/root/hbase/lib/protobuf-java-2.5.0.jar:/root/hbase/lib/servlet-api-2.5-6.1.14.jar:/root/hbase/lib/servlet-api-2.5.jar:/root/hbase/lib/slf4j-api-1.7.7.jar:/root/hbase/lib/slf4j-log4j12-1.7.5.jar:/root/hbase/lib/snappy-java-1.0.4.1.jar:/root/hbase/lib/spymemcached-2.11.6.jar:/root/hbase/lib/xalan-2.7.0.jar:/root/hbase/lib/xml-apis-1.3.03.jar:/root/hbase/lib/xml-apis-ext-1.3.04.jar:/root/hbase/lib/xmlenc-0.52.jar:/root/hbase/lib/xom-1.2.5.jar:/root/hbase/lib/xz-1.0.jar:/root/hbase/lib/zookeeper-3.4.6.jar:/root/hadoop/etc/hadoop:/root/hadoop/share/hadoop/common/lib/*:/root/hadoop/share/hadoop/common/*:/root/hadoop/share/hadoop/hdfs:/root/hadoop/share/hadoop/hdfs/lib/*:/root/hadoop/share/hadoop/hdfs/*:/root/hadoop/share/hadoop/yarn/lib/*:/root/hadoop/share/hadoop/yarn/*:/root/hadoop/share/hadoop/mapreduce/lib/*:/root/hadoop/share/hadoop/mapreduce/*:/root/hadoop/contrib/capacity-scheduler/*.jar
2016-11-15 22:20:52,738 INFO  [main] util.ServerCommandLine: env:HBASE_MANAGES_ZK=false
2016-11-15 22:20:52,739 INFO  [main] util.ServerCommandLine: env:HOSTNAME=hbase-master
2016-11-15 22:20:52,747 INFO  [main] util.ServerCommandLine: env:NLSPATH=/usr/dt/lib/nls/msg/%L/%N.cat
2016-11-15 22:20:52,748 INFO  [main] util.ServerCommandLine: env:HADOOP_HOME=/root/hadoop
2016-11-15 22:20:52,764 INFO  [main] util.ServerCommandLine: env:HBASE_NICENESS=0
2016-11-15 22:20:52,768 INFO  [main] util.ServerCommandLine: env:HBASE_OPTS=-XX:+UseConcMarkSweepGC   -Dhbase.log.dir=/root/hbase/logs -Dhbase.log.file=hbase--master-hbase-master.log -Dhbase.home.dir=/root/hbase -Dhbase.id.str= -Dhbase.root.logger=INFO,RFA -Djava.library.path=/root/hadoop/lib/native -Dhbase.security.logger=INFO,RFAS
2016-11-15 22:20:52,769 INFO  [main] util.ServerCommandLine: env:HBASE_START_FILE=/tmp/hbase--master.autorestart
2016-11-15 22:20:52,773 INFO  [main] util.ServerCommandLine: env:HBASE_SECURITY_LOGGER=INFO,RFAS
2016-11-15 22:20:52,774 INFO  [main] util.ServerCommandLine: env:HBASE_THRIFT_OPTS=
2016-11-15 22:20:52,778 INFO  [main] util.ServerCommandLine: env:HBASE_HOME=/root/hbase
2016-11-15 22:20:52,780 INFO  [main] util.ServerCommandLine: env:SHLVL=3
2016-11-15 22:20:52,783 INFO  [main] util.ServerCommandLine: env:HOME=/root
2016-11-15 22:20:52,787 INFO  [main] util.ServerCommandLine: env:MALLOC_ARENA_MAX=4
2016-11-15 22:20:52,789 INFO  [main] util.ServerCommandLine: vmName=OpenJDK 64-Bit Server VM, vmVendor=Oracle Corporation, vmVersion=25.111-b15
2016-11-15 22:20:52,794 INFO  [main] util.ServerCommandLine: vmInputArguments=[-Dproc_master, -XX:OnOutOfMemoryError=kill -9 %p, -XX:+UseConcMarkSweepGC, -Dhbase.log.dir=/root/hbase/logs, -Dhbase.log.file=hbase--master-hbase-master.log, -Dhbase.home.dir=/root/hbase, -Dhbase.id.str=, -Dhbase.root.logger=INFO,RFA, -Djava.library.path=/root/hadoop/lib/native, -Dhbase.security.logger=INFO,RFAS]
Tue Nov 15 22:43:22 CST 2016 Stopping hbase (via master)
Tue Nov 15 22:47:06 CST 2016 Starting master on hbase-master.hadoop-docker
core file size          (blocks, -c) 0
data seg size           (kbytes, -d) unlimited
scheduling priority             (-e) 0
file size               (blocks, -f) unlimited
pending signals                 (-i) 31757
max locked memory       (kbytes, -l) 64
max memory size         (kbytes, -m) unlimited
open files                      (-n) 1048576
pipe size            (512 bytes, -p) 8
POSIX message queues     (bytes, -q) 819200
real-time priority              (-r) 0
stack size              (kbytes, -s) 8192
cpu time               (seconds, -t) unlimited
max user processes              (-u) 1048576
virtual memory          (kbytes, -v) unlimited
file locks                      (-x) unlimited
2016-11-15 22:47:07,764 INFO  [main] util.VersionInfo: HBase 1.2.2
2016-11-15 22:47:07,768 INFO  [main] util.VersionInfo: Source code repository git://asf-dev/home/busbey/projects/hbase revision=3f671c1ead70d249ea4598f1bbcc5151322b3a13
2016-11-15 22:47:07,769 INFO  [main] util.VersionInfo: Compiled by busbey on Fri Jul  1 08:28:55 CDT 2016
2016-11-15 22:47:07,769 INFO  [main] util.VersionInfo: From source with checksum 7ac43c3d2f62f134b2a6aa1a05ad66ac
2016-11-15 22:47:11,269 INFO  [main] util.ServerCommandLine: env:HBASE_LOGFILE=hbase--master-hbase-master.log
2016-11-15 22:47:11,314 INFO  [main] util.ServerCommandLine: env:PATH=/usr/local/sbin:/usr/local/bin:/usr/sbin:/usr/bin:/sbin:/bin:/usr/lib/jvm/java-openjdk/bin:.:/root/protobuf/bin:/root/hadoop/bin:/root/hadoop/sbin:.:/root/hive/bin:.:/root/spark/bin:/root/spark/sbin:.:.:/root/hbase/bin
2016-11-15 22:47:11,318 INFO  [main] util.ServerCommandLine: env:HADOOP_CONF_DIR=/root/hadoop/etc/hadoop
2016-11-15 22:47:11,330 INFO  [main] util.ServerCommandLine: env:JAVA_HOME=/usr/lib/jvm/java-openjdk
2016-11-15 22:47:11,331 INFO  [main] util.ServerCommandLine: env:TERM=xterm
2016-11-15 22:47:11,334 INFO  [main] util.ServerCommandLine: env:XFILESEARCHPATH=/usr/dt/app-defaults/%L/Dt
2016-11-15 22:47:11,344 INFO  [main] util.ServerCommandLine: env:SPARK_HOME=/root/spark
2016-11-15 22:47:11,347 INFO  [main] util.ServerCommandLine: env:LD_LIBRARY_PATH=:/root/hadoop/lib/native/:/root/protobuf/lib:/root/hadoop/lib/native
2016-11-15 22:47:11,348 INFO  [main] util.ServerCommandLine: env:HBASE_REST_OPTS=
2016-11-15 22:47:11,354 INFO  [main] util.ServerCommandLine: env:PWD=/
2016-11-15 22:47:11,358 INFO  [main] util.ServerCommandLine: env:HBASE_ROOT_LOGGER=INFO,RFA
2016-11-15 22:47:11,360 INFO  [main] util.ServerCommandLine: env:HBASE_ENV_INIT=true
2016-11-15 22:47:11,361 INFO  [main] util.ServerCommandLine: env:HBASE_IDENT_STRING=
2016-11-15 22:47:11,364 INFO  [main] util.ServerCommandLine: env:HBASE_ZNODE_FILE=/tmp/hbase--master.znode
2016-11-15 22:47:11,374 INFO  [main] util.ServerCommandLine: env:HIVE_HOME=/root/hive
2016-11-15 22:47:11,374 INFO  [main] util.ServerCommandLine: env:HBASE_LOG_PREFIX=hbase--master-hbase-master
2016-11-15 22:47:11,381 INFO  [main] util.ServerCommandLine: env:HBASE_LOG_DIR=/root/hbase/logs
2016-11-15 22:47:11,381 INFO  [main] util.ServerCommandLine: env:CLASSPATH=/root/hbase/conf:/usr/lib/jvm/java-openjdk/lib/tools.jar:/root/hbase:/root/hbase/lib/activation-1.1.jar:/root/hbase/lib/antisamy-1.5.3.jar:/root/hbase/lib/aopalliance-1.0.jar:/root/hbase/lib/apacheds-i18n-2.0.0-M15.jar:/root/hbase/lib/apacheds-kerberos-codec-2.0.0-M15.jar:/root/hbase/lib/api-asn1-api-1.0.0-M20.jar:/root/hbase/lib/api-util-1.0.0-M20.jar:/root/hbase/lib/asm-3.1.jar:/root/hbase/lib/avro-1.7.4.jar:/root/hbase/lib/batik-css-1.8.jar:/root/hbase/lib/batik-ext-1.8.jar:/root/hbase/lib/batik-util-1.8.jar:/root/hbase/lib/bsh-core-2.0b4.jar:/root/hbase/lib/commons-beanutils-1.7.0.jar:/root/hbase/lib/commons-beanutils-core-1.8.3.jar:/root/hbase/lib/commons-cli-1.2.jar:/root/hbase/lib/commons-codec-1.9.jar:/root/hbase/lib/commons-collections-3.2.2.jar:/root/hbase/lib/commons-compress-1.4.1.jar:/root/hbase/lib/commons-configuration-1.6.jar:/root/hbase/lib/commons-daemon-1.0.13.jar:/root/hbase/lib/commons-digester-1.8.jar:/root/hbase/lib/commons-el-1.0.jar:/root/hbase/lib/commons-fileupload-1.3.1.jar:/root/hbase/lib/commons-httpclient-3.1.jar:/root/hbase/lib/commons-io-2.4.jar:/root/hbase/lib/commons-lang-2.6.jar:/root/hbase/lib/commons-logging-1.2.jar:/root/hbase/lib/commons-math-2.2.jar:/root/hbase/lib/commons-math3-3.1.1.jar:/root/hbase/lib/commons-net-3.1.jar:/root/hbase/lib/disruptor-3.3.0.jar:/root/hbase/lib/esapi-2.1.0.1.jar:/root/hbase/lib/findbugs-annotations-1.3.9-1.jar:/root/hbase/lib/guava-12.0.1.jar:/root/hbase/lib/guice-3.0.jar:/root/hbase/lib/guice-servlet-3.0.jar:/root/hbase/lib/hadoop-annotations-2.5.1.jar:/root/hbase/lib/hadoop-auth-2.5.1.jar:/root/hbase/lib/hadoop-client-2.5.1.jar:/root/hbase/lib/hadoop-common-2.5.1.jar:/root/hbase/lib/hadoop-hdfs-2.5.1.jar:/root/hbase/lib/hadoop-mapreduce-client-app-2.5.1.jar:/root/hbase/lib/hadoop-mapreduce-client-common-2.5.1.jar:/root/hbase/lib/hadoop-mapreduce-client-core-2.5.1.jar:/root/hbase/lib/hadoop-mapreduce-client-jobclient-2.5.1.jar:/root/hbase/lib/hadoop-mapreduce-client-shuffle-2.5.1.jar:/root/hbase/lib/hadoop-yarn-api-2.5.1.jar:/root/hbase/lib/hadoop-yarn-client-2.5.1.jar:/root/hbase/lib/hadoop-yarn-common-2.5.1.jar:/root/hbase/lib/hadoop-yarn-server-common-2.5.1.jar:/root/hbase/lib/hbase-annotations-1.2.2-tests.jar:/root/hbase/lib/hbase-annotations-1.2.2.jar:/root/hbase/lib/hbase-client-1.2.2.jar:/root/hbase/lib/hbase-common-1.2.2-tests.jar:/root/hbase/lib/hbase-common-1.2.2.jar:/root/hbase/lib/hbase-examples-1.2.2.jar:/root/hbase/lib/hbase-external-blockcache-1.2.2.jar:/root/hbase/lib/hbase-hadoop-compat-1.2.2.jar:/root/hbase/lib/hbase-hadoop2-compat-1.2.2.jar:/root/hbase/lib/hbase-it-1.2.2-tests.jar:/root/hbase/lib/hbase-it-1.2.2.jar:/root/hbase/lib/hbase-prefix-tree-1.2.2.jar:/root/hbase/lib/hbase-procedure-1.2.2.jar:/root/hbase/lib/hbase-protocol-1.2.2.jar:/root/hbase/lib/hbase-resource-bundle-1.2.2.jar:/root/hbase/lib/hbase-rest-1.2.2.jar:/root/hbase/lib/hbase-server-1.2.2-tests.jar:/root/hbase/lib/hbase-server-1.2.2.jar:/root/hbase/lib/hbase-shell-1.2.2.jar:/root/hbase/lib/hbase-thrift-1.2.2.jar:/root/hbase/lib/htrace-core-3.1.0-incubating.jar:/root/hbase/lib/httpclient-4.2.5.jar:/root/hbase/lib/httpcore-4.4.1.jar:/root/hbase/lib/jackson-core-asl-1.9.13.jar:/root/hbase/lib/jackson-jaxrs-1.9.13.jar:/root/hbase/lib/jackson-mapper-asl-1.9.13.jar:/root/hbase/lib/jackson-xc-1.9.13.jar:/root/hbase/lib/jamon-runtime-2.4.1.jar:/root/hbase/lib/jasper-compiler-5.5.23.jar:/root/hbase/lib/jasper-runtime-5.5.23.jar:/root/hbase/lib/java-xmlbuilder-0.4.jar:/root/hbase/lib/javax.inject-1.jar:/root/hbase/lib/jaxb-api-2.2.2.jar:/root/hbase/lib/jaxb-impl-2.2.3-1.jar:/root/hbase/lib/jcodings-1.0.8.jar:/root/hbase/lib/jersey-client-1.9.jar:/root/hbase/lib/jersey-core-1.9.jar:/root/hbase/lib/jersey-guice-1.9.jar:/root/hbase/lib/jersey-json-1.9.jar:/root/hbase/lib/jersey-server-1.9.jar:/root/hbase/lib/jets3t-0.9.0.jar:/root/hbase/lib/jettison-1.3.3.jar:/root/hbase/lib/jetty-6.1.26.jar:/root/hbase/lib/jetty-sslengine-6.1.26.jar:/root/hbase/lib/jetty-util-6.1.26.jar:/root/hbase/lib/joni-2.1.2.jar:/root/hbase/lib/jruby-complete-1.6.8.jar:/root/hbase/lib/jsch-0.1.42.jar:/root/hbase/lib/jsp-2.1-6.1.14.jar:/root/hbase/lib/jsp-api-2.1-6.1.14.jar:/root/hbase/lib/jsr305-1.3.9.jar:/root/hbase/lib/junit-4.12.jar:/root/hbase/lib/leveldbjni-all-1.8.jar:/root/hbase/lib/libthrift-0.9.3.jar:/root/hbase/lib/log4j-1.2.17.jar:/root/hbase/lib/metrics-core-2.2.0.jar:/root/hbase/lib/nekohtml-1.9.16.jar:/root/hbase/lib/netty-all-4.0.23.Final.jar:/root/hbase/lib/paranamer-2.3.jar:/root/hbase/lib/protobuf-java-2.5.0.jar:/root/hbase/lib/servlet-api-2.5-6.1.14.jar:/root/hbase/lib/servlet-api-2.5.jar:/root/hbase/lib/slf4j-api-1.7.7.jar:/root/hbase/lib/slf4j-log4j12-1.7.5.jar:/root/hbase/lib/snappy-java-1.0.4.1.jar:/root/hbase/lib/spymemcached-2.11.6.jar:/root/hbase/lib/xalan-2.7.0.jar:/root/hbase/lib/xml-apis-1.3.03.jar:/root/hbase/lib/xml-apis-ext-1.3.04.jar:/root/hbase/lib/xmlenc-0.52.jar:/root/hbase/lib/xom-1.2.5.jar:/root/hbase/lib/xz-1.0.jar:/root/hbase/lib/zookeeper-3.4.6.jar:/root/hadoop/etc/hadoop:/root/hadoop/share/hadoop/common/lib/*:/root/hadoop/share/hadoop/common/*:/root/hadoop/share/hadoop/hdfs:/root/hadoop/share/hadoop/hdfs/lib/*:/root/hadoop/share/hadoop/hdfs/*:/root/hadoop/share/hadoop/yarn/lib/*:/root/hadoop/share/hadoop/yarn/*:/root/hadoop/share/hadoop/mapreduce/lib/*:/root/hadoop/share/hadoop/mapreduce/*:/root/hadoop/contrib/capacity-scheduler/*.jar
2016-11-15 22:47:11,383 INFO  [main] util.ServerCommandLine: env:HBASE_MANAGES_ZK=false
2016-11-15 22:47:11,389 INFO  [main] util.ServerCommandLine: env:HOSTNAME=hbase-master
2016-11-15 22:47:11,406 INFO  [main] util.ServerCommandLine: env:NLSPATH=/usr/dt/lib/nls/msg/%L/%N.cat
2016-11-15 22:47:11,424 INFO  [main] util.ServerCommandLine: env:HADOOP_HOME=/root/hadoop
2016-11-15 22:47:11,434 INFO  [main] util.ServerCommandLine: env:HBASE_NICENESS=0
2016-11-15 22:47:11,441 INFO  [main] util.ServerCommandLine: env:HBASE_OPTS=-XX:+UseConcMarkSweepGC   -Dhbase.log.dir=/root/hbase/logs -Dhbase.log.file=hbase--master-hbase-master.log -Dhbase.home.dir=/root/hbase -Dhbase.id.str= -Dhbase.root.logger=INFO,RFA -Djava.library.path=/root/hadoop/lib/native -Dhbase.security.logger=INFO,RFAS
2016-11-15 22:47:11,450 INFO  [main] util.ServerCommandLine: env:HBASE_START_FILE=/tmp/hbase--master.autorestart
2016-11-15 22:47:11,469 INFO  [main] util.ServerCommandLine: env:HBASE_SECURITY_LOGGER=INFO,RFAS
2016-11-15 22:47:11,471 INFO  [main] util.ServerCommandLine: env:HBASE_THRIFT_OPTS=
2016-11-15 22:47:11,473 INFO  [main] util.ServerCommandLine: env:HBASE_HOME=/root/hbase
2016-11-15 22:47:11,474 INFO  [main] util.ServerCommandLine: env:SHLVL=3
2016-11-15 22:47:11,480 INFO  [main] util.ServerCommandLine: env:HOME=/root
2016-11-15 22:47:11,484 INFO  [main] util.ServerCommandLine: env:MALLOC_ARENA_MAX=4
2016-11-15 22:47:11,505 INFO  [main] util.ServerCommandLine: vmName=OpenJDK 64-Bit Server VM, vmVendor=Oracle Corporation, vmVersion=25.111-b15
2016-11-15 22:47:11,512 INFO  [main] util.ServerCommandLine: vmInputArguments=[-Dproc_master, -XX:OnOutOfMemoryError=kill -9 %p, -XX:+UseConcMarkSweepGC, -Dhbase.log.dir=/root/hbase/logs, -Dhbase.log.file=hbase--master-hbase-master.log, -Dhbase.home.dir=/root/hbase, -Dhbase.id.str=, -Dhbase.root.logger=INFO,RFA, -Djava.library.path=/root/hadoop/lib/native, -Dhbase.security.logger=INFO,RFAS]
Tue Nov 15 22:48:27 CST 2016 Stopping hbase (via master)
