2016-11-15 22:19:02,376 INFO org.apache.hadoop.hdfs.server.namenode.NameNode: STARTUP_MSG: 
/************************************************************
STARTUP_MSG: Starting NameNode
STARTUP_MSG:   host = hbase-master.hadoop-docker/172.21.0.4
STARTUP_MSG:   args = []
STARTUP_MSG:   version = 2.7.2
STARTUP_MSG:   classpath = /root/hadoop/etc/hadoop:/root/hadoop/share/hadoop/common/lib/gson-2.2.4.jar:/root/hadoop/share/hadoop/common/lib/jackson-jaxrs-1.9.13.jar:/root/hadoop/share/hadoop/common/lib/commons-cli-1.2.jar:/root/hadoop/share/hadoop/common/lib/java-xmlbuilder-0.4.jar:/root/hadoop/share/hadoop/common/lib/commons-beanutils-core-1.8.0.jar:/root/hadoop/share/hadoop/common/lib/commons-configuration-1.6.jar:/root/hadoop/share/hadoop/common/lib/jsr305-3.0.0.jar:/root/hadoop/share/hadoop/common/lib/jsch-0.1.42.jar:/root/hadoop/share/hadoop/common/lib/commons-digester-1.8.jar:/root/hadoop/share/hadoop/common/lib/commons-beanutils-1.7.0.jar:/root/hadoop/share/hadoop/common/lib/jersey-server-1.9.jar:/root/hadoop/share/hadoop/common/lib/jets3t-0.9.0.jar:/root/hadoop/share/hadoop/common/lib/apacheds-kerberos-codec-2.0.0-M15.jar:/root/hadoop/share/hadoop/common/lib/jersey-json-1.9.jar:/root/hadoop/share/hadoop/common/lib/api-util-1.0.0-M20.jar:/root/hadoop/share/hadoop/common/lib/commons-math3-3.1.1.jar:/root/hadoop/share/hadoop/common/lib/curator-framework-2.7.1.jar:/root/hadoop/share/hadoop/common/lib/hadoop-annotations-2.7.2.jar:/root/hadoop/share/hadoop/common/lib/snappy-java-1.0.4.1.jar:/root/hadoop/share/hadoop/common/lib/api-asn1-api-1.0.0-M20.jar:/root/hadoop/share/hadoop/common/lib/commons-io-2.4.jar:/root/hadoop/share/hadoop/common/lib/junit-4.11.jar:/root/hadoop/share/hadoop/common/lib/commons-compress-1.4.1.jar:/root/hadoop/share/hadoop/common/lib/log4j-1.2.17.jar:/root/hadoop/share/hadoop/common/lib/httpclient-4.2.5.jar:/root/hadoop/share/hadoop/common/lib/hadoop-auth-2.7.2.jar:/root/hadoop/share/hadoop/common/lib/slf4j-log4j12-1.7.10.jar:/root/hadoop/share/hadoop/common/lib/commons-lang-2.6.jar:/root/hadoop/share/hadoop/common/lib/commons-net-3.1.jar:/root/hadoop/share/hadoop/common/lib/jettison-1.1.jar:/root/hadoop/share/hadoop/common/lib/servlet-api-2.5.jar:/root/hadoop/share/hadoop/common/lib/zookeeper-3.4.6.jar:/root/hadoop/share/hadoop/common/lib/mockito-all-1.8.5.jar:/root/hadoop/share/hadoop/common/lib/jaxb-impl-2.2.3-1.jar:/root/hadoop/share/hadoop/common/lib/commons-httpclient-3.1.jar:/root/hadoop/share/hadoop/common/lib/stax-api-1.0-2.jar:/root/hadoop/share/hadoop/common/lib/jaxb-api-2.2.2.jar:/root/hadoop/share/hadoop/common/lib/xmlenc-0.52.jar:/root/hadoop/share/hadoop/common/lib/xz-1.0.jar:/root/hadoop/share/hadoop/common/lib/activation-1.1.jar:/root/hadoop/share/hadoop/common/lib/jackson-mapper-asl-1.9.13.jar:/root/hadoop/share/hadoop/common/lib/htrace-core-3.1.0-incubating.jar:/root/hadoop/share/hadoop/common/lib/commons-collections-3.2.2.jar:/root/hadoop/share/hadoop/common/lib/guava-11.0.2.jar:/root/hadoop/share/hadoop/common/lib/jersey-core-1.9.jar:/root/hadoop/share/hadoop/common/lib/jsp-api-2.1.jar:/root/hadoop/share/hadoop/common/lib/asm-3.2.jar:/root/hadoop/share/hadoop/common/lib/curator-client-2.7.1.jar:/root/hadoop/share/hadoop/common/lib/avro-1.7.4.jar:/root/hadoop/share/hadoop/common/lib/hamcrest-core-1.3.jar:/root/hadoop/share/hadoop/common/lib/curator-recipes-2.7.1.jar:/root/hadoop/share/hadoop/common/lib/jackson-core-asl-1.9.13.jar:/root/hadoop/share/hadoop/common/lib/jackson-xc-1.9.13.jar:/root/hadoop/share/hadoop/common/lib/jetty-util-6.1.26.jar:/root/hadoop/share/hadoop/common/lib/commons-codec-1.4.jar:/root/hadoop/share/hadoop/common/lib/netty-3.6.2.Final.jar:/root/hadoop/share/hadoop/common/lib/httpcore-4.2.5.jar:/root/hadoop/share/hadoop/common/lib/paranamer-2.3.jar:/root/hadoop/share/hadoop/common/lib/apacheds-i18n-2.0.0-M15.jar:/root/hadoop/share/hadoop/common/lib/protobuf-java-2.5.0.jar:/root/hadoop/share/hadoop/common/lib/jetty-6.1.26.jar:/root/hadoop/share/hadoop/common/lib/slf4j-api-1.7.10.jar:/root/hadoop/share/hadoop/common/lib/commons-logging-1.1.3.jar:/root/hadoop/share/hadoop/common/hadoop-nfs-2.7.2.jar:/root/hadoop/share/hadoop/common/hadoop-common-2.7.2.jar:/root/hadoop/share/hadoop/common/hadoop-common-2.7.2-tests.jar:/root/hadoop/share/hadoop/hdfs:/root/hadoop/share/hadoop/hdfs/lib/commons-cli-1.2.jar:/root/hadoop/share/hadoop/hdfs/lib/jsr305-3.0.0.jar:/root/hadoop/share/hadoop/hdfs/lib/jersey-server-1.9.jar:/root/hadoop/share/hadoop/hdfs/lib/xercesImpl-2.9.1.jar:/root/hadoop/share/hadoop/hdfs/lib/netty-all-4.0.23.Final.jar:/root/hadoop/share/hadoop/hdfs/lib/commons-daemon-1.0.13.jar:/root/hadoop/share/hadoop/hdfs/lib/commons-io-2.4.jar:/root/hadoop/share/hadoop/hdfs/lib/leveldbjni-all-1.8.jar:/root/hadoop/share/hadoop/hdfs/lib/log4j-1.2.17.jar:/root/hadoop/share/hadoop/hdfs/lib/commons-lang-2.6.jar:/root/hadoop/share/hadoop/hdfs/lib/servlet-api-2.5.jar:/root/hadoop/share/hadoop/hdfs/lib/xmlenc-0.52.jar:/root/hadoop/share/hadoop/hdfs/lib/jackson-mapper-asl-1.9.13.jar:/root/hadoop/share/hadoop/hdfs/lib/htrace-core-3.1.0-incubating.jar:/root/hadoop/share/hadoop/hdfs/lib/xml-apis-1.3.04.jar:/root/hadoop/share/hadoop/hdfs/lib/guava-11.0.2.jar:/root/hadoop/share/hadoop/hdfs/lib/jersey-core-1.9.jar:/root/hadoop/share/hadoop/hdfs/lib/asm-3.2.jar:/root/hadoop/share/hadoop/hdfs/lib/jackson-core-asl-1.9.13.jar:/root/hadoop/share/hadoop/hdfs/lib/jetty-util-6.1.26.jar:/root/hadoop/share/hadoop/hdfs/lib/commons-codec-1.4.jar:/root/hadoop/share/hadoop/hdfs/lib/netty-3.6.2.Final.jar:/root/hadoop/share/hadoop/hdfs/lib/protobuf-java-2.5.0.jar:/root/hadoop/share/hadoop/hdfs/lib/jetty-6.1.26.jar:/root/hadoop/share/hadoop/hdfs/lib/commons-logging-1.1.3.jar:/root/hadoop/share/hadoop/hdfs/hadoop-hdfs-2.7.2.jar:/root/hadoop/share/hadoop/hdfs/hadoop-hdfs-nfs-2.7.2.jar:/root/hadoop/share/hadoop/hdfs/hadoop-hdfs-2.7.2-tests.jar:/root/hadoop/share/hadoop/yarn/lib/jackson-jaxrs-1.9.13.jar:/root/hadoop/share/hadoop/yarn/lib/commons-cli-1.2.jar:/root/hadoop/share/hadoop/yarn/lib/jsr305-3.0.0.jar:/root/hadoop/share/hadoop/yarn/lib/aopalliance-1.0.jar:/root/hadoop/share/hadoop/yarn/lib/jersey-server-1.9.jar:/root/hadoop/share/hadoop/yarn/lib/jersey-guice-1.9.jar:/root/hadoop/share/hadoop/yarn/lib/jersey-json-1.9.jar:/root/hadoop/share/hadoop/yarn/lib/zookeeper-3.4.6-tests.jar:/root/hadoop/share/hadoop/yarn/lib/commons-io-2.4.jar:/root/hadoop/share/hadoop/yarn/lib/commons-compress-1.4.1.jar:/root/hadoop/share/hadoop/yarn/lib/leveldbjni-all-1.8.jar:/root/hadoop/share/hadoop/yarn/lib/log4j-1.2.17.jar:/root/hadoop/share/hadoop/yarn/lib/commons-lang-2.6.jar:/root/hadoop/share/hadoop/yarn/lib/jettison-1.1.jar:/root/hadoop/share/hadoop/yarn/lib/servlet-api-2.5.jar:/root/hadoop/share/hadoop/yarn/lib/guice-servlet-3.0.jar:/root/hadoop/share/hadoop/yarn/lib/javax.inject-1.jar:/root/hadoop/share/hadoop/yarn/lib/zookeeper-3.4.6.jar:/root/hadoop/share/hadoop/yarn/lib/jaxb-impl-2.2.3-1.jar:/root/hadoop/share/hadoop/yarn/lib/stax-api-1.0-2.jar:/root/hadoop/share/hadoop/yarn/lib/jaxb-api-2.2.2.jar:/root/hadoop/share/hadoop/yarn/lib/xz-1.0.jar:/root/hadoop/share/hadoop/yarn/lib/activation-1.1.jar:/root/hadoop/share/hadoop/yarn/lib/jackson-mapper-asl-1.9.13.jar:/root/hadoop/share/hadoop/yarn/lib/commons-collections-3.2.2.jar:/root/hadoop/share/hadoop/yarn/lib/guava-11.0.2.jar:/root/hadoop/share/hadoop/yarn/lib/jersey-core-1.9.jar:/root/hadoop/share/hadoop/yarn/lib/asm-3.2.jar:/root/hadoop/share/hadoop/yarn/lib/guice-3.0.jar:/root/hadoop/share/hadoop/yarn/lib/jackson-core-asl-1.9.13.jar:/root/hadoop/share/hadoop/yarn/lib/jackson-xc-1.9.13.jar:/root/hadoop/share/hadoop/yarn/lib/jetty-util-6.1.26.jar:/root/hadoop/share/hadoop/yarn/lib/commons-codec-1.4.jar:/root/hadoop/share/hadoop/yarn/lib/netty-3.6.2.Final.jar:/root/hadoop/share/hadoop/yarn/lib/protobuf-java-2.5.0.jar:/root/hadoop/share/hadoop/yarn/lib/jetty-6.1.26.jar:/root/hadoop/share/hadoop/yarn/lib/commons-logging-1.1.3.jar:/root/hadoop/share/hadoop/yarn/lib/jersey-client-1.9.jar:/root/hadoop/share/hadoop/yarn/hadoop-yarn-server-applicationhistoryservice-2.7.2.jar:/root/hadoop/share/hadoop/yarn/hadoop-yarn-server-common-2.7.2.jar:/root/hadoop/share/hadoop/yarn/hadoop-yarn-client-2.7.2.jar:/root/hadoop/share/hadoop/yarn/hadoop-yarn-server-tests-2.7.2.jar:/root/hadoop/share/hadoop/yarn/hadoop-yarn-server-web-proxy-2.7.2.jar:/root/hadoop/share/hadoop/yarn/hadoop-yarn-server-sharedcachemanager-2.7.2.jar:/root/hadoop/share/hadoop/yarn/hadoop-yarn-registry-2.7.2.jar:/root/hadoop/share/hadoop/yarn/hadoop-yarn-applications-unmanaged-am-launcher-2.7.2.jar:/root/hadoop/share/hadoop/yarn/hadoop-yarn-server-nodemanager-2.7.2.jar:/root/hadoop/share/hadoop/yarn/hadoop-yarn-applications-distributedshell-2.7.2.jar:/root/hadoop/share/hadoop/yarn/hadoop-yarn-common-2.7.2.jar:/root/hadoop/share/hadoop/yarn/hadoop-yarn-api-2.7.2.jar:/root/hadoop/share/hadoop/yarn/hadoop-yarn-server-resourcemanager-2.7.2.jar:/root/hadoop/share/hadoop/mapreduce/lib/aopalliance-1.0.jar:/root/hadoop/share/hadoop/mapreduce/lib/jersey-server-1.9.jar:/root/hadoop/share/hadoop/mapreduce/lib/jersey-guice-1.9.jar:/root/hadoop/share/hadoop/mapreduce/lib/hadoop-annotations-2.7.2.jar:/root/hadoop/share/hadoop/mapreduce/lib/snappy-java-1.0.4.1.jar:/root/hadoop/share/hadoop/mapreduce/lib/commons-io-2.4.jar:/root/hadoop/share/hadoop/mapreduce/lib/junit-4.11.jar:/root/hadoop/share/hadoop/mapreduce/lib/commons-compress-1.4.1.jar:/root/hadoop/share/hadoop/mapreduce/lib/leveldbjni-all-1.8.jar:/root/hadoop/share/hadoop/mapreduce/lib/log4j-1.2.17.jar:/root/hadoop/share/hadoop/mapreduce/lib/guice-servlet-3.0.jar:/root/hadoop/share/hadoop/mapreduce/lib/javax.inject-1.jar:/root/hadoop/share/hadoop/mapreduce/lib/xz-1.0.jar:/root/hadoop/share/hadoop/mapreduce/lib/jackson-mapper-asl-1.9.13.jar:/root/hadoop/share/hadoop/mapreduce/lib/jersey-core-1.9.jar:/root/hadoop/share/hadoop/mapreduce/lib/asm-3.2.jar:/root/hadoop/share/hadoop/mapreduce/lib/avro-1.7.4.jar:/root/hadoop/share/hadoop/mapreduce/lib/guice-3.0.jar:/root/hadoop/share/hadoop/mapreduce/lib/hamcrest-core-1.3.jar:/root/hadoop/share/hadoop/mapreduce/lib/jackson-core-asl-1.9.13.jar:/root/hadoop/share/hadoop/mapreduce/lib/netty-3.6.2.Final.jar:/root/hadoop/share/hadoop/mapreduce/lib/paranamer-2.3.jar:/root/hadoop/share/hadoop/mapreduce/lib/protobuf-java-2.5.0.jar:/root/hadoop/share/hadoop/mapreduce/hadoop-mapreduce-client-core-2.7.2.jar:/root/hadoop/share/hadoop/mapreduce/hadoop-mapreduce-client-hs-plugins-2.7.2.jar:/root/hadoop/share/hadoop/mapreduce/hadoop-mapreduce-client-common-2.7.2.jar:/root/hadoop/share/hadoop/mapreduce/hadoop-mapreduce-client-jobclient-2.7.2-tests.jar:/root/hadoop/share/hadoop/mapreduce/hadoop-mapreduce-client-app-2.7.2.jar:/root/hadoop/share/hadoop/mapreduce/hadoop-mapreduce-client-jobclient-2.7.2.jar:/root/hadoop/share/hadoop/mapreduce/hadoop-mapreduce-client-shuffle-2.7.2.jar:/root/hadoop/share/hadoop/mapreduce/hadoop-mapreduce-examples-2.7.2.jar:/root/hadoop/share/hadoop/mapreduce/hadoop-mapreduce-client-hs-2.7.2.jar:/root/hadoop/contrib/capacity-scheduler/*.jar:/root/hadoop/contrib/capacity-scheduler/*.jar:/root/hadoop/contrib/capacity-scheduler/*.jar
STARTUP_MSG:   build = Unknown -r Unknown; compiled by 'hadoop' on 2016-08-24T08:00Z
STARTUP_MSG:   java = 1.8.0_111
************************************************************/
2016-11-15 22:19:02,397 INFO org.apache.hadoop.hdfs.server.namenode.NameNode: registered UNIX signal handlers for [TERM, HUP, INT]
2016-11-15 22:19:02,405 INFO org.apache.hadoop.hdfs.server.namenode.NameNode: createNameNode []
2016-11-15 22:19:02,908 INFO org.apache.hadoop.metrics2.impl.MetricsConfig: loaded properties from hadoop-metrics2.properties
2016-11-15 22:19:03,075 INFO org.apache.hadoop.metrics2.impl.MetricsSystemImpl: Scheduled snapshot period at 10 second(s).
2016-11-15 22:19:03,076 INFO org.apache.hadoop.metrics2.impl.MetricsSystemImpl: NameNode metrics system started
2016-11-15 22:19:03,078 INFO org.apache.hadoop.hdfs.server.namenode.NameNode: fs.defaultFS is hdfs://hbase-master.hadoop-docker:54310
2016-11-15 22:19:03,081 INFO org.apache.hadoop.hdfs.server.namenode.NameNode: Clients are to use hbase-master.hadoop-docker:54310 to access this namenode/service.
2016-11-15 22:19:03,417 INFO org.apache.hadoop.hdfs.DFSUtil: Starting Web-server for hdfs at: http://0.0.0.0:50070
2016-11-15 22:19:03,506 INFO org.mortbay.log: Logging to org.slf4j.impl.Log4jLoggerAdapter(org.mortbay.log) via org.mortbay.log.Slf4jLog
2016-11-15 22:19:03,514 INFO org.apache.hadoop.security.authentication.server.AuthenticationFilter: Unable to initialize FileSignerSecretProvider, falling back to use random secrets.
2016-11-15 22:19:03,520 INFO org.apache.hadoop.http.HttpRequestLog: Http request log for http.requests.namenode is not defined
2016-11-15 22:19:03,528 INFO org.apache.hadoop.http.HttpServer2: Added global filter 'safety' (class=org.apache.hadoop.http.HttpServer2$QuotingInputFilter)
2016-11-15 22:19:03,536 INFO org.apache.hadoop.http.HttpServer2: Added filter static_user_filter (class=org.apache.hadoop.http.lib.StaticUserWebFilter$StaticUserFilter) to context hdfs
2016-11-15 22:19:03,544 INFO org.apache.hadoop.http.HttpServer2: Added filter static_user_filter (class=org.apache.hadoop.http.lib.StaticUserWebFilter$StaticUserFilter) to context static
2016-11-15 22:19:03,547 INFO org.apache.hadoop.http.HttpServer2: Added filter static_user_filter (class=org.apache.hadoop.http.lib.StaticUserWebFilter$StaticUserFilter) to context logs
2016-11-15 22:19:03,591 INFO org.apache.hadoop.http.HttpServer2: Added filter 'org.apache.hadoop.hdfs.web.AuthFilter' (class=org.apache.hadoop.hdfs.web.AuthFilter)
2016-11-15 22:19:03,602 INFO org.apache.hadoop.http.HttpServer2: addJerseyResourcePackage: packageName=org.apache.hadoop.hdfs.server.namenode.web.resources;org.apache.hadoop.hdfs.web.resources, pathSpec=/webhdfs/v1/*
2016-11-15 22:19:03,632 INFO org.apache.hadoop.http.HttpServer2: Jetty bound to port 50070
2016-11-15 22:19:03,633 INFO org.mortbay.log: jetty-6.1.26
2016-11-15 22:19:03,855 INFO org.mortbay.log: Started HttpServer2$SelectChannelConnectorWithSafeStartup@0.0.0.0:50070
2016-11-15 22:19:03,907 WARN org.apache.hadoop.hdfs.server.namenode.FSNamesystem: Only one image storage directory (dfs.namenode.name.dir) configured. Beware of data loss due to lack of redundant storage directories!
2016-11-15 22:19:03,911 WARN org.apache.hadoop.hdfs.server.namenode.FSNamesystem: Only one namespace edits storage directory (dfs.namenode.edits.dir) configured. Beware of data loss due to lack of redundant storage directories!
2016-11-15 22:19:03,954 INFO org.apache.hadoop.hdfs.server.namenode.FSNamesystem: No KeyProvider found.
2016-11-15 22:19:03,954 INFO org.apache.hadoop.hdfs.server.namenode.FSNamesystem: fsLock is fair:true
2016-11-15 22:19:04,021 INFO org.apache.hadoop.hdfs.server.blockmanagement.DatanodeManager: dfs.block.invalidate.limit=1000
2016-11-15 22:19:04,021 INFO org.apache.hadoop.hdfs.server.blockmanagement.DatanodeManager: dfs.namenode.datanode.registration.ip-hostname-check=true
2016-11-15 22:19:04,023 INFO org.apache.hadoop.hdfs.server.blockmanagement.BlockManager: dfs.namenode.startup.delay.block.deletion.sec is set to 000:00:00:00.000
2016-11-15 22:19:04,026 INFO org.apache.hadoop.hdfs.server.blockmanagement.BlockManager: The block deletion will start around 2016 Nov 15 22:19:04
2016-11-15 22:19:04,030 INFO org.apache.hadoop.util.GSet: Computing capacity for map BlocksMap
2016-11-15 22:19:04,030 INFO org.apache.hadoop.util.GSet: VM type       = 64-bit
2016-11-15 22:19:04,033 INFO org.apache.hadoop.util.GSet: 2.0% max memory 966.7 MB = 19.3 MB
2016-11-15 22:19:04,034 INFO org.apache.hadoop.util.GSet: capacity      = 2^21 = 2097152 entries
2016-11-15 22:19:04,043 INFO org.apache.hadoop.hdfs.server.blockmanagement.BlockManager: dfs.block.access.token.enable=false
2016-11-15 22:19:04,044 INFO org.apache.hadoop.hdfs.server.blockmanagement.BlockManager: defaultReplication         = 2
2016-11-15 22:19:04,044 INFO org.apache.hadoop.hdfs.server.blockmanagement.BlockManager: maxReplication             = 512
2016-11-15 22:19:04,045 INFO org.apache.hadoop.hdfs.server.blockmanagement.BlockManager: minReplication             = 1
2016-11-15 22:19:04,045 INFO org.apache.hadoop.hdfs.server.blockmanagement.BlockManager: maxReplicationStreams      = 2
2016-11-15 22:19:04,045 INFO org.apache.hadoop.hdfs.server.blockmanagement.BlockManager: replicationRecheckInterval = 3000
2016-11-15 22:19:04,046 INFO org.apache.hadoop.hdfs.server.blockmanagement.BlockManager: encryptDataTransfer        = false
2016-11-15 22:19:04,047 INFO org.apache.hadoop.hdfs.server.blockmanagement.BlockManager: maxNumBlocksToLog          = 1000
2016-11-15 22:19:04,053 INFO org.apache.hadoop.hdfs.server.namenode.FSNamesystem: fsOwner             = root (auth:SIMPLE)
2016-11-15 22:19:04,054 INFO org.apache.hadoop.hdfs.server.namenode.FSNamesystem: supergroup          = supergroup
2016-11-15 22:19:04,054 INFO org.apache.hadoop.hdfs.server.namenode.FSNamesystem: isPermissionEnabled = true
2016-11-15 22:19:04,054 INFO org.apache.hadoop.hdfs.server.namenode.FSNamesystem: HA Enabled: false
2016-11-15 22:19:04,056 INFO org.apache.hadoop.hdfs.server.namenode.FSNamesystem: Append Enabled: true
2016-11-15 22:19:04,144 INFO org.apache.hadoop.util.GSet: Computing capacity for map INodeMap
2016-11-15 22:19:04,146 INFO org.apache.hadoop.util.GSet: VM type       = 64-bit
2016-11-15 22:19:04,147 INFO org.apache.hadoop.util.GSet: 1.0% max memory 966.7 MB = 9.7 MB
2016-11-15 22:19:04,147 INFO org.apache.hadoop.util.GSet: capacity      = 2^20 = 1048576 entries
2016-11-15 22:19:04,148 INFO org.apache.hadoop.hdfs.server.namenode.FSDirectory: ACLs enabled? false
2016-11-15 22:19:04,148 INFO org.apache.hadoop.hdfs.server.namenode.FSDirectory: XAttrs enabled? true
2016-11-15 22:19:04,149 INFO org.apache.hadoop.hdfs.server.namenode.FSDirectory: Maximum size of an xattr: 16384
2016-11-15 22:19:04,149 INFO org.apache.hadoop.hdfs.server.namenode.NameNode: Caching file names occuring more than 10 times
2016-11-15 22:19:04,161 INFO org.apache.hadoop.util.GSet: Computing capacity for map cachedBlocks
2016-11-15 22:19:04,163 INFO org.apache.hadoop.util.GSet: VM type       = 64-bit
2016-11-15 22:19:04,164 INFO org.apache.hadoop.util.GSet: 0.25% max memory 966.7 MB = 2.4 MB
2016-11-15 22:19:04,164 INFO org.apache.hadoop.util.GSet: capacity      = 2^18 = 262144 entries
2016-11-15 22:19:04,168 INFO org.apache.hadoop.hdfs.server.namenode.FSNamesystem: dfs.namenode.safemode.threshold-pct = 0.9990000128746033
2016-11-15 22:19:04,169 INFO org.apache.hadoop.hdfs.server.namenode.FSNamesystem: dfs.namenode.safemode.min.datanodes = 0
2016-11-15 22:19:04,171 INFO org.apache.hadoop.hdfs.server.namenode.FSNamesystem: dfs.namenode.safemode.extension     = 30000
2016-11-15 22:19:04,174 INFO org.apache.hadoop.hdfs.server.namenode.top.metrics.TopMetrics: NNTop conf: dfs.namenode.top.window.num.buckets = 10
2016-11-15 22:19:04,174 INFO org.apache.hadoop.hdfs.server.namenode.top.metrics.TopMetrics: NNTop conf: dfs.namenode.top.num.users = 10
2016-11-15 22:19:04,175 INFO org.apache.hadoop.hdfs.server.namenode.top.metrics.TopMetrics: NNTop conf: dfs.namenode.top.windows.minutes = 1,5,25
2016-11-15 22:19:04,177 INFO org.apache.hadoop.hdfs.server.namenode.FSNamesystem: Retry cache on namenode is enabled
2016-11-15 22:19:04,177 INFO org.apache.hadoop.hdfs.server.namenode.FSNamesystem: Retry cache will use 0.03 of total heap and retry cache entry expiry time is 600000 millis
2016-11-15 22:19:04,181 INFO org.apache.hadoop.util.GSet: Computing capacity for map NameNodeRetryCache
2016-11-15 22:19:04,181 INFO org.apache.hadoop.util.GSet: VM type       = 64-bit
2016-11-15 22:19:04,181 INFO org.apache.hadoop.util.GSet: 0.029999999329447746% max memory 966.7 MB = 297.0 KB
2016-11-15 22:19:04,182 INFO org.apache.hadoop.util.GSet: capacity      = 2^15 = 32768 entries
2016-11-15 22:19:04,195 INFO org.apache.hadoop.hdfs.server.common.Storage: Lock on /works/dfs/name/in_use.lock acquired by nodename 185@hbase-master.hadoop-docker
2016-11-15 22:19:04,363 INFO org.apache.hadoop.hdfs.server.namenode.FileJournalManager: Recovering unfinalized segments in /works/dfs/name/current
2016-11-15 22:19:04,366 INFO org.apache.hadoop.hdfs.server.namenode.FSImage: No edit log streams selected.
2016-11-15 22:19:04,411 INFO org.apache.hadoop.hdfs.server.namenode.FSImageFormatPBINode: Loading 1 INodes.
2016-11-15 22:19:04,443 INFO org.apache.hadoop.hdfs.server.namenode.FSImageFormatProtobuf: Loaded FSImage in 0 seconds.
2016-11-15 22:19:04,444 INFO org.apache.hadoop.hdfs.server.namenode.FSImage: Loaded image for txid 0 from /works/dfs/name/current/fsimage_0000000000000000000
2016-11-15 22:19:04,456 INFO org.apache.hadoop.hdfs.server.namenode.FSNamesystem: Need to save fs image? false (staleImage=false, haEnabled=false, isRollingUpgrade=false)
2016-11-15 22:19:04,457 INFO org.apache.hadoop.hdfs.server.namenode.FSEditLog: Starting log segment at 1
2016-11-15 22:19:04,575 INFO org.apache.hadoop.hdfs.server.namenode.NameCache: initialized with 0 entries 0 lookups
2016-11-15 22:19:04,575 INFO org.apache.hadoop.hdfs.server.namenode.FSNamesystem: Finished loading FSImage in 390 msecs
2016-11-15 22:19:04,835 INFO org.apache.hadoop.hdfs.server.namenode.NameNode: RPC server is binding to hbase-master.hadoop-docker:54310
2016-11-15 22:19:04,841 INFO org.apache.hadoop.ipc.CallQueueManager: Using callQueue class java.util.concurrent.LinkedBlockingQueue
2016-11-15 22:19:04,850 INFO org.apache.hadoop.ipc.Server: Starting Socket Reader #1 for port 54310
2016-11-15 22:19:04,891 INFO org.apache.hadoop.hdfs.server.namenode.FSNamesystem: Registered FSNamesystemState MBean
2016-11-15 22:19:04,909 INFO org.apache.hadoop.hdfs.server.namenode.LeaseManager: Number of blocks under construction: 0
2016-11-15 22:19:04,909 INFO org.apache.hadoop.hdfs.server.namenode.LeaseManager: Number of blocks under construction: 0
2016-11-15 22:19:04,909 INFO org.apache.hadoop.hdfs.server.namenode.FSNamesystem: initializing replication queues
2016-11-15 22:19:04,909 INFO org.apache.hadoop.hdfs.StateChange: STATE* Leaving safe mode after 0 secs
2016-11-15 22:19:04,910 INFO org.apache.hadoop.hdfs.StateChange: STATE* Network topology has 0 racks and 0 datanodes
2016-11-15 22:19:04,913 INFO org.apache.hadoop.hdfs.StateChange: STATE* UnderReplicatedBlocks has 0 blocks
2016-11-15 22:19:04,926 INFO org.apache.hadoop.hdfs.server.blockmanagement.DatanodeDescriptor: Number of failed storage changes from 0 to 0
2016-11-15 22:19:04,933 INFO org.apache.hadoop.hdfs.server.blockmanagement.BlockManager: Total number of blocks            = 0
2016-11-15 22:19:04,937 INFO org.apache.hadoop.hdfs.server.blockmanagement.BlockManager: Number of invalid blocks          = 0
2016-11-15 22:19:04,938 INFO org.apache.hadoop.hdfs.server.blockmanagement.BlockManager: Number of under-replicated blocks = 0
2016-11-15 22:19:04,944 INFO org.apache.hadoop.hdfs.server.blockmanagement.BlockManager: Number of  over-replicated blocks = 0
2016-11-15 22:19:04,947 INFO org.apache.hadoop.hdfs.server.blockmanagement.BlockManager: Number of blocks being written    = 0
2016-11-15 22:19:04,948 INFO org.apache.hadoop.hdfs.StateChange: STATE* Replication Queue initialization scan for invalid, over- and under-replicated blocks completed in 39 msec
2016-11-15 22:19:04,967 INFO org.apache.hadoop.ipc.Server: IPC Server Responder: starting
2016-11-15 22:19:04,968 INFO org.apache.hadoop.ipc.Server: IPC Server listener on 54310: starting
2016-11-15 22:19:04,972 INFO org.apache.hadoop.hdfs.server.namenode.NameNode: NameNode RPC up at: hbase-master.hadoop-docker/172.21.0.4:54310
2016-11-15 22:19:04,973 INFO org.apache.hadoop.hdfs.server.namenode.FSNamesystem: Starting services required for active state
2016-11-15 22:19:04,977 INFO org.apache.hadoop.hdfs.server.blockmanagement.CacheReplicationMonitor: Starting CacheReplicationMonitor with interval 30000 milliseconds
2016-11-15 22:19:20,114 INFO org.apache.hadoop.hdfs.StateChange: BLOCK* registerDatanode: from DatanodeRegistration(172.21.0.3:50010, datanodeUuid=06951987-d414-492e-8f3d-7bb4b6571887, infoPort=50075, infoSecurePort=0, ipcPort=50020, storageInfo=lv=-56;cid=CID-66c877a1-a02a-4066-a151-830cec60a468;nsid=871721569;c=0) storage 06951987-d414-492e-8f3d-7bb4b6571887
2016-11-15 22:19:20,114 INFO org.apache.hadoop.hdfs.server.blockmanagement.DatanodeDescriptor: Number of failed storage changes from 0 to 0
2016-11-15 22:19:20,125 INFO org.apache.hadoop.net.NetworkTopology: Adding a new node: /default-rack/172.21.0.3:50010
2016-11-15 22:19:20,148 INFO org.apache.hadoop.hdfs.StateChange: BLOCK* registerDatanode: from DatanodeRegistration(172.21.0.7:50010, datanodeUuid=eeccfc67-ed3f-470f-94ac-0ab2c482de30, infoPort=50075, infoSecurePort=0, ipcPort=50020, storageInfo=lv=-56;cid=CID-66c877a1-a02a-4066-a151-830cec60a468;nsid=871721569;c=0) storage eeccfc67-ed3f-470f-94ac-0ab2c482de30
2016-11-15 22:19:20,165 INFO org.apache.hadoop.hdfs.server.blockmanagement.DatanodeDescriptor: Number of failed storage changes from 0 to 0
2016-11-15 22:19:20,166 INFO org.apache.hadoop.net.NetworkTopology: Adding a new node: /default-rack/172.21.0.7:50010
2016-11-15 22:19:20,442 INFO org.apache.hadoop.hdfs.StateChange: BLOCK* registerDatanode: from DatanodeRegistration(172.21.0.2:50010, datanodeUuid=c5b90ae4-e733-4bd3-82a8-14b8fffbe683, infoPort=50075, infoSecurePort=0, ipcPort=50020, storageInfo=lv=-56;cid=CID-66c877a1-a02a-4066-a151-830cec60a468;nsid=871721569;c=0) storage c5b90ae4-e733-4bd3-82a8-14b8fffbe683
2016-11-15 22:19:20,454 INFO org.apache.hadoop.hdfs.server.blockmanagement.DatanodeDescriptor: Number of failed storage changes from 0 to 0
2016-11-15 22:19:20,464 INFO org.apache.hadoop.net.NetworkTopology: Adding a new node: /default-rack/172.21.0.2:50010
2016-11-15 22:19:20,675 INFO org.apache.hadoop.hdfs.server.blockmanagement.DatanodeDescriptor: Number of failed storage changes from 0 to 0
2016-11-15 22:19:20,676 INFO org.apache.hadoop.hdfs.server.blockmanagement.DatanodeDescriptor: Adding new storage ID DS-b083dd6a-e8cf-40c7-bd78-b23e3bb3e6d2 for DN 172.21.0.7:50010
2016-11-15 22:19:20,695 INFO org.apache.hadoop.hdfs.server.blockmanagement.DatanodeDescriptor: Number of failed storage changes from 0 to 0
2016-11-15 22:19:20,704 INFO org.apache.hadoop.hdfs.server.blockmanagement.DatanodeDescriptor: Adding new storage ID DS-12388bc3-5e14-4f74-ac2b-0c38ec769501 for DN 172.21.0.3:50010
2016-11-15 22:19:20,766 INFO org.apache.hadoop.hdfs.server.blockmanagement.DatanodeDescriptor: Number of failed storage changes from 0 to 0
2016-11-15 22:19:20,767 INFO org.apache.hadoop.hdfs.server.blockmanagement.DatanodeDescriptor: Adding new storage ID DS-6ef0b9b6-df2b-4877-bb84-9f4bdf94c246 for DN 172.21.0.2:50010
2016-11-15 22:19:20,866 INFO BlockStateChange: BLOCK* processReport: from storage DS-12388bc3-5e14-4f74-ac2b-0c38ec769501 node DatanodeRegistration(172.21.0.3:50010, datanodeUuid=06951987-d414-492e-8f3d-7bb4b6571887, infoPort=50075, infoSecurePort=0, ipcPort=50020, storageInfo=lv=-56;cid=CID-66c877a1-a02a-4066-a151-830cec60a468;nsid=871721569;c=0), blocks: 0, hasStaleStorage: false, processing time: 0 msecs
2016-11-15 22:19:20,866 INFO BlockStateChange: BLOCK* processReport: from storage DS-6ef0b9b6-df2b-4877-bb84-9f4bdf94c246 node DatanodeRegistration(172.21.0.2:50010, datanodeUuid=c5b90ae4-e733-4bd3-82a8-14b8fffbe683, infoPort=50075, infoSecurePort=0, ipcPort=50020, storageInfo=lv=-56;cid=CID-66c877a1-a02a-4066-a151-830cec60a468;nsid=871721569;c=0), blocks: 0, hasStaleStorage: false, processing time: 1 msecs
2016-11-15 22:19:20,890 INFO BlockStateChange: BLOCK* processReport: from storage DS-b083dd6a-e8cf-40c7-bd78-b23e3bb3e6d2 node DatanodeRegistration(172.21.0.7:50010, datanodeUuid=eeccfc67-ed3f-470f-94ac-0ab2c482de30, infoPort=50075, infoSecurePort=0, ipcPort=50020, storageInfo=lv=-56;cid=CID-66c877a1-a02a-4066-a151-830cec60a468;nsid=871721569;c=0), blocks: 0, hasStaleStorage: false, processing time: 16 msecs
2016-11-15 22:20:24,069 INFO org.apache.hadoop.hdfs.server.namenode.FSNamesystem: Roll Edit Log from 172.21.0.4
2016-11-15 22:20:24,069 INFO org.apache.hadoop.hdfs.server.namenode.FSEditLog: Rolling edit logs
2016-11-15 22:20:24,070 INFO org.apache.hadoop.hdfs.server.namenode.FSEditLog: Ending log segment 1
2016-11-15 22:20:24,070 INFO org.apache.hadoop.hdfs.server.namenode.FSEditLog: Number of transactions: 2 Total time for transactions(ms): 1 Number of transactions batched in Syncs: 0 Number of syncs: 2 SyncTimes(ms): 6 
2016-11-15 22:20:24,072 INFO org.apache.hadoop.hdfs.server.namenode.FSEditLog: Number of transactions: 2 Total time for transactions(ms): 1 Number of transactions batched in Syncs: 0 Number of syncs: 3 SyncTimes(ms): 7 
2016-11-15 22:20:24,074 INFO org.apache.hadoop.hdfs.server.namenode.FileJournalManager: Finalizing edits file /works/dfs/name/current/edits_inprogress_0000000000000000001 -> /works/dfs/name/current/edits_0000000000000000001-0000000000000000002
2016-11-15 22:20:24,078 INFO org.apache.hadoop.hdfs.server.namenode.FSEditLog: Starting log segment at 3
2016-11-15 22:20:25,457 INFO org.apache.hadoop.hdfs.server.namenode.TransferFsImage: Transfer took 0.00s at 0.00 KB/s
2016-11-15 22:20:25,460 INFO org.apache.hadoop.hdfs.server.namenode.TransferFsImage: Downloaded file fsimage.ckpt_0000000000000000002 size 351 bytes.
2016-11-15 22:20:25,482 INFO org.apache.hadoop.hdfs.server.namenode.NNStorageRetentionManager: Going to retain 2 images with txid >= 0
2016-11-15 22:43:48,579 ERROR org.apache.hadoop.hdfs.server.namenode.NameNode: RECEIVED SIGNAL 15: SIGTERM
2016-11-15 22:43:48,582 INFO org.apache.hadoop.hdfs.server.namenode.NameNode: SHUTDOWN_MSG: 
/************************************************************
SHUTDOWN_MSG: Shutting down NameNode at hbase-master.hadoop-docker/172.21.0.4
************************************************************/
2016-11-15 22:46:39,545 INFO org.apache.hadoop.hdfs.server.namenode.NameNode: STARTUP_MSG: 
/************************************************************
STARTUP_MSG: Starting NameNode
STARTUP_MSG:   host = hbase-master.hadoop-docker/172.21.0.8
STARTUP_MSG:   args = []
STARTUP_MSG:   version = 2.7.2
STARTUP_MSG:   classpath = /root/hadoop/etc/hadoop:/root/hadoop/share/hadoop/common/lib/gson-2.2.4.jar:/root/hadoop/share/hadoop/common/lib/jackson-jaxrs-1.9.13.jar:/root/hadoop/share/hadoop/common/lib/commons-cli-1.2.jar:/root/hadoop/share/hadoop/common/lib/java-xmlbuilder-0.4.jar:/root/hadoop/share/hadoop/common/lib/commons-beanutils-core-1.8.0.jar:/root/hadoop/share/hadoop/common/lib/commons-configuration-1.6.jar:/root/hadoop/share/hadoop/common/lib/jsr305-3.0.0.jar:/root/hadoop/share/hadoop/common/lib/jsch-0.1.42.jar:/root/hadoop/share/hadoop/common/lib/commons-digester-1.8.jar:/root/hadoop/share/hadoop/common/lib/commons-beanutils-1.7.0.jar:/root/hadoop/share/hadoop/common/lib/jersey-server-1.9.jar:/root/hadoop/share/hadoop/common/lib/jets3t-0.9.0.jar:/root/hadoop/share/hadoop/common/lib/apacheds-kerberos-codec-2.0.0-M15.jar:/root/hadoop/share/hadoop/common/lib/jersey-json-1.9.jar:/root/hadoop/share/hadoop/common/lib/api-util-1.0.0-M20.jar:/root/hadoop/share/hadoop/common/lib/commons-math3-3.1.1.jar:/root/hadoop/share/hadoop/common/lib/curator-framework-2.7.1.jar:/root/hadoop/share/hadoop/common/lib/hadoop-annotations-2.7.2.jar:/root/hadoop/share/hadoop/common/lib/snappy-java-1.0.4.1.jar:/root/hadoop/share/hadoop/common/lib/api-asn1-api-1.0.0-M20.jar:/root/hadoop/share/hadoop/common/lib/commons-io-2.4.jar:/root/hadoop/share/hadoop/common/lib/junit-4.11.jar:/root/hadoop/share/hadoop/common/lib/commons-compress-1.4.1.jar:/root/hadoop/share/hadoop/common/lib/log4j-1.2.17.jar:/root/hadoop/share/hadoop/common/lib/httpclient-4.2.5.jar:/root/hadoop/share/hadoop/common/lib/hadoop-auth-2.7.2.jar:/root/hadoop/share/hadoop/common/lib/slf4j-log4j12-1.7.10.jar:/root/hadoop/share/hadoop/common/lib/commons-lang-2.6.jar:/root/hadoop/share/hadoop/common/lib/commons-net-3.1.jar:/root/hadoop/share/hadoop/common/lib/jettison-1.1.jar:/root/hadoop/share/hadoop/common/lib/servlet-api-2.5.jar:/root/hadoop/share/hadoop/common/lib/zookeeper-3.4.6.jar:/root/hadoop/share/hadoop/common/lib/mockito-all-1.8.5.jar:/root/hadoop/share/hadoop/common/lib/jaxb-impl-2.2.3-1.jar:/root/hadoop/share/hadoop/common/lib/commons-httpclient-3.1.jar:/root/hadoop/share/hadoop/common/lib/stax-api-1.0-2.jar:/root/hadoop/share/hadoop/common/lib/jaxb-api-2.2.2.jar:/root/hadoop/share/hadoop/common/lib/xmlenc-0.52.jar:/root/hadoop/share/hadoop/common/lib/xz-1.0.jar:/root/hadoop/share/hadoop/common/lib/activation-1.1.jar:/root/hadoop/share/hadoop/common/lib/jackson-mapper-asl-1.9.13.jar:/root/hadoop/share/hadoop/common/lib/htrace-core-3.1.0-incubating.jar:/root/hadoop/share/hadoop/common/lib/commons-collections-3.2.2.jar:/root/hadoop/share/hadoop/common/lib/guava-11.0.2.jar:/root/hadoop/share/hadoop/common/lib/jersey-core-1.9.jar:/root/hadoop/share/hadoop/common/lib/jsp-api-2.1.jar:/root/hadoop/share/hadoop/common/lib/asm-3.2.jar:/root/hadoop/share/hadoop/common/lib/curator-client-2.7.1.jar:/root/hadoop/share/hadoop/common/lib/avro-1.7.4.jar:/root/hadoop/share/hadoop/common/lib/hamcrest-core-1.3.jar:/root/hadoop/share/hadoop/common/lib/curator-recipes-2.7.1.jar:/root/hadoop/share/hadoop/common/lib/jackson-core-asl-1.9.13.jar:/root/hadoop/share/hadoop/common/lib/jackson-xc-1.9.13.jar:/root/hadoop/share/hadoop/common/lib/jetty-util-6.1.26.jar:/root/hadoop/share/hadoop/common/lib/commons-codec-1.4.jar:/root/hadoop/share/hadoop/common/lib/netty-3.6.2.Final.jar:/root/hadoop/share/hadoop/common/lib/httpcore-4.2.5.jar:/root/hadoop/share/hadoop/common/lib/paranamer-2.3.jar:/root/hadoop/share/hadoop/common/lib/apacheds-i18n-2.0.0-M15.jar:/root/hadoop/share/hadoop/common/lib/protobuf-java-2.5.0.jar:/root/hadoop/share/hadoop/common/lib/jetty-6.1.26.jar:/root/hadoop/share/hadoop/common/lib/slf4j-api-1.7.10.jar:/root/hadoop/share/hadoop/common/lib/commons-logging-1.1.3.jar:/root/hadoop/share/hadoop/common/hadoop-nfs-2.7.2.jar:/root/hadoop/share/hadoop/common/hadoop-common-2.7.2.jar:/root/hadoop/share/hadoop/common/hadoop-common-2.7.2-tests.jar:/root/hadoop/share/hadoop/hdfs:/root/hadoop/share/hadoop/hdfs/lib/commons-cli-1.2.jar:/root/hadoop/share/hadoop/hdfs/lib/jsr305-3.0.0.jar:/root/hadoop/share/hadoop/hdfs/lib/jersey-server-1.9.jar:/root/hadoop/share/hadoop/hdfs/lib/xercesImpl-2.9.1.jar:/root/hadoop/share/hadoop/hdfs/lib/netty-all-4.0.23.Final.jar:/root/hadoop/share/hadoop/hdfs/lib/commons-daemon-1.0.13.jar:/root/hadoop/share/hadoop/hdfs/lib/commons-io-2.4.jar:/root/hadoop/share/hadoop/hdfs/lib/leveldbjni-all-1.8.jar:/root/hadoop/share/hadoop/hdfs/lib/log4j-1.2.17.jar:/root/hadoop/share/hadoop/hdfs/lib/commons-lang-2.6.jar:/root/hadoop/share/hadoop/hdfs/lib/servlet-api-2.5.jar:/root/hadoop/share/hadoop/hdfs/lib/xmlenc-0.52.jar:/root/hadoop/share/hadoop/hdfs/lib/jackson-mapper-asl-1.9.13.jar:/root/hadoop/share/hadoop/hdfs/lib/htrace-core-3.1.0-incubating.jar:/root/hadoop/share/hadoop/hdfs/lib/xml-apis-1.3.04.jar:/root/hadoop/share/hadoop/hdfs/lib/guava-11.0.2.jar:/root/hadoop/share/hadoop/hdfs/lib/jersey-core-1.9.jar:/root/hadoop/share/hadoop/hdfs/lib/asm-3.2.jar:/root/hadoop/share/hadoop/hdfs/lib/jackson-core-asl-1.9.13.jar:/root/hadoop/share/hadoop/hdfs/lib/jetty-util-6.1.26.jar:/root/hadoop/share/hadoop/hdfs/lib/commons-codec-1.4.jar:/root/hadoop/share/hadoop/hdfs/lib/netty-3.6.2.Final.jar:/root/hadoop/share/hadoop/hdfs/lib/protobuf-java-2.5.0.jar:/root/hadoop/share/hadoop/hdfs/lib/jetty-6.1.26.jar:/root/hadoop/share/hadoop/hdfs/lib/commons-logging-1.1.3.jar:/root/hadoop/share/hadoop/hdfs/hadoop-hdfs-2.7.2.jar:/root/hadoop/share/hadoop/hdfs/hadoop-hdfs-nfs-2.7.2.jar:/root/hadoop/share/hadoop/hdfs/hadoop-hdfs-2.7.2-tests.jar:/root/hadoop/share/hadoop/yarn/lib/jackson-jaxrs-1.9.13.jar:/root/hadoop/share/hadoop/yarn/lib/commons-cli-1.2.jar:/root/hadoop/share/hadoop/yarn/lib/jsr305-3.0.0.jar:/root/hadoop/share/hadoop/yarn/lib/aopalliance-1.0.jar:/root/hadoop/share/hadoop/yarn/lib/jersey-server-1.9.jar:/root/hadoop/share/hadoop/yarn/lib/jersey-guice-1.9.jar:/root/hadoop/share/hadoop/yarn/lib/jersey-json-1.9.jar:/root/hadoop/share/hadoop/yarn/lib/zookeeper-3.4.6-tests.jar:/root/hadoop/share/hadoop/yarn/lib/commons-io-2.4.jar:/root/hadoop/share/hadoop/yarn/lib/commons-compress-1.4.1.jar:/root/hadoop/share/hadoop/yarn/lib/leveldbjni-all-1.8.jar:/root/hadoop/share/hadoop/yarn/lib/log4j-1.2.17.jar:/root/hadoop/share/hadoop/yarn/lib/commons-lang-2.6.jar:/root/hadoop/share/hadoop/yarn/lib/jettison-1.1.jar:/root/hadoop/share/hadoop/yarn/lib/servlet-api-2.5.jar:/root/hadoop/share/hadoop/yarn/lib/guice-servlet-3.0.jar:/root/hadoop/share/hadoop/yarn/lib/javax.inject-1.jar:/root/hadoop/share/hadoop/yarn/lib/zookeeper-3.4.6.jar:/root/hadoop/share/hadoop/yarn/lib/jaxb-impl-2.2.3-1.jar:/root/hadoop/share/hadoop/yarn/lib/stax-api-1.0-2.jar:/root/hadoop/share/hadoop/yarn/lib/jaxb-api-2.2.2.jar:/root/hadoop/share/hadoop/yarn/lib/xz-1.0.jar:/root/hadoop/share/hadoop/yarn/lib/activation-1.1.jar:/root/hadoop/share/hadoop/yarn/lib/jackson-mapper-asl-1.9.13.jar:/root/hadoop/share/hadoop/yarn/lib/commons-collections-3.2.2.jar:/root/hadoop/share/hadoop/yarn/lib/guava-11.0.2.jar:/root/hadoop/share/hadoop/yarn/lib/jersey-core-1.9.jar:/root/hadoop/share/hadoop/yarn/lib/asm-3.2.jar:/root/hadoop/share/hadoop/yarn/lib/guice-3.0.jar:/root/hadoop/share/hadoop/yarn/lib/jackson-core-asl-1.9.13.jar:/root/hadoop/share/hadoop/yarn/lib/jackson-xc-1.9.13.jar:/root/hadoop/share/hadoop/yarn/lib/jetty-util-6.1.26.jar:/root/hadoop/share/hadoop/yarn/lib/commons-codec-1.4.jar:/root/hadoop/share/hadoop/yarn/lib/netty-3.6.2.Final.jar:/root/hadoop/share/hadoop/yarn/lib/protobuf-java-2.5.0.jar:/root/hadoop/share/hadoop/yarn/lib/jetty-6.1.26.jar:/root/hadoop/share/hadoop/yarn/lib/commons-logging-1.1.3.jar:/root/hadoop/share/hadoop/yarn/lib/jersey-client-1.9.jar:/root/hadoop/share/hadoop/yarn/hadoop-yarn-server-applicationhistoryservice-2.7.2.jar:/root/hadoop/share/hadoop/yarn/hadoop-yarn-server-common-2.7.2.jar:/root/hadoop/share/hadoop/yarn/hadoop-yarn-client-2.7.2.jar:/root/hadoop/share/hadoop/yarn/hadoop-yarn-server-tests-2.7.2.jar:/root/hadoop/share/hadoop/yarn/hadoop-yarn-server-web-proxy-2.7.2.jar:/root/hadoop/share/hadoop/yarn/hadoop-yarn-server-sharedcachemanager-2.7.2.jar:/root/hadoop/share/hadoop/yarn/hadoop-yarn-registry-2.7.2.jar:/root/hadoop/share/hadoop/yarn/hadoop-yarn-applications-unmanaged-am-launcher-2.7.2.jar:/root/hadoop/share/hadoop/yarn/hadoop-yarn-server-nodemanager-2.7.2.jar:/root/hadoop/share/hadoop/yarn/hadoop-yarn-applications-distributedshell-2.7.2.jar:/root/hadoop/share/hadoop/yarn/hadoop-yarn-common-2.7.2.jar:/root/hadoop/share/hadoop/yarn/hadoop-yarn-api-2.7.2.jar:/root/hadoop/share/hadoop/yarn/hadoop-yarn-server-resourcemanager-2.7.2.jar:/root/hadoop/share/hadoop/mapreduce/lib/aopalliance-1.0.jar:/root/hadoop/share/hadoop/mapreduce/lib/jersey-server-1.9.jar:/root/hadoop/share/hadoop/mapreduce/lib/jersey-guice-1.9.jar:/root/hadoop/share/hadoop/mapreduce/lib/hadoop-annotations-2.7.2.jar:/root/hadoop/share/hadoop/mapreduce/lib/snappy-java-1.0.4.1.jar:/root/hadoop/share/hadoop/mapreduce/lib/commons-io-2.4.jar:/root/hadoop/share/hadoop/mapreduce/lib/junit-4.11.jar:/root/hadoop/share/hadoop/mapreduce/lib/commons-compress-1.4.1.jar:/root/hadoop/share/hadoop/mapreduce/lib/leveldbjni-all-1.8.jar:/root/hadoop/share/hadoop/mapreduce/lib/log4j-1.2.17.jar:/root/hadoop/share/hadoop/mapreduce/lib/guice-servlet-3.0.jar:/root/hadoop/share/hadoop/mapreduce/lib/javax.inject-1.jar:/root/hadoop/share/hadoop/mapreduce/lib/xz-1.0.jar:/root/hadoop/share/hadoop/mapreduce/lib/jackson-mapper-asl-1.9.13.jar:/root/hadoop/share/hadoop/mapreduce/lib/jersey-core-1.9.jar:/root/hadoop/share/hadoop/mapreduce/lib/asm-3.2.jar:/root/hadoop/share/hadoop/mapreduce/lib/avro-1.7.4.jar:/root/hadoop/share/hadoop/mapreduce/lib/guice-3.0.jar:/root/hadoop/share/hadoop/mapreduce/lib/hamcrest-core-1.3.jar:/root/hadoop/share/hadoop/mapreduce/lib/jackson-core-asl-1.9.13.jar:/root/hadoop/share/hadoop/mapreduce/lib/netty-3.6.2.Final.jar:/root/hadoop/share/hadoop/mapreduce/lib/paranamer-2.3.jar:/root/hadoop/share/hadoop/mapreduce/lib/protobuf-java-2.5.0.jar:/root/hadoop/share/hadoop/mapreduce/hadoop-mapreduce-client-core-2.7.2.jar:/root/hadoop/share/hadoop/mapreduce/hadoop-mapreduce-client-hs-plugins-2.7.2.jar:/root/hadoop/share/hadoop/mapreduce/hadoop-mapreduce-client-common-2.7.2.jar:/root/hadoop/share/hadoop/mapreduce/hadoop-mapreduce-client-jobclient-2.7.2-tests.jar:/root/hadoop/share/hadoop/mapreduce/hadoop-mapreduce-client-app-2.7.2.jar:/root/hadoop/share/hadoop/mapreduce/hadoop-mapreduce-client-jobclient-2.7.2.jar:/root/hadoop/share/hadoop/mapreduce/hadoop-mapreduce-client-shuffle-2.7.2.jar:/root/hadoop/share/hadoop/mapreduce/hadoop-mapreduce-examples-2.7.2.jar:/root/hadoop/share/hadoop/mapreduce/hadoop-mapreduce-client-hs-2.7.2.jar:/root/hadoop/contrib/capacity-scheduler/*.jar:/root/hadoop/contrib/capacity-scheduler/*.jar:/root/hadoop/contrib/capacity-scheduler/*.jar
STARTUP_MSG:   build = Unknown -r Unknown; compiled by 'hadoop' on 2016-08-24T08:00Z
STARTUP_MSG:   java = 1.8.0_111
************************************************************/
2016-11-15 22:46:39,566 INFO org.apache.hadoop.hdfs.server.namenode.NameNode: registered UNIX signal handlers for [TERM, HUP, INT]
2016-11-15 22:46:39,578 INFO org.apache.hadoop.hdfs.server.namenode.NameNode: createNameNode []
2016-11-15 22:46:40,119 INFO org.apache.hadoop.metrics2.impl.MetricsConfig: loaded properties from hadoop-metrics2.properties
2016-11-15 22:46:40,297 INFO org.apache.hadoop.metrics2.impl.MetricsSystemImpl: Scheduled snapshot period at 10 second(s).
2016-11-15 22:46:40,298 INFO org.apache.hadoop.metrics2.impl.MetricsSystemImpl: NameNode metrics system started
2016-11-15 22:46:40,300 INFO org.apache.hadoop.hdfs.server.namenode.NameNode: fs.defaultFS is hdfs://hbase-master.hadoop-docker:54310
2016-11-15 22:46:40,303 INFO org.apache.hadoop.hdfs.server.namenode.NameNode: Clients are to use hbase-master.hadoop-docker:54310 to access this namenode/service.
2016-11-15 22:46:40,621 INFO org.apache.hadoop.hdfs.DFSUtil: Starting Web-server for hdfs at: http://0.0.0.0:50070
2016-11-15 22:46:40,706 INFO org.mortbay.log: Logging to org.slf4j.impl.Log4jLoggerAdapter(org.mortbay.log) via org.mortbay.log.Slf4jLog
2016-11-15 22:46:40,718 INFO org.apache.hadoop.security.authentication.server.AuthenticationFilter: Unable to initialize FileSignerSecretProvider, falling back to use random secrets.
2016-11-15 22:46:40,725 INFO org.apache.hadoop.http.HttpRequestLog: Http request log for http.requests.namenode is not defined
2016-11-15 22:46:40,734 INFO org.apache.hadoop.http.HttpServer2: Added global filter 'safety' (class=org.apache.hadoop.http.HttpServer2$QuotingInputFilter)
2016-11-15 22:46:40,743 INFO org.apache.hadoop.http.HttpServer2: Added filter static_user_filter (class=org.apache.hadoop.http.lib.StaticUserWebFilter$StaticUserFilter) to context hdfs
2016-11-15 22:46:40,744 INFO org.apache.hadoop.http.HttpServer2: Added filter static_user_filter (class=org.apache.hadoop.http.lib.StaticUserWebFilter$StaticUserFilter) to context static
2016-11-15 22:46:40,744 INFO org.apache.hadoop.http.HttpServer2: Added filter static_user_filter (class=org.apache.hadoop.http.lib.StaticUserWebFilter$StaticUserFilter) to context logs
2016-11-15 22:46:40,790 INFO org.apache.hadoop.http.HttpServer2: Added filter 'org.apache.hadoop.hdfs.web.AuthFilter' (class=org.apache.hadoop.hdfs.web.AuthFilter)
2016-11-15 22:46:40,796 INFO org.apache.hadoop.http.HttpServer2: addJerseyResourcePackage: packageName=org.apache.hadoop.hdfs.server.namenode.web.resources;org.apache.hadoop.hdfs.web.resources, pathSpec=/webhdfs/v1/*
2016-11-15 22:46:40,819 INFO org.apache.hadoop.http.HttpServer2: Jetty bound to port 50070
2016-11-15 22:46:40,822 INFO org.mortbay.log: jetty-6.1.26
2016-11-15 22:46:41,045 INFO org.mortbay.log: Started HttpServer2$SelectChannelConnectorWithSafeStartup@0.0.0.0:50070
2016-11-15 22:46:41,097 WARN org.apache.hadoop.hdfs.server.namenode.FSNamesystem: Only one image storage directory (dfs.namenode.name.dir) configured. Beware of data loss due to lack of redundant storage directories!
2016-11-15 22:46:41,098 WARN org.apache.hadoop.hdfs.server.namenode.FSNamesystem: Only one namespace edits storage directory (dfs.namenode.edits.dir) configured. Beware of data loss due to lack of redundant storage directories!
2016-11-15 22:46:41,149 INFO org.apache.hadoop.hdfs.server.namenode.FSNamesystem: No KeyProvider found.
2016-11-15 22:46:41,150 INFO org.apache.hadoop.hdfs.server.namenode.FSNamesystem: fsLock is fair:true
2016-11-15 22:46:41,220 INFO org.apache.hadoop.hdfs.server.blockmanagement.DatanodeManager: dfs.block.invalidate.limit=1000
2016-11-15 22:46:41,223 INFO org.apache.hadoop.hdfs.server.blockmanagement.DatanodeManager: dfs.namenode.datanode.registration.ip-hostname-check=true
2016-11-15 22:46:41,227 INFO org.apache.hadoop.hdfs.server.blockmanagement.BlockManager: dfs.namenode.startup.delay.block.deletion.sec is set to 000:00:00:00.000
2016-11-15 22:46:41,229 INFO org.apache.hadoop.hdfs.server.blockmanagement.BlockManager: The block deletion will start around 2016 Nov 15 22:46:41
2016-11-15 22:46:41,235 INFO org.apache.hadoop.util.GSet: Computing capacity for map BlocksMap
2016-11-15 22:46:41,235 INFO org.apache.hadoop.util.GSet: VM type       = 64-bit
2016-11-15 22:46:41,239 INFO org.apache.hadoop.util.GSet: 2.0% max memory 966.7 MB = 19.3 MB
2016-11-15 22:46:41,243 INFO org.apache.hadoop.util.GSet: capacity      = 2^21 = 2097152 entries
2016-11-15 22:46:41,257 INFO org.apache.hadoop.hdfs.server.blockmanagement.BlockManager: dfs.block.access.token.enable=false
2016-11-15 22:46:41,258 INFO org.apache.hadoop.hdfs.server.blockmanagement.BlockManager: defaultReplication         = 2
2016-11-15 22:46:41,262 INFO org.apache.hadoop.hdfs.server.blockmanagement.BlockManager: maxReplication             = 512
2016-11-15 22:46:41,263 INFO org.apache.hadoop.hdfs.server.blockmanagement.BlockManager: minReplication             = 1
2016-11-15 22:46:41,264 INFO org.apache.hadoop.hdfs.server.blockmanagement.BlockManager: maxReplicationStreams      = 2
2016-11-15 22:46:41,265 INFO org.apache.hadoop.hdfs.server.blockmanagement.BlockManager: replicationRecheckInterval = 3000
2016-11-15 22:46:41,267 INFO org.apache.hadoop.hdfs.server.blockmanagement.BlockManager: encryptDataTransfer        = false
2016-11-15 22:46:41,267 INFO org.apache.hadoop.hdfs.server.blockmanagement.BlockManager: maxNumBlocksToLog          = 1000
2016-11-15 22:46:41,287 INFO org.apache.hadoop.hdfs.server.namenode.FSNamesystem: fsOwner             = root (auth:SIMPLE)
2016-11-15 22:46:41,293 INFO org.apache.hadoop.hdfs.server.namenode.FSNamesystem: supergroup          = supergroup
2016-11-15 22:46:41,295 INFO org.apache.hadoop.hdfs.server.namenode.FSNamesystem: isPermissionEnabled = true
2016-11-15 22:46:41,297 INFO org.apache.hadoop.hdfs.server.namenode.FSNamesystem: HA Enabled: false
2016-11-15 22:46:41,301 INFO org.apache.hadoop.hdfs.server.namenode.FSNamesystem: Append Enabled: true
2016-11-15 22:46:41,382 INFO org.apache.hadoop.util.GSet: Computing capacity for map INodeMap
2016-11-15 22:46:41,382 INFO org.apache.hadoop.util.GSet: VM type       = 64-bit
2016-11-15 22:46:41,383 INFO org.apache.hadoop.util.GSet: 1.0% max memory 966.7 MB = 9.7 MB
2016-11-15 22:46:41,384 INFO org.apache.hadoop.util.GSet: capacity      = 2^20 = 1048576 entries
2016-11-15 22:46:41,385 INFO org.apache.hadoop.hdfs.server.namenode.FSDirectory: ACLs enabled? false
2016-11-15 22:46:41,386 INFO org.apache.hadoop.hdfs.server.namenode.FSDirectory: XAttrs enabled? true
2016-11-15 22:46:41,386 INFO org.apache.hadoop.hdfs.server.namenode.FSDirectory: Maximum size of an xattr: 16384
2016-11-15 22:46:41,386 INFO org.apache.hadoop.hdfs.server.namenode.NameNode: Caching file names occuring more than 10 times
2016-11-15 22:46:41,407 INFO org.apache.hadoop.util.GSet: Computing capacity for map cachedBlocks
2016-11-15 22:46:41,409 INFO org.apache.hadoop.util.GSet: VM type       = 64-bit
2016-11-15 22:46:41,409 INFO org.apache.hadoop.util.GSet: 0.25% max memory 966.7 MB = 2.4 MB
2016-11-15 22:46:41,409 INFO org.apache.hadoop.util.GSet: capacity      = 2^18 = 262144 entries
2016-11-15 22:46:41,411 INFO org.apache.hadoop.hdfs.server.namenode.FSNamesystem: dfs.namenode.safemode.threshold-pct = 0.9990000128746033
2016-11-15 22:46:41,411 INFO org.apache.hadoop.hdfs.server.namenode.FSNamesystem: dfs.namenode.safemode.min.datanodes = 0
2016-11-15 22:46:41,412 INFO org.apache.hadoop.hdfs.server.namenode.FSNamesystem: dfs.namenode.safemode.extension     = 30000
2016-11-15 22:46:41,416 INFO org.apache.hadoop.hdfs.server.namenode.top.metrics.TopMetrics: NNTop conf: dfs.namenode.top.window.num.buckets = 10
2016-11-15 22:46:41,417 INFO org.apache.hadoop.hdfs.server.namenode.top.metrics.TopMetrics: NNTop conf: dfs.namenode.top.num.users = 10
2016-11-15 22:46:41,417 INFO org.apache.hadoop.hdfs.server.namenode.top.metrics.TopMetrics: NNTop conf: dfs.namenode.top.windows.minutes = 1,5,25
2016-11-15 22:46:41,420 INFO org.apache.hadoop.hdfs.server.namenode.FSNamesystem: Retry cache on namenode is enabled
2016-11-15 22:46:41,421 INFO org.apache.hadoop.hdfs.server.namenode.FSNamesystem: Retry cache will use 0.03 of total heap and retry cache entry expiry time is 600000 millis
2016-11-15 22:46:41,423 INFO org.apache.hadoop.util.GSet: Computing capacity for map NameNodeRetryCache
2016-11-15 22:46:41,423 INFO org.apache.hadoop.util.GSet: VM type       = 64-bit
2016-11-15 22:46:41,423 INFO org.apache.hadoop.util.GSet: 0.029999999329447746% max memory 966.7 MB = 297.0 KB
2016-11-15 22:46:41,426 INFO org.apache.hadoop.util.GSet: capacity      = 2^15 = 32768 entries
2016-11-15 22:46:41,440 INFO org.apache.hadoop.hdfs.server.common.Storage: Lock on /works/dfs/name/in_use.lock acquired by nodename 195@hbase-master.hadoop-docker
2016-11-15 22:46:41,600 INFO org.apache.hadoop.hdfs.server.namenode.FileJournalManager: Recovering unfinalized segments in /works/dfs/name/current
2016-11-15 22:46:41,605 INFO org.apache.hadoop.hdfs.server.namenode.FSImage: No edit log streams selected.
2016-11-15 22:46:41,658 INFO org.apache.hadoop.hdfs.server.namenode.FSImageFormatPBINode: Loading 1 INodes.
2016-11-15 22:46:41,686 INFO org.apache.hadoop.hdfs.server.namenode.FSImageFormatProtobuf: Loaded FSImage in 0 seconds.
2016-11-15 22:46:41,687 INFO org.apache.hadoop.hdfs.server.namenode.FSImage: Loaded image for txid 0 from /works/dfs/name/current/fsimage_0000000000000000000
2016-11-15 22:46:41,696 INFO org.apache.hadoop.hdfs.server.namenode.FSNamesystem: Need to save fs image? false (staleImage=false, haEnabled=false, isRollingUpgrade=false)
2016-11-15 22:46:41,697 INFO org.apache.hadoop.hdfs.server.namenode.FSEditLog: Starting log segment at 1
2016-11-15 22:46:41,810 INFO org.apache.hadoop.hdfs.server.namenode.NameCache: initialized with 0 entries 0 lookups
2016-11-15 22:46:41,811 INFO org.apache.hadoop.hdfs.server.namenode.FSNamesystem: Finished loading FSImage in 381 msecs
2016-11-15 22:46:42,076 INFO org.apache.hadoop.hdfs.server.namenode.NameNode: RPC server is binding to hbase-master.hadoop-docker:54310
2016-11-15 22:46:42,081 INFO org.apache.hadoop.ipc.CallQueueManager: Using callQueue class java.util.concurrent.LinkedBlockingQueue
2016-11-15 22:46:42,091 INFO org.apache.hadoop.ipc.Server: Starting Socket Reader #1 for port 54310
2016-11-15 22:46:42,136 INFO org.apache.hadoop.hdfs.server.namenode.FSNamesystem: Registered FSNamesystemState MBean
2016-11-15 22:46:42,151 INFO org.apache.hadoop.hdfs.server.namenode.LeaseManager: Number of blocks under construction: 0
2016-11-15 22:46:42,151 INFO org.apache.hadoop.hdfs.server.namenode.LeaseManager: Number of blocks under construction: 0
2016-11-15 22:46:42,152 INFO org.apache.hadoop.hdfs.server.namenode.FSNamesystem: initializing replication queues
2016-11-15 22:46:42,152 INFO org.apache.hadoop.hdfs.StateChange: STATE* Leaving safe mode after 1 secs
2016-11-15 22:46:42,152 INFO org.apache.hadoop.hdfs.StateChange: STATE* Network topology has 0 racks and 0 datanodes
2016-11-15 22:46:42,153 INFO org.apache.hadoop.hdfs.StateChange: STATE* UnderReplicatedBlocks has 0 blocks
2016-11-15 22:46:42,163 INFO org.apache.hadoop.hdfs.server.blockmanagement.DatanodeDescriptor: Number of failed storage changes from 0 to 0
2016-11-15 22:46:42,174 INFO org.apache.hadoop.hdfs.server.blockmanagement.BlockManager: Total number of blocks            = 0
2016-11-15 22:46:42,181 INFO org.apache.hadoop.hdfs.server.blockmanagement.BlockManager: Number of invalid blocks          = 0
2016-11-15 22:46:42,183 INFO org.apache.hadoop.hdfs.server.blockmanagement.BlockManager: Number of under-replicated blocks = 0
2016-11-15 22:46:42,184 INFO org.apache.hadoop.hdfs.server.blockmanagement.BlockManager: Number of  over-replicated blocks = 0
2016-11-15 22:46:42,187 INFO org.apache.hadoop.hdfs.server.blockmanagement.BlockManager: Number of blocks being written    = 0
2016-11-15 22:46:42,193 INFO org.apache.hadoop.hdfs.StateChange: STATE* Replication Queue initialization scan for invalid, over- and under-replicated blocks completed in 42 msec
2016-11-15 22:46:42,217 INFO org.apache.hadoop.ipc.Server: IPC Server Responder: starting
2016-11-15 22:46:42,218 INFO org.apache.hadoop.ipc.Server: IPC Server listener on 54310: starting
2016-11-15 22:46:42,222 INFO org.apache.hadoop.hdfs.server.namenode.NameNode: NameNode RPC up at: hbase-master.hadoop-docker/172.21.0.8:54310
2016-11-15 22:46:42,223 INFO org.apache.hadoop.hdfs.server.namenode.FSNamesystem: Starting services required for active state
2016-11-15 22:46:42,227 INFO org.apache.hadoop.hdfs.server.blockmanagement.CacheReplicationMonitor: Starting CacheReplicationMonitor with interval 30000 milliseconds
2016-11-15 22:47:57,985 INFO org.apache.hadoop.hdfs.server.namenode.FSNamesystem: Roll Edit Log from 172.21.0.8
2016-11-15 22:47:57,985 INFO org.apache.hadoop.hdfs.server.namenode.FSEditLog: Rolling edit logs
2016-11-15 22:47:57,986 INFO org.apache.hadoop.hdfs.server.namenode.FSEditLog: Ending log segment 1
2016-11-15 22:47:57,986 INFO org.apache.hadoop.hdfs.server.namenode.FSEditLog: Number of transactions: 2 Total time for transactions(ms): 1 Number of transactions batched in Syncs: 0 Number of syncs: 2 SyncTimes(ms): 5 
2016-11-15 22:47:57,987 INFO org.apache.hadoop.hdfs.server.namenode.FSEditLog: Number of transactions: 2 Total time for transactions(ms): 1 Number of transactions batched in Syncs: 0 Number of syncs: 3 SyncTimes(ms): 5 
2016-11-15 22:47:57,989 INFO org.apache.hadoop.hdfs.server.namenode.FileJournalManager: Finalizing edits file /works/dfs/name/current/edits_inprogress_0000000000000000001 -> /works/dfs/name/current/edits_0000000000000000001-0000000000000000002
2016-11-15 22:47:58,002 INFO org.apache.hadoop.hdfs.server.namenode.FSEditLog: Starting log segment at 3
2016-11-15 22:48:35,537 ERROR org.apache.hadoop.hdfs.server.namenode.NameNode: RECEIVED SIGNAL 15: SIGTERM
2016-11-15 22:48:35,539 INFO org.apache.hadoop.hdfs.server.namenode.NameNode: SHUTDOWN_MSG: 
/************************************************************
SHUTDOWN_MSG: Shutting down NameNode at hbase-master.hadoop-docker/172.21.0.8
************************************************************/
