2016-11-15 22:19:20,706 INFO org.apache.hadoop.hdfs.server.namenode.SecondaryNameNode: STARTUP_MSG: 
/************************************************************
STARTUP_MSG: Starting SecondaryNameNode
STARTUP_MSG:   host = hbase-master.hadoop-docker/172.21.0.4
STARTUP_MSG:   args = []
STARTUP_MSG:   version = 2.7.2
STARTUP_MSG:   classpath = /root/hadoop/etc/hadoop:/root/hadoop/share/hadoop/common/lib/gson-2.2.4.jar:/root/hadoop/share/hadoop/common/lib/jackson-jaxrs-1.9.13.jar:/root/hadoop/share/hadoop/common/lib/commons-cli-1.2.jar:/root/hadoop/share/hadoop/common/lib/java-xmlbuilder-0.4.jar:/root/hadoop/share/hadoop/common/lib/commons-beanutils-core-1.8.0.jar:/root/hadoop/share/hadoop/common/lib/commons-configuration-1.6.jar:/root/hadoop/share/hadoop/common/lib/jsr305-3.0.0.jar:/root/hadoop/share/hadoop/common/lib/jsch-0.1.42.jar:/root/hadoop/share/hadoop/common/lib/commons-digester-1.8.jar:/root/hadoop/share/hadoop/common/lib/commons-beanutils-1.7.0.jar:/root/hadoop/share/hadoop/common/lib/jersey-server-1.9.jar:/root/hadoop/share/hadoop/common/lib/jets3t-0.9.0.jar:/root/hadoop/share/hadoop/common/lib/apacheds-kerberos-codec-2.0.0-M15.jar:/root/hadoop/share/hadoop/common/lib/jersey-json-1.9.jar:/root/hadoop/share/hadoop/common/lib/api-util-1.0.0-M20.jar:/root/hadoop/share/hadoop/common/lib/commons-math3-3.1.1.jar:/root/hadoop/share/hadoop/common/lib/curator-framework-2.7.1.jar:/root/hadoop/share/hadoop/common/lib/hadoop-annotations-2.7.2.jar:/root/hadoop/share/hadoop/common/lib/snappy-java-1.0.4.1.jar:/root/hadoop/share/hadoop/common/lib/api-asn1-api-1.0.0-M20.jar:/root/hadoop/share/hadoop/common/lib/commons-io-2.4.jar:/root/hadoop/share/hadoop/common/lib/junit-4.11.jar:/root/hadoop/share/hadoop/common/lib/commons-compress-1.4.1.jar:/root/hadoop/share/hadoop/common/lib/log4j-1.2.17.jar:/root/hadoop/share/hadoop/common/lib/httpclient-4.2.5.jar:/root/hadoop/share/hadoop/common/lib/hadoop-auth-2.7.2.jar:/root/hadoop/share/hadoop/common/lib/slf4j-log4j12-1.7.10.jar:/root/hadoop/share/hadoop/common/lib/commons-lang-2.6.jar:/root/hadoop/share/hadoop/common/lib/commons-net-3.1.jar:/root/hadoop/share/hadoop/common/lib/jettison-1.1.jar:/root/hadoop/share/hadoop/common/lib/servlet-api-2.5.jar:/root/hadoop/share/hadoop/common/lib/zookeeper-3.4.6.jar:/root/hadoop/share/hadoop/common/lib/mockito-all-1.8.5.jar:/root/hadoop/share/hadoop/common/lib/jaxb-impl-2.2.3-1.jar:/root/hadoop/share/hadoop/common/lib/commons-httpclient-3.1.jar:/root/hadoop/share/hadoop/common/lib/stax-api-1.0-2.jar:/root/hadoop/share/hadoop/common/lib/jaxb-api-2.2.2.jar:/root/hadoop/share/hadoop/common/lib/xmlenc-0.52.jar:/root/hadoop/share/hadoop/common/lib/xz-1.0.jar:/root/hadoop/share/hadoop/common/lib/activation-1.1.jar:/root/hadoop/share/hadoop/common/lib/jackson-mapper-asl-1.9.13.jar:/root/hadoop/share/hadoop/common/lib/htrace-core-3.1.0-incubating.jar:/root/hadoop/share/hadoop/common/lib/commons-collections-3.2.2.jar:/root/hadoop/share/hadoop/common/lib/guava-11.0.2.jar:/root/hadoop/share/hadoop/common/lib/jersey-core-1.9.jar:/root/hadoop/share/hadoop/common/lib/jsp-api-2.1.jar:/root/hadoop/share/hadoop/common/lib/asm-3.2.jar:/root/hadoop/share/hadoop/common/lib/curator-client-2.7.1.jar:/root/hadoop/share/hadoop/common/lib/avro-1.7.4.jar:/root/hadoop/share/hadoop/common/lib/hamcrest-core-1.3.jar:/root/hadoop/share/hadoop/common/lib/curator-recipes-2.7.1.jar:/root/hadoop/share/hadoop/common/lib/jackson-core-asl-1.9.13.jar:/root/hadoop/share/hadoop/common/lib/jackson-xc-1.9.13.jar:/root/hadoop/share/hadoop/common/lib/jetty-util-6.1.26.jar:/root/hadoop/share/hadoop/common/lib/commons-codec-1.4.jar:/root/hadoop/share/hadoop/common/lib/netty-3.6.2.Final.jar:/root/hadoop/share/hadoop/common/lib/httpcore-4.2.5.jar:/root/hadoop/share/hadoop/common/lib/paranamer-2.3.jar:/root/hadoop/share/hadoop/common/lib/apacheds-i18n-2.0.0-M15.jar:/root/hadoop/share/hadoop/common/lib/protobuf-java-2.5.0.jar:/root/hadoop/share/hadoop/common/lib/jetty-6.1.26.jar:/root/hadoop/share/hadoop/common/lib/slf4j-api-1.7.10.jar:/root/hadoop/share/hadoop/common/lib/commons-logging-1.1.3.jar:/root/hadoop/share/hadoop/common/hadoop-nfs-2.7.2.jar:/root/hadoop/share/hadoop/common/hadoop-common-2.7.2.jar:/root/hadoop/share/hadoop/common/hadoop-common-2.7.2-tests.jar:/root/hadoop/share/hadoop/hdfs:/root/hadoop/share/hadoop/hdfs/lib/commons-cli-1.2.jar:/root/hadoop/share/hadoop/hdfs/lib/jsr305-3.0.0.jar:/root/hadoop/share/hadoop/hdfs/lib/jersey-server-1.9.jar:/root/hadoop/share/hadoop/hdfs/lib/xercesImpl-2.9.1.jar:/root/hadoop/share/hadoop/hdfs/lib/netty-all-4.0.23.Final.jar:/root/hadoop/share/hadoop/hdfs/lib/commons-daemon-1.0.13.jar:/root/hadoop/share/hadoop/hdfs/lib/commons-io-2.4.jar:/root/hadoop/share/hadoop/hdfs/lib/leveldbjni-all-1.8.jar:/root/hadoop/share/hadoop/hdfs/lib/log4j-1.2.17.jar:/root/hadoop/share/hadoop/hdfs/lib/commons-lang-2.6.jar:/root/hadoop/share/hadoop/hdfs/lib/servlet-api-2.5.jar:/root/hadoop/share/hadoop/hdfs/lib/xmlenc-0.52.jar:/root/hadoop/share/hadoop/hdfs/lib/jackson-mapper-asl-1.9.13.jar:/root/hadoop/share/hadoop/hdfs/lib/htrace-core-3.1.0-incubating.jar:/root/hadoop/share/hadoop/hdfs/lib/xml-apis-1.3.04.jar:/root/hadoop/share/hadoop/hdfs/lib/guava-11.0.2.jar:/root/hadoop/share/hadoop/hdfs/lib/jersey-core-1.9.jar:/root/hadoop/share/hadoop/hdfs/lib/asm-3.2.jar:/root/hadoop/share/hadoop/hdfs/lib/jackson-core-asl-1.9.13.jar:/root/hadoop/share/hadoop/hdfs/lib/jetty-util-6.1.26.jar:/root/hadoop/share/hadoop/hdfs/lib/commons-codec-1.4.jar:/root/hadoop/share/hadoop/hdfs/lib/netty-3.6.2.Final.jar:/root/hadoop/share/hadoop/hdfs/lib/protobuf-java-2.5.0.jar:/root/hadoop/share/hadoop/hdfs/lib/jetty-6.1.26.jar:/root/hadoop/share/hadoop/hdfs/lib/commons-logging-1.1.3.jar:/root/hadoop/share/hadoop/hdfs/hadoop-hdfs-2.7.2.jar:/root/hadoop/share/hadoop/hdfs/hadoop-hdfs-nfs-2.7.2.jar:/root/hadoop/share/hadoop/hdfs/hadoop-hdfs-2.7.2-tests.jar:/root/hadoop/share/hadoop/yarn/lib/jackson-jaxrs-1.9.13.jar:/root/hadoop/share/hadoop/yarn/lib/commons-cli-1.2.jar:/root/hadoop/share/hadoop/yarn/lib/jsr305-3.0.0.jar:/root/hadoop/share/hadoop/yarn/lib/aopalliance-1.0.jar:/root/hadoop/share/hadoop/yarn/lib/jersey-server-1.9.jar:/root/hadoop/share/hadoop/yarn/lib/jersey-guice-1.9.jar:/root/hadoop/share/hadoop/yarn/lib/jersey-json-1.9.jar:/root/hadoop/share/hadoop/yarn/lib/zookeeper-3.4.6-tests.jar:/root/hadoop/share/hadoop/yarn/lib/commons-io-2.4.jar:/root/hadoop/share/hadoop/yarn/lib/commons-compress-1.4.1.jar:/root/hadoop/share/hadoop/yarn/lib/leveldbjni-all-1.8.jar:/root/hadoop/share/hadoop/yarn/lib/log4j-1.2.17.jar:/root/hadoop/share/hadoop/yarn/lib/commons-lang-2.6.jar:/root/hadoop/share/hadoop/yarn/lib/jettison-1.1.jar:/root/hadoop/share/hadoop/yarn/lib/servlet-api-2.5.jar:/root/hadoop/share/hadoop/yarn/lib/guice-servlet-3.0.jar:/root/hadoop/share/hadoop/yarn/lib/javax.inject-1.jar:/root/hadoop/share/hadoop/yarn/lib/zookeeper-3.4.6.jar:/root/hadoop/share/hadoop/yarn/lib/jaxb-impl-2.2.3-1.jar:/root/hadoop/share/hadoop/yarn/lib/stax-api-1.0-2.jar:/root/hadoop/share/hadoop/yarn/lib/jaxb-api-2.2.2.jar:/root/hadoop/share/hadoop/yarn/lib/xz-1.0.jar:/root/hadoop/share/hadoop/yarn/lib/activation-1.1.jar:/root/hadoop/share/hadoop/yarn/lib/jackson-mapper-asl-1.9.13.jar:/root/hadoop/share/hadoop/yarn/lib/commons-collections-3.2.2.jar:/root/hadoop/share/hadoop/yarn/lib/guava-11.0.2.jar:/root/hadoop/share/hadoop/yarn/lib/jersey-core-1.9.jar:/root/hadoop/share/hadoop/yarn/lib/asm-3.2.jar:/root/hadoop/share/hadoop/yarn/lib/guice-3.0.jar:/root/hadoop/share/hadoop/yarn/lib/jackson-core-asl-1.9.13.jar:/root/hadoop/share/hadoop/yarn/lib/jackson-xc-1.9.13.jar:/root/hadoop/share/hadoop/yarn/lib/jetty-util-6.1.26.jar:/root/hadoop/share/hadoop/yarn/lib/commons-codec-1.4.jar:/root/hadoop/share/hadoop/yarn/lib/netty-3.6.2.Final.jar:/root/hadoop/share/hadoop/yarn/lib/protobuf-java-2.5.0.jar:/root/hadoop/share/hadoop/yarn/lib/jetty-6.1.26.jar:/root/hadoop/share/hadoop/yarn/lib/commons-logging-1.1.3.jar:/root/hadoop/share/hadoop/yarn/lib/jersey-client-1.9.jar:/root/hadoop/share/hadoop/yarn/hadoop-yarn-server-applicationhistoryservice-2.7.2.jar:/root/hadoop/share/hadoop/yarn/hadoop-yarn-server-common-2.7.2.jar:/root/hadoop/share/hadoop/yarn/hadoop-yarn-client-2.7.2.jar:/root/hadoop/share/hadoop/yarn/hadoop-yarn-server-tests-2.7.2.jar:/root/hadoop/share/hadoop/yarn/hadoop-yarn-server-web-proxy-2.7.2.jar:/root/hadoop/share/hadoop/yarn/hadoop-yarn-server-sharedcachemanager-2.7.2.jar:/root/hadoop/share/hadoop/yarn/hadoop-yarn-registry-2.7.2.jar:/root/hadoop/share/hadoop/yarn/hadoop-yarn-applications-unmanaged-am-launcher-2.7.2.jar:/root/hadoop/share/hadoop/yarn/hadoop-yarn-server-nodemanager-2.7.2.jar:/root/hadoop/share/hadoop/yarn/hadoop-yarn-applications-distributedshell-2.7.2.jar:/root/hadoop/share/hadoop/yarn/hadoop-yarn-common-2.7.2.jar:/root/hadoop/share/hadoop/yarn/hadoop-yarn-api-2.7.2.jar:/root/hadoop/share/hadoop/yarn/hadoop-yarn-server-resourcemanager-2.7.2.jar:/root/hadoop/share/hadoop/mapreduce/lib/aopalliance-1.0.jar:/root/hadoop/share/hadoop/mapreduce/lib/jersey-server-1.9.jar:/root/hadoop/share/hadoop/mapreduce/lib/jersey-guice-1.9.jar:/root/hadoop/share/hadoop/mapreduce/lib/hadoop-annotations-2.7.2.jar:/root/hadoop/share/hadoop/mapreduce/lib/snappy-java-1.0.4.1.jar:/root/hadoop/share/hadoop/mapreduce/lib/commons-io-2.4.jar:/root/hadoop/share/hadoop/mapreduce/lib/junit-4.11.jar:/root/hadoop/share/hadoop/mapreduce/lib/commons-compress-1.4.1.jar:/root/hadoop/share/hadoop/mapreduce/lib/leveldbjni-all-1.8.jar:/root/hadoop/share/hadoop/mapreduce/lib/log4j-1.2.17.jar:/root/hadoop/share/hadoop/mapreduce/lib/guice-servlet-3.0.jar:/root/hadoop/share/hadoop/mapreduce/lib/javax.inject-1.jar:/root/hadoop/share/hadoop/mapreduce/lib/xz-1.0.jar:/root/hadoop/share/hadoop/mapreduce/lib/jackson-mapper-asl-1.9.13.jar:/root/hadoop/share/hadoop/mapreduce/lib/jersey-core-1.9.jar:/root/hadoop/share/hadoop/mapreduce/lib/asm-3.2.jar:/root/hadoop/share/hadoop/mapreduce/lib/avro-1.7.4.jar:/root/hadoop/share/hadoop/mapreduce/lib/guice-3.0.jar:/root/hadoop/share/hadoop/mapreduce/lib/hamcrest-core-1.3.jar:/root/hadoop/share/hadoop/mapreduce/lib/jackson-core-asl-1.9.13.jar:/root/hadoop/share/hadoop/mapreduce/lib/netty-3.6.2.Final.jar:/root/hadoop/share/hadoop/mapreduce/lib/paranamer-2.3.jar:/root/hadoop/share/hadoop/mapreduce/lib/protobuf-java-2.5.0.jar:/root/hadoop/share/hadoop/mapreduce/hadoop-mapreduce-client-core-2.7.2.jar:/root/hadoop/share/hadoop/mapreduce/hadoop-mapreduce-client-hs-plugins-2.7.2.jar:/root/hadoop/share/hadoop/mapreduce/hadoop-mapreduce-client-common-2.7.2.jar:/root/hadoop/share/hadoop/mapreduce/hadoop-mapreduce-client-jobclient-2.7.2-tests.jar:/root/hadoop/share/hadoop/mapreduce/hadoop-mapreduce-client-app-2.7.2.jar:/root/hadoop/share/hadoop/mapreduce/hadoop-mapreduce-client-jobclient-2.7.2.jar:/root/hadoop/share/hadoop/mapreduce/hadoop-mapreduce-client-shuffle-2.7.2.jar:/root/hadoop/share/hadoop/mapreduce/hadoop-mapreduce-examples-2.7.2.jar:/root/hadoop/share/hadoop/mapreduce/hadoop-mapreduce-client-hs-2.7.2.jar:/root/hadoop/contrib/capacity-scheduler/*.jar:/root/hadoop/contrib/capacity-scheduler/*.jar:/root/hadoop/contrib/capacity-scheduler/*.jar
STARTUP_MSG:   build = Unknown -r Unknown; compiled by 'hadoop' on 2016-08-24T08:00Z
STARTUP_MSG:   java = 1.8.0_111
************************************************************/
2016-11-15 22:19:20,779 INFO org.apache.hadoop.hdfs.server.namenode.SecondaryNameNode: registered UNIX signal handlers for [TERM, HUP, INT]
2016-11-15 22:19:21,828 INFO org.apache.hadoop.metrics2.impl.MetricsConfig: loaded properties from hadoop-metrics2.properties
2016-11-15 22:19:22,013 INFO org.apache.hadoop.metrics2.impl.MetricsSystemImpl: Scheduled snapshot period at 10 second(s).
2016-11-15 22:19:22,018 INFO org.apache.hadoop.metrics2.impl.MetricsSystemImpl: SecondaryNameNode metrics system started
2016-11-15 22:19:22,538 INFO org.apache.hadoop.hdfs.server.common.Storage: Lock on /works/dfs/namesecondary/in_use.lock acquired by nodename 364@hbase-master.hadoop-docker
2016-11-15 22:19:22,585 INFO org.apache.hadoop.hdfs.server.namenode.FSNamesystem: No KeyProvider found.
2016-11-15 22:19:22,587 INFO org.apache.hadoop.hdfs.server.namenode.FSNamesystem: fsLock is fair:true
2016-11-15 22:19:22,699 INFO org.apache.hadoop.hdfs.server.blockmanagement.DatanodeManager: dfs.block.invalidate.limit=1000
2016-11-15 22:19:22,723 INFO org.apache.hadoop.hdfs.server.blockmanagement.DatanodeManager: dfs.namenode.datanode.registration.ip-hostname-check=true
2016-11-15 22:19:22,731 INFO org.apache.hadoop.hdfs.server.blockmanagement.BlockManager: dfs.namenode.startup.delay.block.deletion.sec is set to 000:00:00:00.000
2016-11-15 22:19:22,736 INFO org.apache.hadoop.hdfs.server.blockmanagement.BlockManager: The block deletion will start around 2016 Nov 15 22:19:22
2016-11-15 22:19:22,739 INFO org.apache.hadoop.util.GSet: Computing capacity for map BlocksMap
2016-11-15 22:19:22,742 INFO org.apache.hadoop.util.GSet: VM type       = 64-bit
2016-11-15 22:19:22,747 INFO org.apache.hadoop.util.GSet: 2.0% max memory 966.7 MB = 19.3 MB
2016-11-15 22:19:22,749 INFO org.apache.hadoop.util.GSet: capacity      = 2^21 = 2097152 entries
2016-11-15 22:19:22,776 INFO org.apache.hadoop.hdfs.server.blockmanagement.BlockManager: dfs.block.access.token.enable=false
2016-11-15 22:19:22,779 INFO org.apache.hadoop.hdfs.server.blockmanagement.BlockManager: defaultReplication         = 2
2016-11-15 22:19:22,784 INFO org.apache.hadoop.hdfs.server.blockmanagement.BlockManager: maxReplication             = 512
2016-11-15 22:19:22,784 INFO org.apache.hadoop.hdfs.server.blockmanagement.BlockManager: minReplication             = 1
2016-11-15 22:19:22,788 INFO org.apache.hadoop.hdfs.server.blockmanagement.BlockManager: maxReplicationStreams      = 2
2016-11-15 22:19:22,792 INFO org.apache.hadoop.hdfs.server.blockmanagement.BlockManager: replicationRecheckInterval = 3000
2016-11-15 22:19:22,793 INFO org.apache.hadoop.hdfs.server.blockmanagement.BlockManager: encryptDataTransfer        = false
2016-11-15 22:19:22,793 INFO org.apache.hadoop.hdfs.server.blockmanagement.BlockManager: maxNumBlocksToLog          = 1000
2016-11-15 22:19:22,799 INFO org.apache.hadoop.hdfs.server.namenode.FSNamesystem: fsOwner             = root (auth:SIMPLE)
2016-11-15 22:19:22,803 INFO org.apache.hadoop.hdfs.server.namenode.FSNamesystem: supergroup          = supergroup
2016-11-15 22:19:22,804 INFO org.apache.hadoop.hdfs.server.namenode.FSNamesystem: isPermissionEnabled = true
2016-11-15 22:19:22,807 INFO org.apache.hadoop.hdfs.server.namenode.FSNamesystem: HA Enabled: false
2016-11-15 22:19:22,811 INFO org.apache.hadoop.hdfs.server.namenode.FSNamesystem: Append Enabled: true
2016-11-15 22:19:22,978 INFO org.apache.hadoop.util.GSet: Computing capacity for map INodeMap
2016-11-15 22:19:22,993 INFO org.apache.hadoop.util.GSet: VM type       = 64-bit
2016-11-15 22:19:22,994 INFO org.apache.hadoop.util.GSet: 1.0% max memory 966.7 MB = 9.7 MB
2016-11-15 22:19:22,997 INFO org.apache.hadoop.util.GSet: capacity      = 2^20 = 1048576 entries
2016-11-15 22:19:23,003 INFO org.apache.hadoop.hdfs.server.namenode.FSDirectory: ACLs enabled? false
2016-11-15 22:19:23,007 INFO org.apache.hadoop.hdfs.server.namenode.FSDirectory: XAttrs enabled? true
2016-11-15 22:19:23,013 INFO org.apache.hadoop.hdfs.server.namenode.FSDirectory: Maximum size of an xattr: 16384
2016-11-15 22:19:23,014 INFO org.apache.hadoop.hdfs.server.namenode.NameNode: Caching file names occuring more than 10 times
2016-11-15 22:19:23,125 INFO org.apache.hadoop.util.GSet: Computing capacity for map cachedBlocks
2016-11-15 22:19:23,132 INFO org.apache.hadoop.util.GSet: VM type       = 64-bit
2016-11-15 22:19:23,133 INFO org.apache.hadoop.util.GSet: 0.25% max memory 966.7 MB = 2.4 MB
2016-11-15 22:19:23,134 INFO org.apache.hadoop.util.GSet: capacity      = 2^18 = 262144 entries
2016-11-15 22:19:23,138 INFO org.apache.hadoop.hdfs.server.namenode.FSNamesystem: dfs.namenode.safemode.threshold-pct = 0.9990000128746033
2016-11-15 22:19:23,142 INFO org.apache.hadoop.hdfs.server.namenode.FSNamesystem: dfs.namenode.safemode.min.datanodes = 0
2016-11-15 22:19:23,143 INFO org.apache.hadoop.hdfs.server.namenode.FSNamesystem: dfs.namenode.safemode.extension     = 30000
2016-11-15 22:19:23,146 INFO org.apache.hadoop.hdfs.server.namenode.top.metrics.TopMetrics: NNTop conf: dfs.namenode.top.window.num.buckets = 10
2016-11-15 22:19:23,149 INFO org.apache.hadoop.hdfs.server.namenode.top.metrics.TopMetrics: NNTop conf: dfs.namenode.top.num.users = 10
2016-11-15 22:19:23,153 INFO org.apache.hadoop.hdfs.server.namenode.top.metrics.TopMetrics: NNTop conf: dfs.namenode.top.windows.minutes = 1,5,25
2016-11-15 22:19:23,190 INFO org.apache.hadoop.hdfs.DFSUtil: Starting Web-server for secondary at: http://hbase-master.hadoop-docker:50090
2016-11-15 22:19:23,410 INFO org.mortbay.log: Logging to org.slf4j.impl.Log4jLoggerAdapter(org.mortbay.log) via org.mortbay.log.Slf4jLog
2016-11-15 22:19:23,436 INFO org.apache.hadoop.security.authentication.server.AuthenticationFilter: Unable to initialize FileSignerSecretProvider, falling back to use random secrets.
2016-11-15 22:19:23,446 INFO org.apache.hadoop.http.HttpRequestLog: Http request log for http.requests.secondary is not defined
2016-11-15 22:19:23,458 INFO org.apache.hadoop.http.HttpServer2: Added global filter 'safety' (class=org.apache.hadoop.http.HttpServer2$QuotingInputFilter)
2016-11-15 22:19:23,462 INFO org.apache.hadoop.http.HttpServer2: Added filter static_user_filter (class=org.apache.hadoop.http.lib.StaticUserWebFilter$StaticUserFilter) to context secondary
2016-11-15 22:19:23,474 INFO org.apache.hadoop.http.HttpServer2: Added filter static_user_filter (class=org.apache.hadoop.http.lib.StaticUserWebFilter$StaticUserFilter) to context logs
2016-11-15 22:19:23,485 INFO org.apache.hadoop.http.HttpServer2: Added filter static_user_filter (class=org.apache.hadoop.http.lib.StaticUserWebFilter$StaticUserFilter) to context static
2016-11-15 22:19:23,532 INFO org.apache.hadoop.http.HttpServer2: Jetty bound to port 50090
2016-11-15 22:19:23,551 INFO org.mortbay.log: jetty-6.1.26
2016-11-15 22:19:23,976 INFO org.mortbay.log: Started HttpServer2$SelectChannelConnectorWithSafeStartup@hbase-master.hadoop-docker:50090
2016-11-15 22:19:23,980 INFO org.apache.hadoop.hdfs.server.namenode.SecondaryNameNode: Web server init done
2016-11-15 22:19:23,981 INFO org.apache.hadoop.hdfs.server.namenode.SecondaryNameNode: Checkpoint Period   :3600 secs (60 min)
2016-11-15 22:19:23,981 INFO org.apache.hadoop.hdfs.server.namenode.SecondaryNameNode: Log Size Trigger    :1000000 txns
2016-11-15 22:20:24,163 INFO org.apache.hadoop.hdfs.server.namenode.SecondaryNameNode: Image has changed. Downloading updated image from NN.
2016-11-15 22:20:24,557 INFO org.apache.hadoop.hdfs.server.namenode.TransferFsImage: Opening connection to http://hbase-master.hadoop-docker:50070/imagetransfer?getimage=1&txid=0&storageInfo=-63:871721569:0:CID-66c877a1-a02a-4066-a151-830cec60a468
2016-11-15 22:20:24,638 INFO org.apache.hadoop.hdfs.server.namenode.TransferFsImage: Image Transfer timeout configured to 60000 milliseconds
2016-11-15 22:20:25,144 INFO org.apache.hadoop.hdfs.server.namenode.TransferFsImage: Transfer took 0.07s at 0.00 KB/s
2016-11-15 22:20:25,156 INFO org.apache.hadoop.hdfs.server.namenode.TransferFsImage: Downloaded file fsimage.ckpt_0000000000000000000 size 351 bytes.
2016-11-15 22:20:25,190 INFO org.apache.hadoop.hdfs.server.namenode.TransferFsImage: Opening connection to http://hbase-master.hadoop-docker:50070/imagetransfer?getedit=1&startTxId=1&endTxId=2&storageInfo=-63:871721569:0:CID-66c877a1-a02a-4066-a151-830cec60a468
2016-11-15 22:20:25,202 INFO org.apache.hadoop.hdfs.server.namenode.TransferFsImage: Transfer took 0.00s at 0.00 KB/s
2016-11-15 22:20:25,202 INFO org.apache.hadoop.hdfs.server.namenode.TransferFsImage: Downloaded file edits_tmp_0000000000000000001-0000000000000000002_0000000000741552925 size 0 bytes.
2016-11-15 22:20:25,271 INFO org.apache.hadoop.hdfs.server.namenode.FSImageFormatPBINode: Loading 1 INodes.
2016-11-15 22:20:25,317 INFO org.apache.hadoop.hdfs.server.namenode.FSImageFormatProtobuf: Loaded FSImage in 0 seconds.
2016-11-15 22:20:25,319 INFO org.apache.hadoop.hdfs.server.namenode.FSImage: Loaded image for txid 0 from /works/dfs/namesecondary/current/fsimage_0000000000000000000
2016-11-15 22:20:25,320 INFO org.apache.hadoop.hdfs.server.namenode.NameCache: initialized with 0 entries 0 lookups
2016-11-15 22:20:25,327 INFO org.apache.hadoop.hdfs.server.namenode.Checkpointer: Checkpointer about to load edits from 1 stream(s).
2016-11-15 22:20:25,332 INFO org.apache.hadoop.hdfs.server.namenode.FSImage: Reading /works/dfs/namesecondary/current/edits_0000000000000000001-0000000000000000002 expecting start txid #1
2016-11-15 22:20:25,332 INFO org.apache.hadoop.hdfs.server.namenode.FSImage: Start loading edits file /works/dfs/namesecondary/current/edits_0000000000000000001-0000000000000000002
2016-11-15 22:20:25,348 INFO org.apache.hadoop.hdfs.server.namenode.FSImage: Edits file /works/dfs/namesecondary/current/edits_0000000000000000001-0000000000000000002 of size 42 edits # 2 loaded in 0 seconds
2016-11-15 22:20:25,420 INFO org.apache.hadoop.hdfs.server.namenode.FSImageTransactionalStorageInspector: No version file in /works/dfs/namesecondary
2016-11-15 22:20:25,492 INFO org.apache.hadoop.hdfs.server.namenode.TransferFsImage: Uploaded image with txid 2 to namenode at http://hbase-master.hadoop-docker:50070 in 0.062 seconds
2016-11-15 22:20:25,496 WARN org.apache.hadoop.hdfs.server.namenode.SecondaryNameNode: Checkpoint done. New Image Size: 351
2016-11-15 22:44:00,659 ERROR org.apache.hadoop.hdfs.server.namenode.SecondaryNameNode: RECEIVED SIGNAL 15: SIGTERM
2016-11-15 22:44:00,662 INFO org.apache.hadoop.hdfs.server.namenode.SecondaryNameNode: SHUTDOWN_MSG: 
/************************************************************
SHUTDOWN_MSG: Shutting down SecondaryNameNode at hbase-master.hadoop-docker/172.21.0.4
************************************************************/
2016-11-15 22:46:55,789 INFO org.apache.hadoop.hdfs.server.namenode.SecondaryNameNode: STARTUP_MSG: 
/************************************************************
STARTUP_MSG: Starting SecondaryNameNode
STARTUP_MSG:   host = hbase-master.hadoop-docker/172.21.0.8
STARTUP_MSG:   args = []
STARTUP_MSG:   version = 2.7.2
STARTUP_MSG:   classpath = /root/hadoop/etc/hadoop:/root/hadoop/share/hadoop/common/lib/gson-2.2.4.jar:/root/hadoop/share/hadoop/common/lib/jackson-jaxrs-1.9.13.jar:/root/hadoop/share/hadoop/common/lib/commons-cli-1.2.jar:/root/hadoop/share/hadoop/common/lib/java-xmlbuilder-0.4.jar:/root/hadoop/share/hadoop/common/lib/commons-beanutils-core-1.8.0.jar:/root/hadoop/share/hadoop/common/lib/commons-configuration-1.6.jar:/root/hadoop/share/hadoop/common/lib/jsr305-3.0.0.jar:/root/hadoop/share/hadoop/common/lib/jsch-0.1.42.jar:/root/hadoop/share/hadoop/common/lib/commons-digester-1.8.jar:/root/hadoop/share/hadoop/common/lib/commons-beanutils-1.7.0.jar:/root/hadoop/share/hadoop/common/lib/jersey-server-1.9.jar:/root/hadoop/share/hadoop/common/lib/jets3t-0.9.0.jar:/root/hadoop/share/hadoop/common/lib/apacheds-kerberos-codec-2.0.0-M15.jar:/root/hadoop/share/hadoop/common/lib/jersey-json-1.9.jar:/root/hadoop/share/hadoop/common/lib/api-util-1.0.0-M20.jar:/root/hadoop/share/hadoop/common/lib/commons-math3-3.1.1.jar:/root/hadoop/share/hadoop/common/lib/curator-framework-2.7.1.jar:/root/hadoop/share/hadoop/common/lib/hadoop-annotations-2.7.2.jar:/root/hadoop/share/hadoop/common/lib/snappy-java-1.0.4.1.jar:/root/hadoop/share/hadoop/common/lib/api-asn1-api-1.0.0-M20.jar:/root/hadoop/share/hadoop/common/lib/commons-io-2.4.jar:/root/hadoop/share/hadoop/common/lib/junit-4.11.jar:/root/hadoop/share/hadoop/common/lib/commons-compress-1.4.1.jar:/root/hadoop/share/hadoop/common/lib/log4j-1.2.17.jar:/root/hadoop/share/hadoop/common/lib/httpclient-4.2.5.jar:/root/hadoop/share/hadoop/common/lib/hadoop-auth-2.7.2.jar:/root/hadoop/share/hadoop/common/lib/slf4j-log4j12-1.7.10.jar:/root/hadoop/share/hadoop/common/lib/commons-lang-2.6.jar:/root/hadoop/share/hadoop/common/lib/commons-net-3.1.jar:/root/hadoop/share/hadoop/common/lib/jettison-1.1.jar:/root/hadoop/share/hadoop/common/lib/servlet-api-2.5.jar:/root/hadoop/share/hadoop/common/lib/zookeeper-3.4.6.jar:/root/hadoop/share/hadoop/common/lib/mockito-all-1.8.5.jar:/root/hadoop/share/hadoop/common/lib/jaxb-impl-2.2.3-1.jar:/root/hadoop/share/hadoop/common/lib/commons-httpclient-3.1.jar:/root/hadoop/share/hadoop/common/lib/stax-api-1.0-2.jar:/root/hadoop/share/hadoop/common/lib/jaxb-api-2.2.2.jar:/root/hadoop/share/hadoop/common/lib/xmlenc-0.52.jar:/root/hadoop/share/hadoop/common/lib/xz-1.0.jar:/root/hadoop/share/hadoop/common/lib/activation-1.1.jar:/root/hadoop/share/hadoop/common/lib/jackson-mapper-asl-1.9.13.jar:/root/hadoop/share/hadoop/common/lib/htrace-core-3.1.0-incubating.jar:/root/hadoop/share/hadoop/common/lib/commons-collections-3.2.2.jar:/root/hadoop/share/hadoop/common/lib/guava-11.0.2.jar:/root/hadoop/share/hadoop/common/lib/jersey-core-1.9.jar:/root/hadoop/share/hadoop/common/lib/jsp-api-2.1.jar:/root/hadoop/share/hadoop/common/lib/asm-3.2.jar:/root/hadoop/share/hadoop/common/lib/curator-client-2.7.1.jar:/root/hadoop/share/hadoop/common/lib/avro-1.7.4.jar:/root/hadoop/share/hadoop/common/lib/hamcrest-core-1.3.jar:/root/hadoop/share/hadoop/common/lib/curator-recipes-2.7.1.jar:/root/hadoop/share/hadoop/common/lib/jackson-core-asl-1.9.13.jar:/root/hadoop/share/hadoop/common/lib/jackson-xc-1.9.13.jar:/root/hadoop/share/hadoop/common/lib/jetty-util-6.1.26.jar:/root/hadoop/share/hadoop/common/lib/commons-codec-1.4.jar:/root/hadoop/share/hadoop/common/lib/netty-3.6.2.Final.jar:/root/hadoop/share/hadoop/common/lib/httpcore-4.2.5.jar:/root/hadoop/share/hadoop/common/lib/paranamer-2.3.jar:/root/hadoop/share/hadoop/common/lib/apacheds-i18n-2.0.0-M15.jar:/root/hadoop/share/hadoop/common/lib/protobuf-java-2.5.0.jar:/root/hadoop/share/hadoop/common/lib/jetty-6.1.26.jar:/root/hadoop/share/hadoop/common/lib/slf4j-api-1.7.10.jar:/root/hadoop/share/hadoop/common/lib/commons-logging-1.1.3.jar:/root/hadoop/share/hadoop/common/hadoop-nfs-2.7.2.jar:/root/hadoop/share/hadoop/common/hadoop-common-2.7.2.jar:/root/hadoop/share/hadoop/common/hadoop-common-2.7.2-tests.jar:/root/hadoop/share/hadoop/hdfs:/root/hadoop/share/hadoop/hdfs/lib/commons-cli-1.2.jar:/root/hadoop/share/hadoop/hdfs/lib/jsr305-3.0.0.jar:/root/hadoop/share/hadoop/hdfs/lib/jersey-server-1.9.jar:/root/hadoop/share/hadoop/hdfs/lib/xercesImpl-2.9.1.jar:/root/hadoop/share/hadoop/hdfs/lib/netty-all-4.0.23.Final.jar:/root/hadoop/share/hadoop/hdfs/lib/commons-daemon-1.0.13.jar:/root/hadoop/share/hadoop/hdfs/lib/commons-io-2.4.jar:/root/hadoop/share/hadoop/hdfs/lib/leveldbjni-all-1.8.jar:/root/hadoop/share/hadoop/hdfs/lib/log4j-1.2.17.jar:/root/hadoop/share/hadoop/hdfs/lib/commons-lang-2.6.jar:/root/hadoop/share/hadoop/hdfs/lib/servlet-api-2.5.jar:/root/hadoop/share/hadoop/hdfs/lib/xmlenc-0.52.jar:/root/hadoop/share/hadoop/hdfs/lib/jackson-mapper-asl-1.9.13.jar:/root/hadoop/share/hadoop/hdfs/lib/htrace-core-3.1.0-incubating.jar:/root/hadoop/share/hadoop/hdfs/lib/xml-apis-1.3.04.jar:/root/hadoop/share/hadoop/hdfs/lib/guava-11.0.2.jar:/root/hadoop/share/hadoop/hdfs/lib/jersey-core-1.9.jar:/root/hadoop/share/hadoop/hdfs/lib/asm-3.2.jar:/root/hadoop/share/hadoop/hdfs/lib/jackson-core-asl-1.9.13.jar:/root/hadoop/share/hadoop/hdfs/lib/jetty-util-6.1.26.jar:/root/hadoop/share/hadoop/hdfs/lib/commons-codec-1.4.jar:/root/hadoop/share/hadoop/hdfs/lib/netty-3.6.2.Final.jar:/root/hadoop/share/hadoop/hdfs/lib/protobuf-java-2.5.0.jar:/root/hadoop/share/hadoop/hdfs/lib/jetty-6.1.26.jar:/root/hadoop/share/hadoop/hdfs/lib/commons-logging-1.1.3.jar:/root/hadoop/share/hadoop/hdfs/hadoop-hdfs-2.7.2.jar:/root/hadoop/share/hadoop/hdfs/hadoop-hdfs-nfs-2.7.2.jar:/root/hadoop/share/hadoop/hdfs/hadoop-hdfs-2.7.2-tests.jar:/root/hadoop/share/hadoop/yarn/lib/jackson-jaxrs-1.9.13.jar:/root/hadoop/share/hadoop/yarn/lib/commons-cli-1.2.jar:/root/hadoop/share/hadoop/yarn/lib/jsr305-3.0.0.jar:/root/hadoop/share/hadoop/yarn/lib/aopalliance-1.0.jar:/root/hadoop/share/hadoop/yarn/lib/jersey-server-1.9.jar:/root/hadoop/share/hadoop/yarn/lib/jersey-guice-1.9.jar:/root/hadoop/share/hadoop/yarn/lib/jersey-json-1.9.jar:/root/hadoop/share/hadoop/yarn/lib/zookeeper-3.4.6-tests.jar:/root/hadoop/share/hadoop/yarn/lib/commons-io-2.4.jar:/root/hadoop/share/hadoop/yarn/lib/commons-compress-1.4.1.jar:/root/hadoop/share/hadoop/yarn/lib/leveldbjni-all-1.8.jar:/root/hadoop/share/hadoop/yarn/lib/log4j-1.2.17.jar:/root/hadoop/share/hadoop/yarn/lib/commons-lang-2.6.jar:/root/hadoop/share/hadoop/yarn/lib/jettison-1.1.jar:/root/hadoop/share/hadoop/yarn/lib/servlet-api-2.5.jar:/root/hadoop/share/hadoop/yarn/lib/guice-servlet-3.0.jar:/root/hadoop/share/hadoop/yarn/lib/javax.inject-1.jar:/root/hadoop/share/hadoop/yarn/lib/zookeeper-3.4.6.jar:/root/hadoop/share/hadoop/yarn/lib/jaxb-impl-2.2.3-1.jar:/root/hadoop/share/hadoop/yarn/lib/stax-api-1.0-2.jar:/root/hadoop/share/hadoop/yarn/lib/jaxb-api-2.2.2.jar:/root/hadoop/share/hadoop/yarn/lib/xz-1.0.jar:/root/hadoop/share/hadoop/yarn/lib/activation-1.1.jar:/root/hadoop/share/hadoop/yarn/lib/jackson-mapper-asl-1.9.13.jar:/root/hadoop/share/hadoop/yarn/lib/commons-collections-3.2.2.jar:/root/hadoop/share/hadoop/yarn/lib/guava-11.0.2.jar:/root/hadoop/share/hadoop/yarn/lib/jersey-core-1.9.jar:/root/hadoop/share/hadoop/yarn/lib/asm-3.2.jar:/root/hadoop/share/hadoop/yarn/lib/guice-3.0.jar:/root/hadoop/share/hadoop/yarn/lib/jackson-core-asl-1.9.13.jar:/root/hadoop/share/hadoop/yarn/lib/jackson-xc-1.9.13.jar:/root/hadoop/share/hadoop/yarn/lib/jetty-util-6.1.26.jar:/root/hadoop/share/hadoop/yarn/lib/commons-codec-1.4.jar:/root/hadoop/share/hadoop/yarn/lib/netty-3.6.2.Final.jar:/root/hadoop/share/hadoop/yarn/lib/protobuf-java-2.5.0.jar:/root/hadoop/share/hadoop/yarn/lib/jetty-6.1.26.jar:/root/hadoop/share/hadoop/yarn/lib/commons-logging-1.1.3.jar:/root/hadoop/share/hadoop/yarn/lib/jersey-client-1.9.jar:/root/hadoop/share/hadoop/yarn/hadoop-yarn-server-applicationhistoryservice-2.7.2.jar:/root/hadoop/share/hadoop/yarn/hadoop-yarn-server-common-2.7.2.jar:/root/hadoop/share/hadoop/yarn/hadoop-yarn-client-2.7.2.jar:/root/hadoop/share/hadoop/yarn/hadoop-yarn-server-tests-2.7.2.jar:/root/hadoop/share/hadoop/yarn/hadoop-yarn-server-web-proxy-2.7.2.jar:/root/hadoop/share/hadoop/yarn/hadoop-yarn-server-sharedcachemanager-2.7.2.jar:/root/hadoop/share/hadoop/yarn/hadoop-yarn-registry-2.7.2.jar:/root/hadoop/share/hadoop/yarn/hadoop-yarn-applications-unmanaged-am-launcher-2.7.2.jar:/root/hadoop/share/hadoop/yarn/hadoop-yarn-server-nodemanager-2.7.2.jar:/root/hadoop/share/hadoop/yarn/hadoop-yarn-applications-distributedshell-2.7.2.jar:/root/hadoop/share/hadoop/yarn/hadoop-yarn-common-2.7.2.jar:/root/hadoop/share/hadoop/yarn/hadoop-yarn-api-2.7.2.jar:/root/hadoop/share/hadoop/yarn/hadoop-yarn-server-resourcemanager-2.7.2.jar:/root/hadoop/share/hadoop/mapreduce/lib/aopalliance-1.0.jar:/root/hadoop/share/hadoop/mapreduce/lib/jersey-server-1.9.jar:/root/hadoop/share/hadoop/mapreduce/lib/jersey-guice-1.9.jar:/root/hadoop/share/hadoop/mapreduce/lib/hadoop-annotations-2.7.2.jar:/root/hadoop/share/hadoop/mapreduce/lib/snappy-java-1.0.4.1.jar:/root/hadoop/share/hadoop/mapreduce/lib/commons-io-2.4.jar:/root/hadoop/share/hadoop/mapreduce/lib/junit-4.11.jar:/root/hadoop/share/hadoop/mapreduce/lib/commons-compress-1.4.1.jar:/root/hadoop/share/hadoop/mapreduce/lib/leveldbjni-all-1.8.jar:/root/hadoop/share/hadoop/mapreduce/lib/log4j-1.2.17.jar:/root/hadoop/share/hadoop/mapreduce/lib/guice-servlet-3.0.jar:/root/hadoop/share/hadoop/mapreduce/lib/javax.inject-1.jar:/root/hadoop/share/hadoop/mapreduce/lib/xz-1.0.jar:/root/hadoop/share/hadoop/mapreduce/lib/jackson-mapper-asl-1.9.13.jar:/root/hadoop/share/hadoop/mapreduce/lib/jersey-core-1.9.jar:/root/hadoop/share/hadoop/mapreduce/lib/asm-3.2.jar:/root/hadoop/share/hadoop/mapreduce/lib/avro-1.7.4.jar:/root/hadoop/share/hadoop/mapreduce/lib/guice-3.0.jar:/root/hadoop/share/hadoop/mapreduce/lib/hamcrest-core-1.3.jar:/root/hadoop/share/hadoop/mapreduce/lib/jackson-core-asl-1.9.13.jar:/root/hadoop/share/hadoop/mapreduce/lib/netty-3.6.2.Final.jar:/root/hadoop/share/hadoop/mapreduce/lib/paranamer-2.3.jar:/root/hadoop/share/hadoop/mapreduce/lib/protobuf-java-2.5.0.jar:/root/hadoop/share/hadoop/mapreduce/hadoop-mapreduce-client-core-2.7.2.jar:/root/hadoop/share/hadoop/mapreduce/hadoop-mapreduce-client-hs-plugins-2.7.2.jar:/root/hadoop/share/hadoop/mapreduce/hadoop-mapreduce-client-common-2.7.2.jar:/root/hadoop/share/hadoop/mapreduce/hadoop-mapreduce-client-jobclient-2.7.2-tests.jar:/root/hadoop/share/hadoop/mapreduce/hadoop-mapreduce-client-app-2.7.2.jar:/root/hadoop/share/hadoop/mapreduce/hadoop-mapreduce-client-jobclient-2.7.2.jar:/root/hadoop/share/hadoop/mapreduce/hadoop-mapreduce-client-shuffle-2.7.2.jar:/root/hadoop/share/hadoop/mapreduce/hadoop-mapreduce-examples-2.7.2.jar:/root/hadoop/share/hadoop/mapreduce/hadoop-mapreduce-client-hs-2.7.2.jar:/root/hadoop/contrib/capacity-scheduler/*.jar:/root/hadoop/contrib/capacity-scheduler/*.jar:/root/hadoop/contrib/capacity-scheduler/*.jar
STARTUP_MSG:   build = Unknown -r Unknown; compiled by 'hadoop' on 2016-08-24T08:00Z
STARTUP_MSG:   java = 1.8.0_111
************************************************************/
2016-11-15 22:46:55,811 INFO org.apache.hadoop.hdfs.server.namenode.SecondaryNameNode: registered UNIX signal handlers for [TERM, HUP, INT]
2016-11-15 22:46:56,705 INFO org.apache.hadoop.metrics2.impl.MetricsConfig: loaded properties from hadoop-metrics2.properties
2016-11-15 22:46:56,840 INFO org.apache.hadoop.metrics2.impl.MetricsSystemImpl: Scheduled snapshot period at 10 second(s).
2016-11-15 22:46:56,840 INFO org.apache.hadoop.metrics2.impl.MetricsSystemImpl: SecondaryNameNode metrics system started
2016-11-15 22:46:57,140 INFO org.apache.hadoop.hdfs.server.common.Storage: Lock on /works/dfs/namesecondary/in_use.lock acquired by nodename 379@hbase-master.hadoop-docker
2016-11-15 22:46:57,252 INFO org.apache.hadoop.hdfs.server.namenode.FSNamesystem: No KeyProvider found.
2016-11-15 22:46:57,253 INFO org.apache.hadoop.hdfs.server.namenode.FSNamesystem: fsLock is fair:true
2016-11-15 22:46:57,337 INFO org.apache.hadoop.hdfs.server.blockmanagement.DatanodeManager: dfs.block.invalidate.limit=1000
2016-11-15 22:46:57,337 INFO org.apache.hadoop.hdfs.server.blockmanagement.DatanodeManager: dfs.namenode.datanode.registration.ip-hostname-check=true
2016-11-15 22:46:57,342 INFO org.apache.hadoop.hdfs.server.blockmanagement.BlockManager: dfs.namenode.startup.delay.block.deletion.sec is set to 000:00:00:00.000
2016-11-15 22:46:57,345 INFO org.apache.hadoop.hdfs.server.blockmanagement.BlockManager: The block deletion will start around 2016 Nov 15 22:46:57
2016-11-15 22:46:57,347 INFO org.apache.hadoop.util.GSet: Computing capacity for map BlocksMap
2016-11-15 22:46:57,347 INFO org.apache.hadoop.util.GSet: VM type       = 64-bit
2016-11-15 22:46:57,349 INFO org.apache.hadoop.util.GSet: 2.0% max memory 966.7 MB = 19.3 MB
2016-11-15 22:46:57,349 INFO org.apache.hadoop.util.GSet: capacity      = 2^21 = 2097152 entries
2016-11-15 22:46:57,365 INFO org.apache.hadoop.hdfs.server.blockmanagement.BlockManager: dfs.block.access.token.enable=false
2016-11-15 22:46:57,369 INFO org.apache.hadoop.hdfs.server.blockmanagement.BlockManager: defaultReplication         = 2
2016-11-15 22:46:57,369 INFO org.apache.hadoop.hdfs.server.blockmanagement.BlockManager: maxReplication             = 512
2016-11-15 22:46:57,369 INFO org.apache.hadoop.hdfs.server.blockmanagement.BlockManager: minReplication             = 1
2016-11-15 22:46:57,369 INFO org.apache.hadoop.hdfs.server.blockmanagement.BlockManager: maxReplicationStreams      = 2
2016-11-15 22:46:57,369 INFO org.apache.hadoop.hdfs.server.blockmanagement.BlockManager: replicationRecheckInterval = 3000
2016-11-15 22:46:57,369 INFO org.apache.hadoop.hdfs.server.blockmanagement.BlockManager: encryptDataTransfer        = false
2016-11-15 22:46:57,370 INFO org.apache.hadoop.hdfs.server.blockmanagement.BlockManager: maxNumBlocksToLog          = 1000
2016-11-15 22:46:57,371 INFO org.apache.hadoop.hdfs.server.namenode.FSNamesystem: fsOwner             = root (auth:SIMPLE)
2016-11-15 22:46:57,372 INFO org.apache.hadoop.hdfs.server.namenode.FSNamesystem: supergroup          = supergroup
2016-11-15 22:46:57,372 INFO org.apache.hadoop.hdfs.server.namenode.FSNamesystem: isPermissionEnabled = true
2016-11-15 22:46:57,373 INFO org.apache.hadoop.hdfs.server.namenode.FSNamesystem: HA Enabled: false
2016-11-15 22:46:57,375 INFO org.apache.hadoop.hdfs.server.namenode.FSNamesystem: Append Enabled: true
2016-11-15 22:46:57,487 INFO org.apache.hadoop.util.GSet: Computing capacity for map INodeMap
2016-11-15 22:46:57,488 INFO org.apache.hadoop.util.GSet: VM type       = 64-bit
2016-11-15 22:46:57,488 INFO org.apache.hadoop.util.GSet: 1.0% max memory 966.7 MB = 9.7 MB
2016-11-15 22:46:57,489 INFO org.apache.hadoop.util.GSet: capacity      = 2^20 = 1048576 entries
2016-11-15 22:46:57,490 INFO org.apache.hadoop.hdfs.server.namenode.FSDirectory: ACLs enabled? false
2016-11-15 22:46:57,491 INFO org.apache.hadoop.hdfs.server.namenode.FSDirectory: XAttrs enabled? true
2016-11-15 22:46:57,492 INFO org.apache.hadoop.hdfs.server.namenode.FSDirectory: Maximum size of an xattr: 16384
2016-11-15 22:46:57,493 INFO org.apache.hadoop.hdfs.server.namenode.NameNode: Caching file names occuring more than 10 times
2016-11-15 22:46:57,508 INFO org.apache.hadoop.util.GSet: Computing capacity for map cachedBlocks
2016-11-15 22:46:57,508 INFO org.apache.hadoop.util.GSet: VM type       = 64-bit
2016-11-15 22:46:57,513 INFO org.apache.hadoop.util.GSet: 0.25% max memory 966.7 MB = 2.4 MB
2016-11-15 22:46:57,515 INFO org.apache.hadoop.util.GSet: capacity      = 2^18 = 262144 entries
2016-11-15 22:46:57,518 INFO org.apache.hadoop.hdfs.server.namenode.FSNamesystem: dfs.namenode.safemode.threshold-pct = 0.9990000128746033
2016-11-15 22:46:57,520 INFO org.apache.hadoop.hdfs.server.namenode.FSNamesystem: dfs.namenode.safemode.min.datanodes = 0
2016-11-15 22:46:57,521 INFO org.apache.hadoop.hdfs.server.namenode.FSNamesystem: dfs.namenode.safemode.extension     = 30000
2016-11-15 22:46:57,524 INFO org.apache.hadoop.hdfs.server.namenode.top.metrics.TopMetrics: NNTop conf: dfs.namenode.top.window.num.buckets = 10
2016-11-15 22:46:57,527 INFO org.apache.hadoop.hdfs.server.namenode.top.metrics.TopMetrics: NNTop conf: dfs.namenode.top.num.users = 10
2016-11-15 22:46:57,528 INFO org.apache.hadoop.hdfs.server.namenode.top.metrics.TopMetrics: NNTop conf: dfs.namenode.top.windows.minutes = 1,5,25
2016-11-15 22:46:57,547 INFO org.apache.hadoop.hdfs.DFSUtil: Starting Web-server for secondary at: http://hbase-master.hadoop-docker:50090
2016-11-15 22:46:57,658 INFO org.mortbay.log: Logging to org.slf4j.impl.Log4jLoggerAdapter(org.mortbay.log) via org.mortbay.log.Slf4jLog
2016-11-15 22:46:57,666 INFO org.apache.hadoop.security.authentication.server.AuthenticationFilter: Unable to initialize FileSignerSecretProvider, falling back to use random secrets.
2016-11-15 22:46:57,681 INFO org.apache.hadoop.http.HttpRequestLog: Http request log for http.requests.secondary is not defined
2016-11-15 22:46:57,692 INFO org.apache.hadoop.http.HttpServer2: Added global filter 'safety' (class=org.apache.hadoop.http.HttpServer2$QuotingInputFilter)
2016-11-15 22:46:57,706 INFO org.apache.hadoop.http.HttpServer2: Added filter static_user_filter (class=org.apache.hadoop.http.lib.StaticUserWebFilter$StaticUserFilter) to context secondary
2016-11-15 22:46:57,707 INFO org.apache.hadoop.http.HttpServer2: Added filter static_user_filter (class=org.apache.hadoop.http.lib.StaticUserWebFilter$StaticUserFilter) to context logs
2016-11-15 22:46:57,708 INFO org.apache.hadoop.http.HttpServer2: Added filter static_user_filter (class=org.apache.hadoop.http.lib.StaticUserWebFilter$StaticUserFilter) to context static
2016-11-15 22:46:57,725 INFO org.apache.hadoop.http.HttpServer2: Jetty bound to port 50090
2016-11-15 22:46:57,725 INFO org.mortbay.log: jetty-6.1.26
2016-11-15 22:46:57,908 INFO org.mortbay.log: Started HttpServer2$SelectChannelConnectorWithSafeStartup@hbase-master.hadoop-docker:50090
2016-11-15 22:46:57,909 INFO org.apache.hadoop.hdfs.server.namenode.SecondaryNameNode: Web server init done
2016-11-15 22:46:57,909 INFO org.apache.hadoop.hdfs.server.namenode.SecondaryNameNode: Checkpoint Period   :3600 secs (60 min)
2016-11-15 22:46:57,909 INFO org.apache.hadoop.hdfs.server.namenode.SecondaryNameNode: Log Size Trigger    :1000000 txns
2016-11-15 22:47:58,048 ERROR org.apache.hadoop.hdfs.server.namenode.SecondaryNameNode: Exception in doCheckpoint
java.io.IOException: Inconsistent checkpoint fields.
LV = -63 namespaceID = 1139391989 cTime = 0 ; clusterId = CID-a82fa53e-2d73-42f1-8d95-dc3a8b11f2a4 ; blockpoolId = BP-1611714032-172.21.0.8-1479221189697.
Expecting respectively: -63; 871721569; 0; CID-66c877a1-a02a-4066-a151-830cec60a468; BP-521565492-172.21.0.4-1479219528792.
	at org.apache.hadoop.hdfs.server.namenode.CheckpointSignature.validateStorageInfo(CheckpointSignature.java:143)
	at org.apache.hadoop.hdfs.server.namenode.SecondaryNameNode.doCheckpoint(SecondaryNameNode.java:531)
	at org.apache.hadoop.hdfs.server.namenode.SecondaryNameNode.doWork(SecondaryNameNode.java:395)
	at org.apache.hadoop.hdfs.server.namenode.SecondaryNameNode$1.run(SecondaryNameNode.java:361)
	at org.apache.hadoop.security.SecurityUtil.doAsLoginUserOrFatal(SecurityUtil.java:415)
	at org.apache.hadoop.hdfs.server.namenode.SecondaryNameNode.run(SecondaryNameNode.java:357)
	at java.lang.Thread.run(Thread.java:745)
2016-11-15 22:48:42,640 ERROR org.apache.hadoop.hdfs.server.namenode.SecondaryNameNode: RECEIVED SIGNAL 15: SIGTERM
2016-11-15 22:48:42,644 INFO org.apache.hadoop.hdfs.server.namenode.SecondaryNameNode: SHUTDOWN_MSG: 
/************************************************************
SHUTDOWN_MSG: Shutting down SecondaryNameNode at hbase-master.hadoop-docker/172.21.0.8
************************************************************/
