Tue Nov 15 22:20:49 CST 2016 Starting regionserver on hbase-slave3.hadoop-docker
core file size          (blocks, -c) 0
data seg size           (kbytes, -d) unlimited
scheduling priority             (-e) 0
file size               (blocks, -f) unlimited
pending signals                 (-i) 31757
max locked memory       (kbytes, -l) 64
max memory size         (kbytes, -m) unlimited
open files                      (-n) 1048576
pipe size            (512 bytes, -p) 8
POSIX message queues     (bytes, -q) 819200
real-time priority              (-r) 0
stack size              (kbytes, -s) 8192
cpu time               (seconds, -t) unlimited
max user processes              (-u) 1048576
virtual memory          (kbytes, -v) unlimited
file locks                      (-x) unlimited
2016-11-15 22:20:53,839 INFO  [main] util.VersionInfo: HBase 1.2.2
2016-11-15 22:20:53,847 INFO  [main] util.VersionInfo: Source code repository git://asf-dev/home/busbey/projects/hbase revision=3f671c1ead70d249ea4598f1bbcc5151322b3a13
2016-11-15 22:20:53,849 INFO  [main] util.VersionInfo: Compiled by busbey on Fri Jul  1 08:28:55 CDT 2016
2016-11-15 22:20:53,852 INFO  [main] util.VersionInfo: From source with checksum 7ac43c3d2f62f134b2a6aa1a05ad66ac
2016-11-15 22:20:57,275 INFO  [main] util.ServerCommandLine: env:HBASE_LOGFILE=hbase-root-regionserver-hbase-slave3.hadoop-docker.log
2016-11-15 22:20:57,279 INFO  [main] util.ServerCommandLine: env:PATH=.:/usr/local/sbin:/usr/local/bin:/sbin:/bin:/usr/sbin:/usr/bin:/usr/lib/jvm/java-openjdk/bin:/root/hadoop/bin:/root/hadoop/sbin:/root/hbase/bin:/root/hive/bin:/root/spark/bin:/root/spark/sbin:/root/zookeeper/bin:/root/kafka/bin
2016-11-15 22:20:57,279 INFO  [main] util.ServerCommandLine: env:HADOOP_CONF_DIR=/root/hadoop/etc/hadoop
2016-11-15 22:20:57,307 INFO  [main] util.ServerCommandLine: env:JAVA_HOME=/usr/lib/jvm/java-openjdk
2016-11-15 22:20:57,317 INFO  [main] util.ServerCommandLine: env:KAFKA_HOME=/root/kafka
2016-11-15 22:20:57,319 INFO  [main] util.ServerCommandLine: env:XFILESEARCHPATH=/usr/dt/app-defaults/%L/Dt
2016-11-15 22:20:57,325 INFO  [main] util.ServerCommandLine: env:LANG=en_US.UTF-8
2016-11-15 22:20:57,330 INFO  [main] util.ServerCommandLine: env:G_BROKEN_FILENAMES=1
2016-11-15 22:20:57,347 INFO  [main] util.ServerCommandLine: env:MAIL=/var/mail/root
2016-11-15 22:20:57,354 INFO  [main] util.ServerCommandLine: env:SPARK_HOME=/root/spark
2016-11-15 22:20:57,361 INFO  [main] util.ServerCommandLine: env:LD_LIBRARY_PATH=.::/root/hadoop/lib/native/:.:/root/hadoop/lib/native
2016-11-15 22:20:57,361 INFO  [main] util.ServerCommandLine: env:LOGNAME=root
2016-11-15 22:20:57,362 INFO  [main] util.ServerCommandLine: env:HBASE_REST_OPTS=
2016-11-15 22:20:57,368 INFO  [main] util.ServerCommandLine: env:PWD=/root/hbase
2016-11-15 22:20:57,373 INFO  [main] util.ServerCommandLine: env:HBASE_ROOT_LOGGER=INFO,RFA
2016-11-15 22:20:57,373 INFO  [main] util.ServerCommandLine: env:LESSOPEN=||/usr/bin/lesspipe.sh %s
2016-11-15 22:20:57,374 INFO  [main] util.ServerCommandLine: env:SHELL=/bin/bash
2016-11-15 22:20:57,374 INFO  [main] util.ServerCommandLine: env:HBASE_ENV_INIT=true
2016-11-15 22:20:57,375 INFO  [main] util.ServerCommandLine: env:HBASE_IDENT_STRING=root
2016-11-15 22:20:57,375 INFO  [main] util.ServerCommandLine: env:HBASE_ZNODE_FILE=/tmp/hbase-root-regionserver.znode
2016-11-15 22:20:57,376 INFO  [main] util.ServerCommandLine: env:SSH_CLIENT=172.21.0.4 54332 22
2016-11-15 22:20:57,376 INFO  [main] util.ServerCommandLine: env:HIVE_HOME=/root/hive
2016-11-15 22:20:57,377 INFO  [main] util.ServerCommandLine: env:HBASE_LOG_PREFIX=hbase-root-regionserver-hbase-slave3.hadoop-docker
2016-11-15 22:20:57,377 INFO  [main] util.ServerCommandLine: env:HBASE_LOG_DIR=/root/hbase/logs
2016-11-15 22:20:57,377 INFO  [main] util.ServerCommandLine: env:USER=root
2016-11-15 22:20:57,378 INFO  [main] util.ServerCommandLine: env:CLASSPATH=/root/hbase/conf:/usr/lib/jvm/java-openjdk/lib/tools.jar:/root/hbase:/root/hbase/lib/activation-1.1.jar:/root/hbase/lib/antisamy-1.5.3.jar:/root/hbase/lib/aopalliance-1.0.jar:/root/hbase/lib/apacheds-i18n-2.0.0-M15.jar:/root/hbase/lib/apacheds-kerberos-codec-2.0.0-M15.jar:/root/hbase/lib/api-asn1-api-1.0.0-M20.jar:/root/hbase/lib/api-util-1.0.0-M20.jar:/root/hbase/lib/asm-3.1.jar:/root/hbase/lib/avro-1.7.4.jar:/root/hbase/lib/batik-css-1.8.jar:/root/hbase/lib/batik-ext-1.8.jar:/root/hbase/lib/batik-util-1.8.jar:/root/hbase/lib/bsh-core-2.0b4.jar:/root/hbase/lib/commons-beanutils-1.7.0.jar:/root/hbase/lib/commons-beanutils-core-1.8.3.jar:/root/hbase/lib/commons-cli-1.2.jar:/root/hbase/lib/commons-codec-1.9.jar:/root/hbase/lib/commons-collections-3.2.2.jar:/root/hbase/lib/commons-compress-1.4.1.jar:/root/hbase/lib/commons-configuration-1.6.jar:/root/hbase/lib/commons-daemon-1.0.13.jar:/root/hbase/lib/commons-digester-1.8.jar:/root/hbase/lib/commons-el-1.0.jar:/root/hbase/lib/commons-fileupload-1.3.1.jar:/root/hbase/lib/commons-httpclient-3.1.jar:/root/hbase/lib/commons-io-2.4.jar:/root/hbase/lib/commons-lang-2.6.jar:/root/hbase/lib/commons-logging-1.2.jar:/root/hbase/lib/commons-math-2.2.jar:/root/hbase/lib/commons-math3-3.1.1.jar:/root/hbase/lib/commons-net-3.1.jar:/root/hbase/lib/disruptor-3.3.0.jar:/root/hbase/lib/esapi-2.1.0.1.jar:/root/hbase/lib/findbugs-annotations-1.3.9-1.jar:/root/hbase/lib/guava-12.0.1.jar:/root/hbase/lib/guice-3.0.jar:/root/hbase/lib/guice-servlet-3.0.jar:/root/hbase/lib/hadoop-annotations-2.5.1.jar:/root/hbase/lib/hadoop-auth-2.5.1.jar:/root/hbase/lib/hadoop-client-2.5.1.jar:/root/hbase/lib/hadoop-common-2.5.1.jar:/root/hbase/lib/hadoop-hdfs-2.5.1.jar:/root/hbase/lib/hadoop-mapreduce-client-app-2.5.1.jar:/root/hbase/lib/hadoop-mapreduce-client-common-2.5.1.jar:/root/hbase/lib/hadoop-mapreduce-client-core-2.5.1.jar:/root/hbase/lib/hadoop-mapreduce-client-jobclient-2.5.1.jar:/root/hbase/lib/hadoop-mapreduce-client-shuffle-2.5.1.jar:/root/hbase/lib/hadoop-yarn-api-2.5.1.jar:/root/hbase/lib/hadoop-yarn-client-2.5.1.jar:/root/hbase/lib/hadoop-yarn-common-2.5.1.jar:/root/hbase/lib/hadoop-yarn-server-common-2.5.1.jar:/root/hbase/lib/hbase-annotations-1.2.2.jar:/root/hbase/lib/hbase-annotations-1.2.2-tests.jar:/root/hbase/lib/hbase-client-1.2.2.jar:/root/hbase/lib/hbase-common-1.2.2.jar:/root/hbase/lib/hbase-common-1.2.2-tests.jar:/root/hbase/lib/hbase-examples-1.2.2.jar:/root/hbase/lib/hbase-external-blockcache-1.2.2.jar:/root/hbase/lib/hbase-hadoop2-compat-1.2.2.jar:/root/hbase/lib/hbase-hadoop-compat-1.2.2.jar:/root/hbase/lib/hbase-it-1.2.2.jar:/root/hbase/lib/hbase-it-1.2.2-tests.jar:/root/hbase/lib/hbase-prefix-tree-1.2.2.jar:/root/hbase/lib/hbase-procedure-1.2.2.jar:/root/hbase/lib/hbase-protocol-1.2.2.jar:/root/hbase/lib/hbase-resource-bundle-1.2.2.jar:/root/hbase/lib/hbase-rest-1.2.2.jar:/root/hbase/lib/hbase-server-1.2.2.jar:/root/hbase/lib/hbase-server-1.2.2-tests.jar:/root/hbase/lib/hbase-shell-1.2.2.jar:/root/hbase/lib/hbase-thrift-1.2.2.jar:/root/hbase/lib/htrace-core-3.1.0-incubating.jar:/root/hbase/lib/httpclient-4.2.5.jar:/root/hbase/lib/httpcore-4.4.1.jar:/root/hbase/lib/jackson-core-asl-1.9.13.jar:/root/hbase/lib/jackson-jaxrs-1.9.13.jar:/root/hbase/lib/jackson-mapper-asl-1.9.13.jar:/root/hbase/lib/jackson-xc-1.9.13.jar:/root/hbase/lib/jamon-runtime-2.4.1.jar:/root/hbase/lib/jasper-compiler-5.5.23.jar:/root/hbase/lib/jasper-runtime-5.5.23.jar:/root/hbase/lib/javax.inject-1.jar:/root/hbase/lib/java-xmlbuilder-0.4.jar:/root/hbase/lib/jaxb-api-2.2.2.jar:/root/hbase/lib/jaxb-impl-2.2.3-1.jar:/root/hbase/lib/jcodings-1.0.8.jar:/root/hbase/lib/jersey-client-1.9.jar:/root/hbase/lib/jersey-core-1.9.jar:/root/hbase/lib/jersey-guice-1.9.jar:/root/hbase/lib/jersey-json-1.9.jar:/root/hbase/lib/jersey-server-1.9.jar:/root/hbase/lib/jets3t-0.9.0.jar:/root/hbase/lib/jettison-1.3.3.jar:/root/hbase/lib/jetty-6.1.26.jar:/root/hbase/lib/jetty-sslengine-6.1.26.jar:/root/hbase/lib/jetty-util-6.1.26.jar:/root/hbase/lib/joni-2.1.2.jar:/root/hbase/lib/jruby-complete-1.6.8.jar:/root/hbase/lib/jsch-0.1.42.jar:/root/hbase/lib/jsp-2.1-6.1.14.jar:/root/hbase/lib/jsp-api-2.1-6.1.14.jar:/root/hbase/lib/jsr305-1.3.9.jar:/root/hbase/lib/junit-4.12.jar:/root/hbase/lib/leveldbjni-all-1.8.jar:/root/hbase/lib/libthrift-0.9.3.jar:/root/hbase/lib/log4j-1.2.17.jar:/root/hbase/lib/metrics-core-2.2.0.jar:/root/hbase/lib/nekohtml-1.9.16.jar:/root/hbase/lib/netty-all-4.0.23.Final.jar:/root/hbase/lib/paranamer-2.3.jar:/root/hbase/lib/protobuf-java-2.5.0.jar:/root/hbase/lib/servlet-api-2.5-6.1.14.jar:/root/hbase/lib/servlet-api-2.5.jar:/root/hbase/lib/slf4j-api-1.7.7.jar:/root/hbase/lib/slf4j-log4j12-1.7.5.jar:/root/hbase/lib/snappy-java-1.0.4.1.jar:/root/hbase/lib/spymemcached-2.11.6.jar:/root/hbase/lib/xalan-2.7.0.jar:/root/hbase/lib/xml-apis-1.3.03.jar:/root/hbase/lib/xml-apis-ext-1.3.04.jar:/root/hbase/lib/xmlenc-0.52.jar:/root/hbase/lib/xom-1.2.5.jar:/root/hbase/lib/xz-1.0.jar:/root/hbase/lib/zookeeper-3.4.6.jar:/root/hadoop/etc/hadoop:/root/hadoop/share/hadoop/common/lib/*:/root/hadoop/share/hadoop/common/*:/root/hadoop/share/hadoop/hdfs:/root/hadoop/share/hadoop/hdfs/lib/*:/root/hadoop/share/hadoop/hdfs/*:/root/hadoop/share/hadoop/yarn/lib/*:/root/hadoop/share/hadoop/yarn/*:/root/hadoop/share/hadoop/mapreduce/lib/*:/root/hadoop/share/hadoop/mapreduce/*:/root/hadoop/contrib/capacity-scheduler/*.jar
2016-11-15 22:20:57,384 INFO  [main] util.ServerCommandLine: env:HBASE_MANAGES_ZK=false
2016-11-15 22:20:57,385 INFO  [main] util.ServerCommandLine: env:SSH_CONNECTION=172.21.0.4 54332 172.21.0.2 22
2016-11-15 22:20:57,385 INFO  [main] util.ServerCommandLine: env:NLSPATH=/usr/dt/lib/nls/msg/%L/%N.cat
2016-11-15 22:20:57,386 INFO  [main] util.ServerCommandLine: env:HADOOP_HOME=/root/hadoop
2016-11-15 22:20:57,386 INFO  [main] util.ServerCommandLine: env:HBASE_NICENESS=0
2016-11-15 22:20:57,386 INFO  [main] util.ServerCommandLine: env:HBASE_OPTS=-XX:+UseConcMarkSweepGC   -Dhbase.log.dir=/root/hbase/logs -Dhbase.log.file=hbase-root-regionserver-hbase-slave3.hadoop-docker.log -Dhbase.home.dir=/root/hbase -Dhbase.id.str=root -Dhbase.root.logger=INFO,RFA -Djava.library.path=/root/hadoop/lib/native -Dhbase.security.logger=INFO,RFAS
2016-11-15 22:20:57,389 INFO  [main] util.ServerCommandLine: env:HBASE_START_FILE=/tmp/hbase-root-regionserver.autorestart
2016-11-15 22:20:57,389 INFO  [main] util.ServerCommandLine: env:HBASE_SECURITY_LOGGER=INFO,RFAS
2016-11-15 22:20:57,389 INFO  [main] util.ServerCommandLine: env:HBASE_THRIFT_OPTS=
2016-11-15 22:20:57,390 INFO  [main] util.ServerCommandLine: env:HBASE_HOME=/root/hbase
2016-11-15 22:20:57,403 INFO  [main] util.ServerCommandLine: env:SHLVL=3
2016-11-15 22:20:57,414 INFO  [main] util.ServerCommandLine: env:HOME=/root
2016-11-15 22:20:57,416 INFO  [main] util.ServerCommandLine: env:ZOOKEEPER_HOME=/root/zookeeper
2016-11-15 22:20:57,418 INFO  [main] util.ServerCommandLine: env:MALLOC_ARENA_MAX=4
2016-11-15 22:20:57,419 INFO  [main] util.ServerCommandLine: vmName=OpenJDK 64-Bit Server VM, vmVendor=Oracle Corporation, vmVersion=25.111-b15
2016-11-15 22:20:57,424 INFO  [main] util.ServerCommandLine: vmInputArguments=[-Dproc_regionserver, -XX:OnOutOfMemoryError=kill -9 %p, -XX:+UseConcMarkSweepGC, -Dhbase.log.dir=/root/hbase/logs, -Dhbase.log.file=hbase-root-regionserver-hbase-slave3.hadoop-docker.log, -Dhbase.home.dir=/root/hbase, -Dhbase.id.str=root, -Dhbase.root.logger=INFO,RFA, -Djava.library.path=/root/hadoop/lib/native, -Dhbase.security.logger=INFO,RFAS]
2016-11-15 22:20:58,594 INFO  [main] regionserver.RSRpcServices: regionserver/hbase-slave3.hadoop-docker/172.21.0.2:16020 server-side HConnection retries=350
2016-11-15 22:20:59,410 INFO  [main] ipc.SimpleRpcScheduler: Using deadline as user call queue, count=3
2016-11-15 22:20:59,554 INFO  [main] ipc.RpcServer: regionserver/hbase-slave3.hadoop-docker/172.21.0.2:16020: started 10 reader(s) listening on port=16020
2016-11-15 22:21:00,006 INFO  [main] impl.MetricsConfig: loaded properties from hadoop-metrics2-hbase.properties
2016-11-15 22:21:00,571 INFO  [main] impl.MetricsSystemImpl: Scheduled snapshot period at 10 second(s).
2016-11-15 22:21:00,576 INFO  [main] impl.MetricsSystemImpl: HBase metrics system started
2016-11-15 22:21:04,071 INFO  [main] fs.HFileSystem: Added intercepting call to namenode#getBlockLocations so can do block reordering using class class org.apache.hadoop.hbase.fs.HFileSystem$ReorderWALBlocks
2016-11-15 22:21:06,092 INFO  [main] zookeeper.RecoverableZooKeeper: Process identifier=regionserver:16020 connecting to ZooKeeper ensemble=zoo1:2181,zoo2:2181,zoo3:2181
2016-11-15 22:21:06,181 INFO  [main] zookeeper.ZooKeeper: Client environment:zookeeper.version=3.4.6-1569965, built on 02/20/2014 09:09 GMT
2016-11-15 22:21:06,187 INFO  [main] zookeeper.ZooKeeper: Client environment:host.name=hbase-slave3.hadoop-docker
2016-11-15 22:21:06,188 INFO  [main] zookeeper.ZooKeeper: Client environment:java.version=1.8.0_111
2016-11-15 22:21:06,189 INFO  [main] zookeeper.ZooKeeper: Client environment:java.vendor=Oracle Corporation
2016-11-15 22:21:06,189 INFO  [main] zookeeper.ZooKeeper: Client environment:java.home=/usr/lib/jvm/java-1.8.0-openjdk-1.8.0.111-0.b15.el6_8.x86_64/jre
2016-11-15 22:21:06,189 INFO  [main] zookeeper.ZooKeeper: Client environment:java.class.path=/root/hbase/conf:/usr/lib/jvm/java-openjdk/lib/tools.jar:/root/hbase:/root/hbase/lib/activation-1.1.jar:/root/hbase/lib/antisamy-1.5.3.jar:/root/hbase/lib/aopalliance-1.0.jar:/root/hbase/lib/apacheds-i18n-2.0.0-M15.jar:/root/hbase/lib/apacheds-kerberos-codec-2.0.0-M15.jar:/root/hbase/lib/api-asn1-api-1.0.0-M20.jar:/root/hbase/lib/api-util-1.0.0-M20.jar:/root/hbase/lib/asm-3.1.jar:/root/hbase/lib/avro-1.7.4.jar:/root/hbase/lib/batik-css-1.8.jar:/root/hbase/lib/batik-ext-1.8.jar:/root/hbase/lib/batik-util-1.8.jar:/root/hbase/lib/bsh-core-2.0b4.jar:/root/hbase/lib/commons-beanutils-1.7.0.jar:/root/hbase/lib/commons-beanutils-core-1.8.3.jar:/root/hbase/lib/commons-cli-1.2.jar:/root/hbase/lib/commons-codec-1.9.jar:/root/hbase/lib/commons-collections-3.2.2.jar:/root/hbase/lib/commons-compress-1.4.1.jar:/root/hbase/lib/commons-configuration-1.6.jar:/root/hbase/lib/commons-daemon-1.0.13.jar:/root/hbase/lib/commons-digester-1.8.jar:/root/hbase/lib/commons-el-1.0.jar:/root/hbase/lib/commons-fileupload-1.3.1.jar:/root/hbase/lib/commons-httpclient-3.1.jar:/root/hbase/lib/commons-io-2.4.jar:/root/hbase/lib/commons-lang-2.6.jar:/root/hbase/lib/commons-logging-1.2.jar:/root/hbase/lib/commons-math-2.2.jar:/root/hbase/lib/commons-math3-3.1.1.jar:/root/hbase/lib/commons-net-3.1.jar:/root/hbase/lib/disruptor-3.3.0.jar:/root/hbase/lib/esapi-2.1.0.1.jar:/root/hbase/lib/findbugs-annotations-1.3.9-1.jar:/root/hbase/lib/guava-12.0.1.jar:/root/hbase/lib/guice-3.0.jar:/root/hbase/lib/guice-servlet-3.0.jar:/root/hbase/lib/hadoop-annotations-2.5.1.jar:/root/hbase/lib/hadoop-auth-2.5.1.jar:/root/hbase/lib/hadoop-client-2.5.1.jar:/root/hbase/lib/hadoop-common-2.5.1.jar:/root/hbase/lib/hadoop-hdfs-2.5.1.jar:/root/hbase/lib/hadoop-mapreduce-client-app-2.5.1.jar:/root/hbase/lib/hadoop-mapreduce-client-common-2.5.1.jar:/root/hbase/lib/hadoop-mapreduce-client-core-2.5.1.jar:/root/hbase/lib/hadoop-mapreduce-client-jobclient-2.5.1.jar:/root/hbase/lib/hadoop-mapreduce-client-shuffle-2.5.1.jar:/root/hbase/lib/hadoop-yarn-api-2.5.1.jar:/root/hbase/lib/hadoop-yarn-client-2.5.1.jar:/root/hbase/lib/hadoop-yarn-common-2.5.1.jar:/root/hbase/lib/hadoop-yarn-server-common-2.5.1.jar:/root/hbase/lib/hbase-annotations-1.2.2.jar:/root/hbase/lib/hbase-annotations-1.2.2-tests.jar:/root/hbase/lib/hbase-client-1.2.2.jar:/root/hbase/lib/hbase-common-1.2.2.jar:/root/hbase/lib/hbase-common-1.2.2-tests.jar:/root/hbase/lib/hbase-examples-1.2.2.jar:/root/hbase/lib/hbase-external-blockcache-1.2.2.jar:/root/hbase/lib/hbase-hadoop2-compat-1.2.2.jar:/root/hbase/lib/hbase-hadoop-compat-1.2.2.jar:/root/hbase/lib/hbase-it-1.2.2.jar:/root/hbase/lib/hbase-it-1.2.2-tests.jar:/root/hbase/lib/hbase-prefix-tree-1.2.2.jar:/root/hbase/lib/hbase-procedure-1.2.2.jar:/root/hbase/lib/hbase-protocol-1.2.2.jar:/root/hbase/lib/hbase-resource-bundle-1.2.2.jar:/root/hbase/lib/hbase-rest-1.2.2.jar:/root/hbase/lib/hbase-server-1.2.2.jar:/root/hbase/lib/hbase-server-1.2.2-tests.jar:/root/hbase/lib/hbase-shell-1.2.2.jar:/root/hbase/lib/hbase-thrift-1.2.2.jar:/root/hbase/lib/htrace-core-3.1.0-incubating.jar:/root/hbase/lib/httpclient-4.2.5.jar:/root/hbase/lib/httpcore-4.4.1.jar:/root/hbase/lib/jackson-core-asl-1.9.13.jar:/root/hbase/lib/jackson-jaxrs-1.9.13.jar:/root/hbase/lib/jackson-mapper-asl-1.9.13.jar:/root/hbase/lib/jackson-xc-1.9.13.jar:/root/hbase/lib/jamon-runtime-2.4.1.jar:/root/hbase/lib/jasper-compiler-5.5.23.jar:/root/hbase/lib/jasper-runtime-5.5.23.jar:/root/hbase/lib/javax.inject-1.jar:/root/hbase/lib/java-xmlbuilder-0.4.jar:/root/hbase/lib/jaxb-api-2.2.2.jar:/root/hbase/lib/jaxb-impl-2.2.3-1.jar:/root/hbase/lib/jcodings-1.0.8.jar:/root/hbase/lib/jersey-client-1.9.jar:/root/hbase/lib/jersey-core-1.9.jar:/root/hbase/lib/jersey-guice-1.9.jar:/root/hbase/lib/jersey-json-1.9.jar:/root/hbase/lib/jersey-server-1.9.jar:/root/hbase/lib/jets3t-0.9.0.jar:/root/hbase/lib/jettison-1.3.3.jar:/root/hbase/lib/jetty-6.1.26.jar:/root/hbase/lib/jetty-sslengine-6.1.26.jar:/root/hbase/lib/jetty-util-6.1.26.jar:/root/hbase/lib/joni-2.1.2.jar:/root/hbase/lib/jruby-complete-1.6.8.jar:/root/hbase/lib/jsch-0.1.42.jar:/root/hbase/lib/jsp-2.1-6.1.14.jar:/root/hbase/lib/jsp-api-2.1-6.1.14.jar:/root/hbase/lib/jsr305-1.3.9.jar:/root/hbase/lib/junit-4.12.jar:/root/hbase/lib/leveldbjni-all-1.8.jar:/root/hbase/lib/libthrift-0.9.3.jar:/root/hbase/lib/log4j-1.2.17.jar:/root/hbase/lib/metrics-core-2.2.0.jar:/root/hbase/lib/nekohtml-1.9.16.jar:/root/hbase/lib/netty-all-4.0.23.Final.jar:/root/hbase/lib/paranamer-2.3.jar:/root/hbase/lib/protobuf-java-2.5.0.jar:/root/hbase/lib/servlet-api-2.5-6.1.14.jar:/root/hbase/lib/servlet-api-2.5.jar:/root/hbase/lib/slf4j-api-1.7.7.jar:/root/hbase/lib/slf4j-log4j12-1.7.5.jar:/root/hbase/lib/snappy-java-1.0.4.1.jar:/root/hbase/lib/spymemcached-2.11.6.jar:/root/hbase/lib/xalan-2.7.0.jar:/root/hbase/lib/xml-apis-1.3.03.jar:/root/hbase/lib/xml-apis-ext-1.3.04.jar:/root/hbase/lib/xmlenc-0.52.jar:/root/hbase/lib/xom-1.2.5.jar:/root/hbase/lib/xz-1.0.jar:/root/hbase/lib/zookeeper-3.4.6.jar:/root/hadoop/etc/hadoop:/root/hadoop/share/hadoop/common/lib/gson-2.2.4.jar:/root/hadoop/share/hadoop/common/lib/jackson-jaxrs-1.9.13.jar:/root/hadoop/share/hadoop/common/lib/commons-cli-1.2.jar:/root/hadoop/share/hadoop/common/lib/java-xmlbuilder-0.4.jar:/root/hadoop/share/hadoop/common/lib/commons-beanutils-core-1.8.0.jar:/root/hadoop/share/hadoop/common/lib/commons-configuration-1.6.jar:/root/hadoop/share/hadoop/common/lib/jsr305-3.0.0.jar:/root/hadoop/share/hadoop/common/lib/jsch-0.1.42.jar:/root/hadoop/share/hadoop/common/lib/commons-digester-1.8.jar:/root/hadoop/share/hadoop/common/lib/commons-beanutils-1.7.0.jar:/root/hadoop/share/hadoop/common/lib/jersey-server-1.9.jar:/root/hadoop/share/hadoop/common/lib/jets3t-0.9.0.jar:/root/hadoop/share/hadoop/common/lib/apacheds-kerberos-codec-2.0.0-M15.jar:/root/hadoop/share/hadoop/common/lib/jersey-json-1.9.jar:/root/hadoop/share/hadoop/common/lib/api-util-1.0.0-M20.jar:/root/hadoop/share/hadoop/common/lib/commons-math3-3.1.1.jar:/root/hadoop/share/hadoop/common/lib/curator-framework-2.7.1.jar:/root/hadoop/share/hadoop/common/lib/hadoop-annotations-2.7.2.jar:/root/hadoop/share/hadoop/common/lib/snappy-java-1.0.4.1.jar:/root/hadoop/share/hadoop/common/lib/api-asn1-api-1.0.0-M20.jar:/root/hadoop/share/hadoop/common/lib/commons-io-2.4.jar:/root/hadoop/share/hadoop/common/lib/junit-4.11.jar:/root/hadoop/share/hadoop/common/lib/commons-compress-1.4.1.jar:/root/hadoop/share/hadoop/common/lib/log4j-1.2.17.jar:/root/hadoop/share/hadoop/common/lib/httpclient-4.2.5.jar:/root/hadoop/share/hadoop/common/lib/hadoop-auth-2.7.2.jar:/root/hadoop/share/hadoop/common/lib/slf4j-log4j12-1.7.10.jar:/root/hadoop/share/hadoop/common/lib/commons-lang-2.6.jar:/root/hadoop/share/hadoop/common/lib/commons-net-3.1.jar:/root/hadoop/share/hadoop/common/lib/jettison-1.1.jar:/root/hadoop/share/hadoop/common/lib/servlet-api-2.5.jar:/root/hadoop/share/hadoop/common/lib/zookeeper-3.4.6.jar:/root/hadoop/share/hadoop/common/lib/mockito-all-1.8.5.jar:/root/hadoop/share/hadoop/common/lib/jaxb-impl-2.2.3-1.jar:/root/hadoop/share/hadoop/common/lib/commons-httpclient-3.1.jar:/root/hadoop/share/hadoop/common/lib/stax-api-1.0-2.jar:/root/hadoop/share/hadoop/common/lib/jaxb-api-2.2.2.jar:/root/hadoop/share/hadoop/common/lib/xmlenc-0.52.jar:/root/hadoop/share/hadoop/common/lib/xz-1.0.jar:/root/hadoop/share/hadoop/common/lib/activation-1.1.jar:/root/hadoop/share/hadoop/common/lib/jackson-mapper-asl-1.9.13.jar:/root/hadoop/share/hadoop/common/lib/htrace-core-3.1.0-incubating.jar:/root/hadoop/share/hadoop/common/lib/commons-collections-3.2.2.jar:/root/hadoop/share/hadoop/common/lib/guava-11.0.2.jar:/root/hadoop/share/hadoop/common/lib/jersey-core-1.9.jar:/root/hadoop/share/hadoop/common/lib/jsp-api-2.1.jar:/root/hadoop/share/hadoop/common/lib/asm-3.2.jar:/root/hadoop/share/hadoop/common/lib/curator-client-2.7.1.jar:/root/hadoop/share/hadoop/common/lib/avro-1.7.4.jar:/root/hadoop/share/hadoop/common/lib/hamcrest-core-1.3.jar:/root/hadoop/share/hadoop/common/lib/curator-recipes-2.7.1.jar:/root/hadoop/share/hadoop/common/lib/jackson-core-asl-1.9.13.jar:/root/hadoop/share/hadoop/common/lib/jackson-xc-1.9.13.jar:/root/hadoop/share/hadoop/common/lib/jetty-util-6.1.26.jar:/root/hadoop/share/hadoop/common/lib/commons-codec-1.4.jar:/root/hadoop/share/hadoop/common/lib/netty-3.6.2.Final.jar:/root/hadoop/share/hadoop/common/lib/httpcore-4.2.5.jar:/root/hadoop/share/hadoop/common/lib/paranamer-2.3.jar:/root/hadoop/share/hadoop/common/lib/apacheds-i18n-2.0.0-M15.jar:/root/hadoop/share/hadoop/common/lib/protobuf-java-2.5.0.jar:/root/hadoop/share/hadoop/common/lib/jetty-6.1.26.jar:/root/hadoop/share/hadoop/common/lib/slf4j-api-1.7.10.jar:/root/hadoop/share/hadoop/common/lib/commons-logging-1.1.3.jar:/root/hadoop/share/hadoop/common/hadoop-nfs-2.7.2.jar:/root/hadoop/share/hadoop/common/hadoop-common-2.7.2.jar:/root/hadoop/share/hadoop/common/hadoop-common-2.7.2-tests.jar:/root/hadoop/share/hadoop/hdfs:/root/hadoop/share/hadoop/hdfs/lib/commons-cli-1.2.jar:/root/hadoop/share/hadoop/hdfs/lib/jsr305-3.0.0.jar:/root/hadoop/share/hadoop/hdfs/lib/jersey-server-1.9.jar:/root/hadoop/share/hadoop/hdfs/lib/xercesImpl-2.9.1.jar:/root/hadoop/share/hadoop/hdfs/lib/netty-all-4.0.23.Final.jar:/root/hadoop/share/hadoop/hdfs/lib/commons-daemon-1.0.13.jar:/root/hadoop/share/hadoop/hdfs/lib/commons-io-2.4.jar:/root/hadoop/share/hadoop/hdfs/lib/leveldbjni-all-1.8.jar:/root/hadoop/share/hadoop/hdfs/lib/log4j-1.2.17.jar:/root/hadoop/share/hadoop/hdfs/lib/commons-lang-2.6.jar:/root/hadoop/share/hadoop/hdfs/lib/servlet-api-2.5.jar:/root/hadoop/share/hadoop/hdfs/lib/xmlenc-0.52.jar:/root/hadoop/share/hadoop/hdfs/lib/jackson-mapper-asl-1.9.13.jar:/root/hadoop/share/hadoop/hdfs/lib/htrace-core-3.1.0-incubating.jar:/root/hadoop/share/hadoop/hdfs/lib/xml-apis-1.3.04.jar:/root/hadoop/share/hadoop/hdfs/lib/guava-11.0.2.jar:/root/hadoop/share/hadoop/hdfs/lib/jersey-core-1.9.jar:/root/hadoop/share/hadoop/hdfs/lib/asm-3.2.jar:/root/hadoop/share/hadoop/hdfs/lib/jackson-core-asl-1.9.13.jar:/root/hadoop/share/hadoop/hdfs/lib/jetty-util-6.1.26.jar:/root/hadoop/share/hadoop/hdfs/lib/commons-codec-1.4.jar:/root/hadoop/share/hadoop/hdfs/lib/netty-3.6.2.Final.jar:/root/hadoop/share/hadoop/hdfs/lib/protobuf-java-2.5.0.jar:/root/hadoop/share/hadoop/hdfs/lib/jetty-6.1.26.jar:/root/hadoop/share/hadoop/hdfs/lib/commons-logging-1.1.3.jar:/root/hadoop/share/hadoop/hdfs/hadoop-hdfs-2.7.2.jar:/root/hadoop/share/hadoop/hdfs/hadoop-hdfs-nfs-2.7.2.jar:/root/hadoop/share/hadoop/hdfs/hadoop-hdfs-2.7.2-tests.jar:/root/hadoop/share/hadoop/yarn/lib/jackson-jaxrs-1.9.13.jar:/root/hadoop/share/hadoop/yarn/lib/commons-cli-1.2.jar:/root/hadoop/share/hadoop/yarn/lib/jsr305-3.0.0.jar:/root/hadoop/share/hadoop/yarn/lib/aopalliance-1.0.jar:/root/hadoop/share/hadoop/yarn/lib/jersey-server-1.9.jar:/root/hadoop/share/hadoop/yarn/lib/jersey-guice-1.9.jar:/root/hadoop/share/hadoop/yarn/lib/jersey-json-1.9.jar:/root/hadoop/share/hadoop/yarn/lib/zookeeper-3.4.6-tests.jar:/root/hadoop/share/hadoop/yarn/lib/commons-io-2.4.jar:/root/hadoop/share/hadoop/yarn/lib/commons-compress-1.4.1.jar:/root/hadoop/share/hadoop/yarn/lib/leveldbjni-all-1.8.jar:/root/hadoop/share/hadoop/yarn/lib/log4j-1.2.17.jar:/root/hadoop/share/hadoop/yarn/lib/commons-lang-2.6.jar:/root/hadoop/share/hadoop/yarn/lib/jettison-1.1.jar:/root/hadoop/share/hadoop/yarn/lib/servlet-api-2.5.jar:/root/hadoop/share/hadoop/yarn/lib/guice-servlet-3.0.jar:/root/hadoop/share/hadoop/yarn/lib/javax.inject-1.jar:/root/hadoop/share/hadoop/yarn/lib/zookeeper-3.4.6.jar:/root/hadoop/share/hadoop/yarn/lib/jaxb-impl-2.2.3-1.jar:/root/hadoop/share/hadoop/yarn/lib/stax-api-1.0-2.jar:/root/hadoop/share/hadoop/yarn/lib/jaxb-api-2.2.2.jar:/root/hadoop/share/hadoop/yarn/lib/xz-1.0.jar:/root/hadoop/share/hadoop/yarn/lib/activation-1.1.jar:/root/hadoop/share/hadoop/yarn/lib/jackson-mapper-asl-1.9.13.jar:/root/hadoop/share/hadoop/yarn/lib/commons-collections-3.2.2.jar:/root/hadoop/share/hadoop/yarn/lib/guava-11.0.2.jar:/root/hadoop/share/hadoop/yarn/lib/jersey-core-1.9.jar:/root/hadoop/share/hadoop/yarn/lib/asm-3.2.jar:/root/hadoop/share/hadoop/yarn/lib/guice-3.0.jar:/root/hadoop/share/hadoop/yarn/lib/jackson-core-asl-1.9.13.jar:/root/hadoop/share/hadoop/yarn/lib/jackson-xc-1.9.13.jar:/root/hadoop/share/hadoop/yarn/lib/jetty-util-6.1.26.jar:/root/hadoop/share/hadoop/yarn/lib/commons-codec-1.4.jar:/root/hadoop/share/hadoop/yarn/lib/netty-3.6.2.Final.jar:/root/hadoop/share/hadoop/yarn/lib/protobuf-java-2.5.0.jar:/root/hadoop/share/hadoop/yarn/lib/jetty-6.1.26.jar:/root/hadoop/share/hadoop/yarn/lib/commons-logging-1.1.3.jar:/root/hadoop/share/hadoop/yarn/lib/jersey-client-1.9.jar:/root/hadoop/share/hadoop/yarn/hadoop-yarn-server-applicationhistoryservice-2.7.2.jar:/root/hadoop/share/hadoop/yarn/hadoop-yarn-server-common-2.7.2.jar:/root/hadoop/share/hadoop/yarn/hadoop-yarn-client-2.7.2.jar:/root/hadoop/share/hadoop/yarn/hadoop-yarn-server-tests-2.7.2.jar:/root/hadoop/share/hadoop/yarn/hadoop-yarn-server-web-proxy-2.7.2.jar:/root/hadoop/share/hadoop/yarn/hadoop-yarn-server-sharedcachemanager-2.7.2.jar:/root/hadoop/share/hadoop/yarn/hadoop-yarn-registry-2.7.2.jar:/root/hadoop/share/hadoop/yarn/hadoop-yarn-applications-unmanaged-am-launcher-2.7.2.jar:/root/hadoop/share/hadoop/yarn/hadoop-yarn-server-nodemanager-2.7.2.jar:/root/hadoop/share/hadoop/yarn/hadoop-yarn-applications-distributedshell-2.7.2.jar:/root/hadoop/share/hadoop/yarn/hadoop-yarn-common-2.7.2.jar:/root/hadoop/share/hadoop/yarn/hadoop-yarn-api-2.7.2.jar:/root/hadoop/share/hadoop/yarn/hadoop-yarn-server-resourcemanager-2.7.2.jar:/root/hadoop/share/hadoop/mapreduce/lib/aopalliance-1.0.jar:/root/hadoop/share/hadoop/mapreduce/lib/jersey-server-1.9.jar:/root/hadoop/share/hadoop/mapreduce/lib/jersey-guice-1.9.jar:/root/hadoop/share/hadoop/mapreduce/lib/hadoop-annotations-2.7.2.jar:/root/hadoop/share/hadoop/mapreduce/lib/snappy-java-1.0.4.1.jar:/root/hadoop/share/hadoop/mapreduce/lib/commons-io-2.4.jar:/root/hadoop/share/hadoop/mapreduce/lib/junit-4.11.jar:/root/hadoop/share/hadoop/mapreduce/lib/commons-compress-1.4.1.jar:/root/hadoop/share/hadoop/mapreduce/lib/leveldbjni-all-1.8.jar:/root/hadoop/share/hadoop/mapreduce/lib/log4j-1.2.17.jar:/root/hadoop/share/hadoop/mapreduce/lib/guice-servlet-3.0.jar:/root/hadoop/share/hadoop/mapreduce/lib/javax.inject-1.jar:/root/hadoop/share/hadoop/mapreduce/lib/xz-1.0.jar:/root/hadoop/share/hadoop/mapreduce/lib/jackson-mapper-asl-1.9.13.jar:/root/hadoop/share/hadoop/mapreduce/lib/jersey-core-1.9.jar:/root/hadoop/share/hadoop/mapreduce/lib/asm-3.2.jar:/root/hadoop/share/hadoop/mapreduce/lib/avro-1.7.4.jar:/root/hadoop/share/hadoop/mapreduce/lib/guice-3.0.jar:/root/hadoop/share/hadoop/mapreduce/lib/hamcrest-core-1.3.jar:/root/hadoop/share/hadoop/mapreduce/lib/jackson-core-asl-1.9.13.jar:/root/hadoop/share/hadoop/mapreduce/lib/netty-3.6.2.Final.jar:/root/hadoop/share/hadoop/mapreduce/lib/paranamer-2.3.jar:/root/hadoop/share/hadoop/mapreduce/lib/protobuf-java-2.5.0.jar:/root/hadoop/share/hadoop/mapreduce/hadoop-mapreduce-client-core-2.7.2.jar:/root/hadoop/share/hadoop/mapreduce/hadoop-mapreduce-client-hs-plugins-2.7.2.jar:/root/hadoop/share/hadoop/mapreduce/hadoop-mapreduce-client-common-2.7.2.jar:/root/hadoop/share/hadoop/mapreduce/hadoop-mapreduce-client-jobclient-2.7.2-tests.jar:/root/hadoop/share/hadoop/mapreduce/hadoop-mapreduce-client-app-2.7.2.jar:/root/hadoop/share/hadoop/mapreduce/hadoop-mapreduce-client-jobclient-2.7.2.jar:/root/hadoop/share/hadoop/mapreduce/hadoop-mapreduce-client-shuffle-2.7.2.jar:/root/hadoop/share/hadoop/mapreduce/hadoop-mapreduce-examples-2.7.2.jar:/root/hadoop/share/hadoop/mapreduce/hadoop-mapreduce-client-hs-2.7.2.jar:/root/hadoop/contrib/capacity-scheduler/*.jar
2016-11-15 22:21:06,192 INFO  [main] zookeeper.ZooKeeper: Client environment:java.library.path=/root/hadoop/lib/native
2016-11-15 22:21:06,192 INFO  [main] zookeeper.ZooKeeper: Client environment:java.io.tmpdir=/tmp
2016-11-15 22:21:06,193 INFO  [main] zookeeper.ZooKeeper: Client environment:java.compiler=<NA>
2016-11-15 22:21:06,195 INFO  [main] zookeeper.ZooKeeper: Client environment:os.name=Linux
2016-11-15 22:21:06,199 INFO  [main] zookeeper.ZooKeeper: Client environment:os.arch=amd64
2016-11-15 22:21:06,199 INFO  [main] zookeeper.ZooKeeper: Client environment:os.version=4.4.27-boot2docker
2016-11-15 22:21:06,200 INFO  [main] zookeeper.ZooKeeper: Client environment:user.name=root
2016-11-15 22:21:06,200 INFO  [main] zookeeper.ZooKeeper: Client environment:user.home=/root
2016-11-15 22:21:06,200 INFO  [main] zookeeper.ZooKeeper: Client environment:user.dir=/root/hbase
2016-11-15 22:21:06,202 INFO  [main] zookeeper.ZooKeeper: Initiating client connection, connectString=zoo1:2181,zoo2:2181,zoo3:2181 sessionTimeout=90000 watcher=regionserver:160200x0, quorum=zoo1:2181,zoo2:2181,zoo3:2181, baseZNode=/hbase
2016-11-15 22:21:06,458 INFO  [main-SendThread(zoo1.hadoop-docker:2181)] zookeeper.ClientCnxn: Opening socket connection to server zoo1.hadoop-docker/172.21.0.6:2181. Will not attempt to authenticate using SASL (unknown error)
2016-11-15 22:21:06,600 INFO  [main-SendThread(zoo1.hadoop-docker:2181)] zookeeper.ClientCnxn: Socket connection established to zoo1.hadoop-docker/172.21.0.6:2181, initiating session
2016-11-15 22:21:07,122 INFO  [main-SendThread(zoo1.hadoop-docker:2181)] zookeeper.ClientCnxn: Session establishment complete on server zoo1.hadoop-docker/172.21.0.6:2181, sessionid = 0x158685982b00000, negotiated timeout = 40000
2016-11-15 22:21:07,222 INFO  [RpcServer.responder] ipc.RpcServer: RpcServer.responder: starting
2016-11-15 22:21:07,278 INFO  [RpcServer.listener,port=16020] ipc.RpcServer: RpcServer.listener,port=16020: starting
2016-11-15 22:21:07,938 INFO  [main] mortbay.log: Logging to org.slf4j.impl.Log4jLoggerAdapter(org.mortbay.log) via org.mortbay.log.Slf4jLog
2016-11-15 22:21:07,961 INFO  [main] http.HttpRequestLog: Http request log for http.requests.regionserver is not defined
2016-11-15 22:21:07,998 INFO  [main] http.HttpServer: Added global filter 'safety' (class=org.apache.hadoop.hbase.http.HttpServer$QuotingInputFilter)
2016-11-15 22:21:08,004 INFO  [main] http.HttpServer: Added global filter 'clickjackingprevention' (class=org.apache.hadoop.hbase.http.ClickjackingPreventionFilter)
2016-11-15 22:21:08,024 INFO  [main] http.HttpServer: Added filter static_user_filter (class=org.apache.hadoop.hbase.http.lib.StaticUserWebFilter$StaticUserFilter) to context regionserver
2016-11-15 22:21:08,027 INFO  [main] http.HttpServer: Added filter static_user_filter (class=org.apache.hadoop.hbase.http.lib.StaticUserWebFilter$StaticUserFilter) to context static
2016-11-15 22:21:08,030 INFO  [main] http.HttpServer: Added filter static_user_filter (class=org.apache.hadoop.hbase.http.lib.StaticUserWebFilter$StaticUserFilter) to context logs
2016-11-15 22:21:08,108 INFO  [main] http.HttpServer: Jetty bound to port 16030
2016-11-15 22:21:08,119 INFO  [main] mortbay.log: jetty-6.1.26
2016-11-15 22:21:10,255 INFO  [main] mortbay.log: Started SelectChannelConnector@0.0.0.0:16030
2016-11-15 22:21:10,842 INFO  [regionserver/hbase-slave3.hadoop-docker/172.21.0.2:16020] zookeeper.RecoverableZooKeeper: Process identifier=hconnection-0x51d20b7e connecting to ZooKeeper ensemble=zoo1:2181,zoo2:2181,zoo3:2181
2016-11-15 22:21:10,850 INFO  [regionserver/hbase-slave3.hadoop-docker/172.21.0.2:16020] zookeeper.ZooKeeper: Initiating client connection, connectString=zoo1:2181,zoo2:2181,zoo3:2181 sessionTimeout=90000 watcher=hconnection-0x51d20b7e0x0, quorum=zoo1:2181,zoo2:2181,zoo3:2181, baseZNode=/hbase
2016-11-15 22:21:10,899 INFO  [regionserver/hbase-slave3.hadoop-docker/172.21.0.2:16020-SendThread(zoo3.hadoop-docker:2181)] zookeeper.ClientCnxn: Opening socket connection to server zoo3.hadoop-docker/172.21.0.9:2181. Will not attempt to authenticate using SASL (unknown error)
2016-11-15 22:21:10,940 INFO  [regionserver/hbase-slave3.hadoop-docker/172.21.0.2:16020-SendThread(zoo3.hadoop-docker:2181)] zookeeper.ClientCnxn: Socket connection established to zoo3.hadoop-docker/172.21.0.9:2181, initiating session
2016-11-15 22:21:11,434 INFO  [regionserver/hbase-slave3.hadoop-docker/172.21.0.2:16020-SendThread(zoo3.hadoop-docker:2181)] zookeeper.ClientCnxn: Session establishment complete on server zoo3.hadoop-docker/172.21.0.9:2181, sessionid = 0x358685982c50000, negotiated timeout = 40000
2016-11-15 22:21:11,466 INFO  [regionserver/hbase-slave3.hadoop-docker/172.21.0.2:16020] client.ZooKeeperRegistry: ClusterId read in ZooKeeper is null
Tue Nov 15 22:47:08 CST 2016 Starting regionserver on hbase-slave3.hadoop-docker
core file size          (blocks, -c) 0
data seg size           (kbytes, -d) unlimited
scheduling priority             (-e) 0
file size               (blocks, -f) unlimited
pending signals                 (-i) 31757
max locked memory       (kbytes, -l) 64
max memory size         (kbytes, -m) unlimited
open files                      (-n) 1048576
pipe size            (512 bytes, -p) 8
POSIX message queues     (bytes, -q) 819200
real-time priority              (-r) 0
stack size              (kbytes, -s) 8192
cpu time               (seconds, -t) unlimited
max user processes              (-u) 1048576
virtual memory          (kbytes, -v) unlimited
file locks                      (-x) unlimited
2016-11-15 22:47:12,533 INFO  [main] util.VersionInfo: HBase 1.2.2
2016-11-15 22:47:12,540 INFO  [main] util.VersionInfo: Source code repository git://asf-dev/home/busbey/projects/hbase revision=3f671c1ead70d249ea4598f1bbcc5151322b3a13
2016-11-15 22:47:12,544 INFO  [main] util.VersionInfo: Compiled by busbey on Fri Jul  1 08:28:55 CDT 2016
2016-11-15 22:47:12,544 INFO  [main] util.VersionInfo: From source with checksum 7ac43c3d2f62f134b2a6aa1a05ad66ac
2016-11-15 22:47:16,031 INFO  [main] util.ServerCommandLine: env:HBASE_LOGFILE=hbase-root-regionserver-hbase-slave3.hadoop-docker.log
2016-11-15 22:47:16,039 INFO  [main] util.ServerCommandLine: env:PATH=.:/usr/local/sbin:/usr/local/bin:/sbin:/bin:/usr/sbin:/usr/bin:/usr/lib/jvm/java-openjdk/bin:/root/hadoop/bin:/root/hadoop/sbin:/root/hbase/bin:/root/hive/bin:/root/spark/bin:/root/spark/sbin:/root/zookeeper/bin:/root/kafka/bin
2016-11-15 22:47:16,050 INFO  [main] util.ServerCommandLine: env:HADOOP_CONF_DIR=/root/hadoop/etc/hadoop
2016-11-15 22:47:16,051 INFO  [main] util.ServerCommandLine: env:JAVA_HOME=/usr/lib/jvm/java-openjdk
2016-11-15 22:47:16,060 INFO  [main] util.ServerCommandLine: env:KAFKA_HOME=/root/kafka
2016-11-15 22:47:16,069 INFO  [main] util.ServerCommandLine: env:XFILESEARCHPATH=/usr/dt/app-defaults/%L/Dt
2016-11-15 22:47:16,091 INFO  [main] util.ServerCommandLine: env:LANG=en_US.UTF-8
2016-11-15 22:47:16,092 INFO  [main] util.ServerCommandLine: env:G_BROKEN_FILENAMES=1
2016-11-15 22:47:16,092 INFO  [main] util.ServerCommandLine: env:MAIL=/var/mail/root
2016-11-15 22:47:16,094 INFO  [main] util.ServerCommandLine: env:SPARK_HOME=/root/spark
2016-11-15 22:47:16,097 INFO  [main] util.ServerCommandLine: env:LD_LIBRARY_PATH=.::/root/hadoop/lib/native/:.:/root/hadoop/lib/native
2016-11-15 22:47:16,098 INFO  [main] util.ServerCommandLine: env:LOGNAME=root
2016-11-15 22:47:16,104 INFO  [main] util.ServerCommandLine: env:HBASE_REST_OPTS=
2016-11-15 22:47:16,104 INFO  [main] util.ServerCommandLine: env:PWD=/root/hbase
2016-11-15 22:47:16,106 INFO  [main] util.ServerCommandLine: env:HBASE_ROOT_LOGGER=INFO,RFA
2016-11-15 22:47:16,107 INFO  [main] util.ServerCommandLine: env:LESSOPEN=||/usr/bin/lesspipe.sh %s
2016-11-15 22:47:16,109 INFO  [main] util.ServerCommandLine: env:SHELL=/bin/bash
2016-11-15 22:47:16,110 INFO  [main] util.ServerCommandLine: env:HBASE_ENV_INIT=true
2016-11-15 22:47:16,113 INFO  [main] util.ServerCommandLine: env:HBASE_IDENT_STRING=root
2016-11-15 22:47:16,114 INFO  [main] util.ServerCommandLine: env:HBASE_ZNODE_FILE=/tmp/hbase-root-regionserver.znode
2016-11-15 22:47:16,117 INFO  [main] util.ServerCommandLine: env:SSH_CLIENT=172.21.0.8 36408 22
2016-11-15 22:47:16,118 INFO  [main] util.ServerCommandLine: env:HIVE_HOME=/root/hive
2016-11-15 22:47:16,119 INFO  [main] util.ServerCommandLine: env:HBASE_LOG_PREFIX=hbase-root-regionserver-hbase-slave3.hadoop-docker
2016-11-15 22:47:16,123 INFO  [main] util.ServerCommandLine: env:HBASE_LOG_DIR=/root/hbase/logs
2016-11-15 22:47:16,126 INFO  [main] util.ServerCommandLine: env:USER=root
2016-11-15 22:47:16,129 INFO  [main] util.ServerCommandLine: env:CLASSPATH=/root/hbase/conf:/usr/lib/jvm/java-openjdk/lib/tools.jar:/root/hbase:/root/hbase/lib/activation-1.1.jar:/root/hbase/lib/antisamy-1.5.3.jar:/root/hbase/lib/aopalliance-1.0.jar:/root/hbase/lib/apacheds-i18n-2.0.0-M15.jar:/root/hbase/lib/apacheds-kerberos-codec-2.0.0-M15.jar:/root/hbase/lib/api-asn1-api-1.0.0-M20.jar:/root/hbase/lib/api-util-1.0.0-M20.jar:/root/hbase/lib/asm-3.1.jar:/root/hbase/lib/avro-1.7.4.jar:/root/hbase/lib/batik-css-1.8.jar:/root/hbase/lib/batik-ext-1.8.jar:/root/hbase/lib/batik-util-1.8.jar:/root/hbase/lib/bsh-core-2.0b4.jar:/root/hbase/lib/commons-beanutils-1.7.0.jar:/root/hbase/lib/commons-beanutils-core-1.8.3.jar:/root/hbase/lib/commons-cli-1.2.jar:/root/hbase/lib/commons-codec-1.9.jar:/root/hbase/lib/commons-collections-3.2.2.jar:/root/hbase/lib/commons-compress-1.4.1.jar:/root/hbase/lib/commons-configuration-1.6.jar:/root/hbase/lib/commons-daemon-1.0.13.jar:/root/hbase/lib/commons-digester-1.8.jar:/root/hbase/lib/commons-el-1.0.jar:/root/hbase/lib/commons-fileupload-1.3.1.jar:/root/hbase/lib/commons-httpclient-3.1.jar:/root/hbase/lib/commons-io-2.4.jar:/root/hbase/lib/commons-lang-2.6.jar:/root/hbase/lib/commons-logging-1.2.jar:/root/hbase/lib/commons-math-2.2.jar:/root/hbase/lib/commons-math3-3.1.1.jar:/root/hbase/lib/commons-net-3.1.jar:/root/hbase/lib/disruptor-3.3.0.jar:/root/hbase/lib/esapi-2.1.0.1.jar:/root/hbase/lib/findbugs-annotations-1.3.9-1.jar:/root/hbase/lib/guava-12.0.1.jar:/root/hbase/lib/guice-3.0.jar:/root/hbase/lib/guice-servlet-3.0.jar:/root/hbase/lib/hadoop-annotations-2.5.1.jar:/root/hbase/lib/hadoop-auth-2.5.1.jar:/root/hbase/lib/hadoop-client-2.5.1.jar:/root/hbase/lib/hadoop-common-2.5.1.jar:/root/hbase/lib/hadoop-hdfs-2.5.1.jar:/root/hbase/lib/hadoop-mapreduce-client-app-2.5.1.jar:/root/hbase/lib/hadoop-mapreduce-client-common-2.5.1.jar:/root/hbase/lib/hadoop-mapreduce-client-core-2.5.1.jar:/root/hbase/lib/hadoop-mapreduce-client-jobclient-2.5.1.jar:/root/hbase/lib/hadoop-mapreduce-client-shuffle-2.5.1.jar:/root/hbase/lib/hadoop-yarn-api-2.5.1.jar:/root/hbase/lib/hadoop-yarn-client-2.5.1.jar:/root/hbase/lib/hadoop-yarn-common-2.5.1.jar:/root/hbase/lib/hadoop-yarn-server-common-2.5.1.jar:/root/hbase/lib/hbase-annotations-1.2.2.jar:/root/hbase/lib/hbase-annotations-1.2.2-tests.jar:/root/hbase/lib/hbase-client-1.2.2.jar:/root/hbase/lib/hbase-common-1.2.2.jar:/root/hbase/lib/hbase-common-1.2.2-tests.jar:/root/hbase/lib/hbase-examples-1.2.2.jar:/root/hbase/lib/hbase-external-blockcache-1.2.2.jar:/root/hbase/lib/hbase-hadoop2-compat-1.2.2.jar:/root/hbase/lib/hbase-hadoop-compat-1.2.2.jar:/root/hbase/lib/hbase-it-1.2.2.jar:/root/hbase/lib/hbase-it-1.2.2-tests.jar:/root/hbase/lib/hbase-prefix-tree-1.2.2.jar:/root/hbase/lib/hbase-procedure-1.2.2.jar:/root/hbase/lib/hbase-protocol-1.2.2.jar:/root/hbase/lib/hbase-resource-bundle-1.2.2.jar:/root/hbase/lib/hbase-rest-1.2.2.jar:/root/hbase/lib/hbase-server-1.2.2.jar:/root/hbase/lib/hbase-server-1.2.2-tests.jar:/root/hbase/lib/hbase-shell-1.2.2.jar:/root/hbase/lib/hbase-thrift-1.2.2.jar:/root/hbase/lib/htrace-core-3.1.0-incubating.jar:/root/hbase/lib/httpclient-4.2.5.jar:/root/hbase/lib/httpcore-4.4.1.jar:/root/hbase/lib/jackson-core-asl-1.9.13.jar:/root/hbase/lib/jackson-jaxrs-1.9.13.jar:/root/hbase/lib/jackson-mapper-asl-1.9.13.jar:/root/hbase/lib/jackson-xc-1.9.13.jar:/root/hbase/lib/jamon-runtime-2.4.1.jar:/root/hbase/lib/jasper-compiler-5.5.23.jar:/root/hbase/lib/jasper-runtime-5.5.23.jar:/root/hbase/lib/javax.inject-1.jar:/root/hbase/lib/java-xmlbuilder-0.4.jar:/root/hbase/lib/jaxb-api-2.2.2.jar:/root/hbase/lib/jaxb-impl-2.2.3-1.jar:/root/hbase/lib/jcodings-1.0.8.jar:/root/hbase/lib/jersey-client-1.9.jar:/root/hbase/lib/jersey-core-1.9.jar:/root/hbase/lib/jersey-guice-1.9.jar:/root/hbase/lib/jersey-json-1.9.jar:/root/hbase/lib/jersey-server-1.9.jar:/root/hbase/lib/jets3t-0.9.0.jar:/root/hbase/lib/jettison-1.3.3.jar:/root/hbase/lib/jetty-6.1.26.jar:/root/hbase/lib/jetty-sslengine-6.1.26.jar:/root/hbase/lib/jetty-util-6.1.26.jar:/root/hbase/lib/joni-2.1.2.jar:/root/hbase/lib/jruby-complete-1.6.8.jar:/root/hbase/lib/jsch-0.1.42.jar:/root/hbase/lib/jsp-2.1-6.1.14.jar:/root/hbase/lib/jsp-api-2.1-6.1.14.jar:/root/hbase/lib/jsr305-1.3.9.jar:/root/hbase/lib/junit-4.12.jar:/root/hbase/lib/leveldbjni-all-1.8.jar:/root/hbase/lib/libthrift-0.9.3.jar:/root/hbase/lib/log4j-1.2.17.jar:/root/hbase/lib/metrics-core-2.2.0.jar:/root/hbase/lib/nekohtml-1.9.16.jar:/root/hbase/lib/netty-all-4.0.23.Final.jar:/root/hbase/lib/paranamer-2.3.jar:/root/hbase/lib/protobuf-java-2.5.0.jar:/root/hbase/lib/servlet-api-2.5-6.1.14.jar:/root/hbase/lib/servlet-api-2.5.jar:/root/hbase/lib/slf4j-api-1.7.7.jar:/root/hbase/lib/slf4j-log4j12-1.7.5.jar:/root/hbase/lib/snappy-java-1.0.4.1.jar:/root/hbase/lib/spymemcached-2.11.6.jar:/root/hbase/lib/xalan-2.7.0.jar:/root/hbase/lib/xml-apis-1.3.03.jar:/root/hbase/lib/xml-apis-ext-1.3.04.jar:/root/hbase/lib/xmlenc-0.52.jar:/root/hbase/lib/xom-1.2.5.jar:/root/hbase/lib/xz-1.0.jar:/root/hbase/lib/zookeeper-3.4.6.jar:/root/hadoop/etc/hadoop:/root/hadoop/share/hadoop/common/lib/*:/root/hadoop/share/hadoop/common/*:/root/hadoop/share/hadoop/hdfs:/root/hadoop/share/hadoop/hdfs/lib/*:/root/hadoop/share/hadoop/hdfs/*:/root/hadoop/share/hadoop/yarn/lib/*:/root/hadoop/share/hadoop/yarn/*:/root/hadoop/share/hadoop/mapreduce/lib/*:/root/hadoop/share/hadoop/mapreduce/*:/root/hadoop/contrib/capacity-scheduler/*.jar
2016-11-15 22:47:16,134 INFO  [main] util.ServerCommandLine: env:HBASE_MANAGES_ZK=false
2016-11-15 22:47:16,137 INFO  [main] util.ServerCommandLine: env:SSH_CONNECTION=172.21.0.8 36408 172.21.0.6 22
2016-11-15 22:47:16,139 INFO  [main] util.ServerCommandLine: env:NLSPATH=/usr/dt/lib/nls/msg/%L/%N.cat
2016-11-15 22:47:16,141 INFO  [main] util.ServerCommandLine: env:HADOOP_HOME=/root/hadoop
2016-11-15 22:47:16,142 INFO  [main] util.ServerCommandLine: env:HBASE_NICENESS=0
2016-11-15 22:47:16,143 INFO  [main] util.ServerCommandLine: env:HBASE_OPTS=-XX:+UseConcMarkSweepGC   -Dhbase.log.dir=/root/hbase/logs -Dhbase.log.file=hbase-root-regionserver-hbase-slave3.hadoop-docker.log -Dhbase.home.dir=/root/hbase -Dhbase.id.str=root -Dhbase.root.logger=INFO,RFA -Djava.library.path=/root/hadoop/lib/native -Dhbase.security.logger=INFO,RFAS
2016-11-15 22:47:16,144 INFO  [main] util.ServerCommandLine: env:HBASE_START_FILE=/tmp/hbase-root-regionserver.autorestart
2016-11-15 22:47:16,146 INFO  [main] util.ServerCommandLine: env:HBASE_SECURITY_LOGGER=INFO,RFAS
2016-11-15 22:47:16,148 INFO  [main] util.ServerCommandLine: env:HBASE_THRIFT_OPTS=
2016-11-15 22:47:16,149 INFO  [main] util.ServerCommandLine: env:HBASE_HOME=/root/hbase
2016-11-15 22:47:16,153 INFO  [main] util.ServerCommandLine: env:SHLVL=3
2016-11-15 22:47:16,157 INFO  [main] util.ServerCommandLine: env:HOME=/root
2016-11-15 22:47:16,157 INFO  [main] util.ServerCommandLine: env:ZOOKEEPER_HOME=/root/zookeeper
2016-11-15 22:47:16,159 INFO  [main] util.ServerCommandLine: env:MALLOC_ARENA_MAX=4
2016-11-15 22:47:16,160 INFO  [main] util.ServerCommandLine: vmName=OpenJDK 64-Bit Server VM, vmVendor=Oracle Corporation, vmVersion=25.111-b15
2016-11-15 22:47:16,162 INFO  [main] util.ServerCommandLine: vmInputArguments=[-Dproc_regionserver, -XX:OnOutOfMemoryError=kill -9 %p, -XX:+UseConcMarkSweepGC, -Dhbase.log.dir=/root/hbase/logs, -Dhbase.log.file=hbase-root-regionserver-hbase-slave3.hadoop-docker.log, -Dhbase.home.dir=/root/hbase, -Dhbase.id.str=root, -Dhbase.root.logger=INFO,RFA, -Djava.library.path=/root/hadoop/lib/native, -Dhbase.security.logger=INFO,RFAS]
2016-11-15 22:47:17,314 INFO  [main] regionserver.RSRpcServices: regionserver/hbase-slave3.hadoop-docker/172.21.0.6:16020 server-side HConnection retries=350
2016-11-15 22:47:18,124 INFO  [main] ipc.SimpleRpcScheduler: Using deadline as user call queue, count=3
2016-11-15 22:47:18,287 INFO  [main] ipc.RpcServer: regionserver/hbase-slave3.hadoop-docker/172.21.0.6:16020: started 10 reader(s) listening on port=16020
2016-11-15 22:47:18,661 INFO  [main] impl.MetricsConfig: loaded properties from hadoop-metrics2-hbase.properties
2016-11-15 22:47:19,284 INFO  [main] impl.MetricsSystemImpl: Scheduled snapshot period at 10 second(s).
2016-11-15 22:47:19,287 INFO  [main] impl.MetricsSystemImpl: HBase metrics system started
2016-11-15 22:47:22,642 INFO  [main] fs.HFileSystem: Added intercepting call to namenode#getBlockLocations so can do block reordering using class class org.apache.hadoop.hbase.fs.HFileSystem$ReorderWALBlocks
2016-11-15 22:47:24,587 INFO  [main] zookeeper.RecoverableZooKeeper: Process identifier=regionserver:16020 connecting to ZooKeeper ensemble=zoo1:2181,zoo2:2181,zoo3:2181
2016-11-15 22:47:24,696 INFO  [main] zookeeper.ZooKeeper: Client environment:zookeeper.version=3.4.6-1569965, built on 02/20/2014 09:09 GMT
2016-11-15 22:47:24,724 INFO  [main] zookeeper.ZooKeeper: Client environment:host.name=hbase-slave3.hadoop-docker
2016-11-15 22:47:24,725 INFO  [main] zookeeper.ZooKeeper: Client environment:java.version=1.8.0_111
2016-11-15 22:47:24,725 INFO  [main] zookeeper.ZooKeeper: Client environment:java.vendor=Oracle Corporation
2016-11-15 22:47:24,730 INFO  [main] zookeeper.ZooKeeper: Client environment:java.home=/usr/lib/jvm/java-1.8.0-openjdk-1.8.0.111-0.b15.el6_8.x86_64/jre
2016-11-15 22:47:24,730 INFO  [main] zookeeper.ZooKeeper: Client environment:java.class.path=/root/hbase/conf:/usr/lib/jvm/java-openjdk/lib/tools.jar:/root/hbase:/root/hbase/lib/activation-1.1.jar:/root/hbase/lib/antisamy-1.5.3.jar:/root/hbase/lib/aopalliance-1.0.jar:/root/hbase/lib/apacheds-i18n-2.0.0-M15.jar:/root/hbase/lib/apacheds-kerberos-codec-2.0.0-M15.jar:/root/hbase/lib/api-asn1-api-1.0.0-M20.jar:/root/hbase/lib/api-util-1.0.0-M20.jar:/root/hbase/lib/asm-3.1.jar:/root/hbase/lib/avro-1.7.4.jar:/root/hbase/lib/batik-css-1.8.jar:/root/hbase/lib/batik-ext-1.8.jar:/root/hbase/lib/batik-util-1.8.jar:/root/hbase/lib/bsh-core-2.0b4.jar:/root/hbase/lib/commons-beanutils-1.7.0.jar:/root/hbase/lib/commons-beanutils-core-1.8.3.jar:/root/hbase/lib/commons-cli-1.2.jar:/root/hbase/lib/commons-codec-1.9.jar:/root/hbase/lib/commons-collections-3.2.2.jar:/root/hbase/lib/commons-compress-1.4.1.jar:/root/hbase/lib/commons-configuration-1.6.jar:/root/hbase/lib/commons-daemon-1.0.13.jar:/root/hbase/lib/commons-digester-1.8.jar:/root/hbase/lib/commons-el-1.0.jar:/root/hbase/lib/commons-fileupload-1.3.1.jar:/root/hbase/lib/commons-httpclient-3.1.jar:/root/hbase/lib/commons-io-2.4.jar:/root/hbase/lib/commons-lang-2.6.jar:/root/hbase/lib/commons-logging-1.2.jar:/root/hbase/lib/commons-math-2.2.jar:/root/hbase/lib/commons-math3-3.1.1.jar:/root/hbase/lib/commons-net-3.1.jar:/root/hbase/lib/disruptor-3.3.0.jar:/root/hbase/lib/esapi-2.1.0.1.jar:/root/hbase/lib/findbugs-annotations-1.3.9-1.jar:/root/hbase/lib/guava-12.0.1.jar:/root/hbase/lib/guice-3.0.jar:/root/hbase/lib/guice-servlet-3.0.jar:/root/hbase/lib/hadoop-annotations-2.5.1.jar:/root/hbase/lib/hadoop-auth-2.5.1.jar:/root/hbase/lib/hadoop-client-2.5.1.jar:/root/hbase/lib/hadoop-common-2.5.1.jar:/root/hbase/lib/hadoop-hdfs-2.5.1.jar:/root/hbase/lib/hadoop-mapreduce-client-app-2.5.1.jar:/root/hbase/lib/hadoop-mapreduce-client-common-2.5.1.jar:/root/hbase/lib/hadoop-mapreduce-client-core-2.5.1.jar:/root/hbase/lib/hadoop-mapreduce-client-jobclient-2.5.1.jar:/root/hbase/lib/hadoop-mapreduce-client-shuffle-2.5.1.jar:/root/hbase/lib/hadoop-yarn-api-2.5.1.jar:/root/hbase/lib/hadoop-yarn-client-2.5.1.jar:/root/hbase/lib/hadoop-yarn-common-2.5.1.jar:/root/hbase/lib/hadoop-yarn-server-common-2.5.1.jar:/root/hbase/lib/hbase-annotations-1.2.2.jar:/root/hbase/lib/hbase-annotations-1.2.2-tests.jar:/root/hbase/lib/hbase-client-1.2.2.jar:/root/hbase/lib/hbase-common-1.2.2.jar:/root/hbase/lib/hbase-common-1.2.2-tests.jar:/root/hbase/lib/hbase-examples-1.2.2.jar:/root/hbase/lib/hbase-external-blockcache-1.2.2.jar:/root/hbase/lib/hbase-hadoop2-compat-1.2.2.jar:/root/hbase/lib/hbase-hadoop-compat-1.2.2.jar:/root/hbase/lib/hbase-it-1.2.2.jar:/root/hbase/lib/hbase-it-1.2.2-tests.jar:/root/hbase/lib/hbase-prefix-tree-1.2.2.jar:/root/hbase/lib/hbase-procedure-1.2.2.jar:/root/hbase/lib/hbase-protocol-1.2.2.jar:/root/hbase/lib/hbase-resource-bundle-1.2.2.jar:/root/hbase/lib/hbase-rest-1.2.2.jar:/root/hbase/lib/hbase-server-1.2.2.jar:/root/hbase/lib/hbase-server-1.2.2-tests.jar:/root/hbase/lib/hbase-shell-1.2.2.jar:/root/hbase/lib/hbase-thrift-1.2.2.jar:/root/hbase/lib/htrace-core-3.1.0-incubating.jar:/root/hbase/lib/httpclient-4.2.5.jar:/root/hbase/lib/httpcore-4.4.1.jar:/root/hbase/lib/jackson-core-asl-1.9.13.jar:/root/hbase/lib/jackson-jaxrs-1.9.13.jar:/root/hbase/lib/jackson-mapper-asl-1.9.13.jar:/root/hbase/lib/jackson-xc-1.9.13.jar:/root/hbase/lib/jamon-runtime-2.4.1.jar:/root/hbase/lib/jasper-compiler-5.5.23.jar:/root/hbase/lib/jasper-runtime-5.5.23.jar:/root/hbase/lib/javax.inject-1.jar:/root/hbase/lib/java-xmlbuilder-0.4.jar:/root/hbase/lib/jaxb-api-2.2.2.jar:/root/hbase/lib/jaxb-impl-2.2.3-1.jar:/root/hbase/lib/jcodings-1.0.8.jar:/root/hbase/lib/jersey-client-1.9.jar:/root/hbase/lib/jersey-core-1.9.jar:/root/hbase/lib/jersey-guice-1.9.jar:/root/hbase/lib/jersey-json-1.9.jar:/root/hbase/lib/jersey-server-1.9.jar:/root/hbase/lib/jets3t-0.9.0.jar:/root/hbase/lib/jettison-1.3.3.jar:/root/hbase/lib/jetty-6.1.26.jar:/root/hbase/lib/jetty-sslengine-6.1.26.jar:/root/hbase/lib/jetty-util-6.1.26.jar:/root/hbase/lib/joni-2.1.2.jar:/root/hbase/lib/jruby-complete-1.6.8.jar:/root/hbase/lib/jsch-0.1.42.jar:/root/hbase/lib/jsp-2.1-6.1.14.jar:/root/hbase/lib/jsp-api-2.1-6.1.14.jar:/root/hbase/lib/jsr305-1.3.9.jar:/root/hbase/lib/junit-4.12.jar:/root/hbase/lib/leveldbjni-all-1.8.jar:/root/hbase/lib/libthrift-0.9.3.jar:/root/hbase/lib/log4j-1.2.17.jar:/root/hbase/lib/metrics-core-2.2.0.jar:/root/hbase/lib/nekohtml-1.9.16.jar:/root/hbase/lib/netty-all-4.0.23.Final.jar:/root/hbase/lib/paranamer-2.3.jar:/root/hbase/lib/protobuf-java-2.5.0.jar:/root/hbase/lib/servlet-api-2.5-6.1.14.jar:/root/hbase/lib/servlet-api-2.5.jar:/root/hbase/lib/slf4j-api-1.7.7.jar:/root/hbase/lib/slf4j-log4j12-1.7.5.jar:/root/hbase/lib/snappy-java-1.0.4.1.jar:/root/hbase/lib/spymemcached-2.11.6.jar:/root/hbase/lib/xalan-2.7.0.jar:/root/hbase/lib/xml-apis-1.3.03.jar:/root/hbase/lib/xml-apis-ext-1.3.04.jar:/root/hbase/lib/xmlenc-0.52.jar:/root/hbase/lib/xom-1.2.5.jar:/root/hbase/lib/xz-1.0.jar:/root/hbase/lib/zookeeper-3.4.6.jar:/root/hadoop/etc/hadoop:/root/hadoop/share/hadoop/common/lib/gson-2.2.4.jar:/root/hadoop/share/hadoop/common/lib/jackson-jaxrs-1.9.13.jar:/root/hadoop/share/hadoop/common/lib/commons-cli-1.2.jar:/root/hadoop/share/hadoop/common/lib/java-xmlbuilder-0.4.jar:/root/hadoop/share/hadoop/common/lib/commons-beanutils-core-1.8.0.jar:/root/hadoop/share/hadoop/common/lib/commons-configuration-1.6.jar:/root/hadoop/share/hadoop/common/lib/jsr305-3.0.0.jar:/root/hadoop/share/hadoop/common/lib/jsch-0.1.42.jar:/root/hadoop/share/hadoop/common/lib/commons-digester-1.8.jar:/root/hadoop/share/hadoop/common/lib/commons-beanutils-1.7.0.jar:/root/hadoop/share/hadoop/common/lib/jersey-server-1.9.jar:/root/hadoop/share/hadoop/common/lib/jets3t-0.9.0.jar:/root/hadoop/share/hadoop/common/lib/apacheds-kerberos-codec-2.0.0-M15.jar:/root/hadoop/share/hadoop/common/lib/jersey-json-1.9.jar:/root/hadoop/share/hadoop/common/lib/api-util-1.0.0-M20.jar:/root/hadoop/share/hadoop/common/lib/commons-math3-3.1.1.jar:/root/hadoop/share/hadoop/common/lib/curator-framework-2.7.1.jar:/root/hadoop/share/hadoop/common/lib/hadoop-annotations-2.7.2.jar:/root/hadoop/share/hadoop/common/lib/snappy-java-1.0.4.1.jar:/root/hadoop/share/hadoop/common/lib/api-asn1-api-1.0.0-M20.jar:/root/hadoop/share/hadoop/common/lib/commons-io-2.4.jar:/root/hadoop/share/hadoop/common/lib/junit-4.11.jar:/root/hadoop/share/hadoop/common/lib/commons-compress-1.4.1.jar:/root/hadoop/share/hadoop/common/lib/log4j-1.2.17.jar:/root/hadoop/share/hadoop/common/lib/httpclient-4.2.5.jar:/root/hadoop/share/hadoop/common/lib/hadoop-auth-2.7.2.jar:/root/hadoop/share/hadoop/common/lib/slf4j-log4j12-1.7.10.jar:/root/hadoop/share/hadoop/common/lib/commons-lang-2.6.jar:/root/hadoop/share/hadoop/common/lib/commons-net-3.1.jar:/root/hadoop/share/hadoop/common/lib/jettison-1.1.jar:/root/hadoop/share/hadoop/common/lib/servlet-api-2.5.jar:/root/hadoop/share/hadoop/common/lib/zookeeper-3.4.6.jar:/root/hadoop/share/hadoop/common/lib/mockito-all-1.8.5.jar:/root/hadoop/share/hadoop/common/lib/jaxb-impl-2.2.3-1.jar:/root/hadoop/share/hadoop/common/lib/commons-httpclient-3.1.jar:/root/hadoop/share/hadoop/common/lib/stax-api-1.0-2.jar:/root/hadoop/share/hadoop/common/lib/jaxb-api-2.2.2.jar:/root/hadoop/share/hadoop/common/lib/xmlenc-0.52.jar:/root/hadoop/share/hadoop/common/lib/xz-1.0.jar:/root/hadoop/share/hadoop/common/lib/activation-1.1.jar:/root/hadoop/share/hadoop/common/lib/jackson-mapper-asl-1.9.13.jar:/root/hadoop/share/hadoop/common/lib/htrace-core-3.1.0-incubating.jar:/root/hadoop/share/hadoop/common/lib/commons-collections-3.2.2.jar:/root/hadoop/share/hadoop/common/lib/guava-11.0.2.jar:/root/hadoop/share/hadoop/common/lib/jersey-core-1.9.jar:/root/hadoop/share/hadoop/common/lib/jsp-api-2.1.jar:/root/hadoop/share/hadoop/common/lib/asm-3.2.jar:/root/hadoop/share/hadoop/common/lib/curator-client-2.7.1.jar:/root/hadoop/share/hadoop/common/lib/avro-1.7.4.jar:/root/hadoop/share/hadoop/common/lib/hamcrest-core-1.3.jar:/root/hadoop/share/hadoop/common/lib/curator-recipes-2.7.1.jar:/root/hadoop/share/hadoop/common/lib/jackson-core-asl-1.9.13.jar:/root/hadoop/share/hadoop/common/lib/jackson-xc-1.9.13.jar:/root/hadoop/share/hadoop/common/lib/jetty-util-6.1.26.jar:/root/hadoop/share/hadoop/common/lib/commons-codec-1.4.jar:/root/hadoop/share/hadoop/common/lib/netty-3.6.2.Final.jar:/root/hadoop/share/hadoop/common/lib/httpcore-4.2.5.jar:/root/hadoop/share/hadoop/common/lib/paranamer-2.3.jar:/root/hadoop/share/hadoop/common/lib/apacheds-i18n-2.0.0-M15.jar:/root/hadoop/share/hadoop/common/lib/protobuf-java-2.5.0.jar:/root/hadoop/share/hadoop/common/lib/jetty-6.1.26.jar:/root/hadoop/share/hadoop/common/lib/slf4j-api-1.7.10.jar:/root/hadoop/share/hadoop/common/lib/commons-logging-1.1.3.jar:/root/hadoop/share/hadoop/common/hadoop-nfs-2.7.2.jar:/root/hadoop/share/hadoop/common/hadoop-common-2.7.2.jar:/root/hadoop/share/hadoop/common/hadoop-common-2.7.2-tests.jar:/root/hadoop/share/hadoop/hdfs:/root/hadoop/share/hadoop/hdfs/lib/commons-cli-1.2.jar:/root/hadoop/share/hadoop/hdfs/lib/jsr305-3.0.0.jar:/root/hadoop/share/hadoop/hdfs/lib/jersey-server-1.9.jar:/root/hadoop/share/hadoop/hdfs/lib/xercesImpl-2.9.1.jar:/root/hadoop/share/hadoop/hdfs/lib/netty-all-4.0.23.Final.jar:/root/hadoop/share/hadoop/hdfs/lib/commons-daemon-1.0.13.jar:/root/hadoop/share/hadoop/hdfs/lib/commons-io-2.4.jar:/root/hadoop/share/hadoop/hdfs/lib/leveldbjni-all-1.8.jar:/root/hadoop/share/hadoop/hdfs/lib/log4j-1.2.17.jar:/root/hadoop/share/hadoop/hdfs/lib/commons-lang-2.6.jar:/root/hadoop/share/hadoop/hdfs/lib/servlet-api-2.5.jar:/root/hadoop/share/hadoop/hdfs/lib/xmlenc-0.52.jar:/root/hadoop/share/hadoop/hdfs/lib/jackson-mapper-asl-1.9.13.jar:/root/hadoop/share/hadoop/hdfs/lib/htrace-core-3.1.0-incubating.jar:/root/hadoop/share/hadoop/hdfs/lib/xml-apis-1.3.04.jar:/root/hadoop/share/hadoop/hdfs/lib/guava-11.0.2.jar:/root/hadoop/share/hadoop/hdfs/lib/jersey-core-1.9.jar:/root/hadoop/share/hadoop/hdfs/lib/asm-3.2.jar:/root/hadoop/share/hadoop/hdfs/lib/jackson-core-asl-1.9.13.jar:/root/hadoop/share/hadoop/hdfs/lib/jetty-util-6.1.26.jar:/root/hadoop/share/hadoop/hdfs/lib/commons-codec-1.4.jar:/root/hadoop/share/hadoop/hdfs/lib/netty-3.6.2.Final.jar:/root/hadoop/share/hadoop/hdfs/lib/protobuf-java-2.5.0.jar:/root/hadoop/share/hadoop/hdfs/lib/jetty-6.1.26.jar:/root/hadoop/share/hadoop/hdfs/lib/commons-logging-1.1.3.jar:/root/hadoop/share/hadoop/hdfs/hadoop-hdfs-2.7.2.jar:/root/hadoop/share/hadoop/hdfs/hadoop-hdfs-nfs-2.7.2.jar:/root/hadoop/share/hadoop/hdfs/hadoop-hdfs-2.7.2-tests.jar:/root/hadoop/share/hadoop/yarn/lib/jackson-jaxrs-1.9.13.jar:/root/hadoop/share/hadoop/yarn/lib/commons-cli-1.2.jar:/root/hadoop/share/hadoop/yarn/lib/jsr305-3.0.0.jar:/root/hadoop/share/hadoop/yarn/lib/aopalliance-1.0.jar:/root/hadoop/share/hadoop/yarn/lib/jersey-server-1.9.jar:/root/hadoop/share/hadoop/yarn/lib/jersey-guice-1.9.jar:/root/hadoop/share/hadoop/yarn/lib/jersey-json-1.9.jar:/root/hadoop/share/hadoop/yarn/lib/zookeeper-3.4.6-tests.jar:/root/hadoop/share/hadoop/yarn/lib/commons-io-2.4.jar:/root/hadoop/share/hadoop/yarn/lib/commons-compress-1.4.1.jar:/root/hadoop/share/hadoop/yarn/lib/leveldbjni-all-1.8.jar:/root/hadoop/share/hadoop/yarn/lib/log4j-1.2.17.jar:/root/hadoop/share/hadoop/yarn/lib/commons-lang-2.6.jar:/root/hadoop/share/hadoop/yarn/lib/jettison-1.1.jar:/root/hadoop/share/hadoop/yarn/lib/servlet-api-2.5.jar:/root/hadoop/share/hadoop/yarn/lib/guice-servlet-3.0.jar:/root/hadoop/share/hadoop/yarn/lib/javax.inject-1.jar:/root/hadoop/share/hadoop/yarn/lib/zookeeper-3.4.6.jar:/root/hadoop/share/hadoop/yarn/lib/jaxb-impl-2.2.3-1.jar:/root/hadoop/share/hadoop/yarn/lib/stax-api-1.0-2.jar:/root/hadoop/share/hadoop/yarn/lib/jaxb-api-2.2.2.jar:/root/hadoop/share/hadoop/yarn/lib/xz-1.0.jar:/root/hadoop/share/hadoop/yarn/lib/activation-1.1.jar:/root/hadoop/share/hadoop/yarn/lib/jackson-mapper-asl-1.9.13.jar:/root/hadoop/share/hadoop/yarn/lib/commons-collections-3.2.2.jar:/root/hadoop/share/hadoop/yarn/lib/guava-11.0.2.jar:/root/hadoop/share/hadoop/yarn/lib/jersey-core-1.9.jar:/root/hadoop/share/hadoop/yarn/lib/asm-3.2.jar:/root/hadoop/share/hadoop/yarn/lib/guice-3.0.jar:/root/hadoop/share/hadoop/yarn/lib/jackson-core-asl-1.9.13.jar:/root/hadoop/share/hadoop/yarn/lib/jackson-xc-1.9.13.jar:/root/hadoop/share/hadoop/yarn/lib/jetty-util-6.1.26.jar:/root/hadoop/share/hadoop/yarn/lib/commons-codec-1.4.jar:/root/hadoop/share/hadoop/yarn/lib/netty-3.6.2.Final.jar:/root/hadoop/share/hadoop/yarn/lib/protobuf-java-2.5.0.jar:/root/hadoop/share/hadoop/yarn/lib/jetty-6.1.26.jar:/root/hadoop/share/hadoop/yarn/lib/commons-logging-1.1.3.jar:/root/hadoop/share/hadoop/yarn/lib/jersey-client-1.9.jar:/root/hadoop/share/hadoop/yarn/hadoop-yarn-server-applicationhistoryservice-2.7.2.jar:/root/hadoop/share/hadoop/yarn/hadoop-yarn-server-common-2.7.2.jar:/root/hadoop/share/hadoop/yarn/hadoop-yarn-client-2.7.2.jar:/root/hadoop/share/hadoop/yarn/hadoop-yarn-server-tests-2.7.2.jar:/root/hadoop/share/hadoop/yarn/hadoop-yarn-server-web-proxy-2.7.2.jar:/root/hadoop/share/hadoop/yarn/hadoop-yarn-server-sharedcachemanager-2.7.2.jar:/root/hadoop/share/hadoop/yarn/hadoop-yarn-registry-2.7.2.jar:/root/hadoop/share/hadoop/yarn/hadoop-yarn-applications-unmanaged-am-launcher-2.7.2.jar:/root/hadoop/share/hadoop/yarn/hadoop-yarn-server-nodemanager-2.7.2.jar:/root/hadoop/share/hadoop/yarn/hadoop-yarn-applications-distributedshell-2.7.2.jar:/root/hadoop/share/hadoop/yarn/hadoop-yarn-common-2.7.2.jar:/root/hadoop/share/hadoop/yarn/hadoop-yarn-api-2.7.2.jar:/root/hadoop/share/hadoop/yarn/hadoop-yarn-server-resourcemanager-2.7.2.jar:/root/hadoop/share/hadoop/mapreduce/lib/aopalliance-1.0.jar:/root/hadoop/share/hadoop/mapreduce/lib/jersey-server-1.9.jar:/root/hadoop/share/hadoop/mapreduce/lib/jersey-guice-1.9.jar:/root/hadoop/share/hadoop/mapreduce/lib/hadoop-annotations-2.7.2.jar:/root/hadoop/share/hadoop/mapreduce/lib/snappy-java-1.0.4.1.jar:/root/hadoop/share/hadoop/mapreduce/lib/commons-io-2.4.jar:/root/hadoop/share/hadoop/mapreduce/lib/junit-4.11.jar:/root/hadoop/share/hadoop/mapreduce/lib/commons-compress-1.4.1.jar:/root/hadoop/share/hadoop/mapreduce/lib/leveldbjni-all-1.8.jar:/root/hadoop/share/hadoop/mapreduce/lib/log4j-1.2.17.jar:/root/hadoop/share/hadoop/mapreduce/lib/guice-servlet-3.0.jar:/root/hadoop/share/hadoop/mapreduce/lib/javax.inject-1.jar:/root/hadoop/share/hadoop/mapreduce/lib/xz-1.0.jar:/root/hadoop/share/hadoop/mapreduce/lib/jackson-mapper-asl-1.9.13.jar:/root/hadoop/share/hadoop/mapreduce/lib/jersey-core-1.9.jar:/root/hadoop/share/hadoop/mapreduce/lib/asm-3.2.jar:/root/hadoop/share/hadoop/mapreduce/lib/avro-1.7.4.jar:/root/hadoop/share/hadoop/mapreduce/lib/guice-3.0.jar:/root/hadoop/share/hadoop/mapreduce/lib/hamcrest-core-1.3.jar:/root/hadoop/share/hadoop/mapreduce/lib/jackson-core-asl-1.9.13.jar:/root/hadoop/share/hadoop/mapreduce/lib/netty-3.6.2.Final.jar:/root/hadoop/share/hadoop/mapreduce/lib/paranamer-2.3.jar:/root/hadoop/share/hadoop/mapreduce/lib/protobuf-java-2.5.0.jar:/root/hadoop/share/hadoop/mapreduce/hadoop-mapreduce-client-core-2.7.2.jar:/root/hadoop/share/hadoop/mapreduce/hadoop-mapreduce-client-hs-plugins-2.7.2.jar:/root/hadoop/share/hadoop/mapreduce/hadoop-mapreduce-client-common-2.7.2.jar:/root/hadoop/share/hadoop/mapreduce/hadoop-mapreduce-client-jobclient-2.7.2-tests.jar:/root/hadoop/share/hadoop/mapreduce/hadoop-mapreduce-client-app-2.7.2.jar:/root/hadoop/share/hadoop/mapreduce/hadoop-mapreduce-client-jobclient-2.7.2.jar:/root/hadoop/share/hadoop/mapreduce/hadoop-mapreduce-client-shuffle-2.7.2.jar:/root/hadoop/share/hadoop/mapreduce/hadoop-mapreduce-examples-2.7.2.jar:/root/hadoop/share/hadoop/mapreduce/hadoop-mapreduce-client-hs-2.7.2.jar:/root/hadoop/contrib/capacity-scheduler/*.jar
2016-11-15 22:47:24,731 INFO  [main] zookeeper.ZooKeeper: Client environment:java.library.path=/root/hadoop/lib/native
2016-11-15 22:47:24,751 INFO  [main] zookeeper.ZooKeeper: Client environment:java.io.tmpdir=/tmp
2016-11-15 22:47:24,757 INFO  [main] zookeeper.ZooKeeper: Client environment:java.compiler=<NA>
2016-11-15 22:47:24,758 INFO  [main] zookeeper.ZooKeeper: Client environment:os.name=Linux
2016-11-15 22:47:24,759 INFO  [main] zookeeper.ZooKeeper: Client environment:os.arch=amd64
2016-11-15 22:47:24,760 INFO  [main] zookeeper.ZooKeeper: Client environment:os.version=4.4.27-boot2docker
2016-11-15 22:47:24,761 INFO  [main] zookeeper.ZooKeeper: Client environment:user.name=root
2016-11-15 22:47:24,761 INFO  [main] zookeeper.ZooKeeper: Client environment:user.home=/root
2016-11-15 22:47:24,763 INFO  [main] zookeeper.ZooKeeper: Client environment:user.dir=/root/hbase
2016-11-15 22:47:24,765 INFO  [main] zookeeper.ZooKeeper: Initiating client connection, connectString=zoo1:2181,zoo2:2181,zoo3:2181 sessionTimeout=90000 watcher=regionserver:160200x0, quorum=zoo1:2181,zoo2:2181,zoo3:2181, baseZNode=/hbase
2016-11-15 22:47:24,887 INFO  [main-SendThread(zoo2.hadoop-docker:2181)] zookeeper.ClientCnxn: Opening socket connection to server zoo2.hadoop-docker/172.21.0.3:2181. Will not attempt to authenticate using SASL (unknown error)
2016-11-15 22:47:25,112 INFO  [main-SendThread(zoo2.hadoop-docker:2181)] zookeeper.ClientCnxn: Socket connection established to zoo2.hadoop-docker/172.21.0.3:2181, initiating session
2016-11-15 22:47:25,589 INFO  [main-SendThread(zoo2.hadoop-docker:2181)] zookeeper.ClientCnxn: Session establishment complete on server zoo2.hadoop-docker/172.21.0.3:2181, sessionid = 0x2586873e7870000, negotiated timeout = 40000
2016-11-15 22:47:25,657 INFO  [RpcServer.responder] ipc.RpcServer: RpcServer.responder: starting
2016-11-15 22:47:25,863 INFO  [RpcServer.listener,port=16020] ipc.RpcServer: RpcServer.listener,port=16020: starting
2016-11-15 22:47:26,401 INFO  [main] mortbay.log: Logging to org.slf4j.impl.Log4jLoggerAdapter(org.mortbay.log) via org.mortbay.log.Slf4jLog
2016-11-15 22:47:26,413 INFO  [main] http.HttpRequestLog: Http request log for http.requests.regionserver is not defined
2016-11-15 22:47:26,466 INFO  [main] http.HttpServer: Added global filter 'safety' (class=org.apache.hadoop.hbase.http.HttpServer$QuotingInputFilter)
2016-11-15 22:47:26,469 INFO  [main] http.HttpServer: Added global filter 'clickjackingprevention' (class=org.apache.hadoop.hbase.http.ClickjackingPreventionFilter)
2016-11-15 22:47:26,495 INFO  [main] http.HttpServer: Added filter static_user_filter (class=org.apache.hadoop.hbase.http.lib.StaticUserWebFilter$StaticUserFilter) to context regionserver
2016-11-15 22:47:26,496 INFO  [main] http.HttpServer: Added filter static_user_filter (class=org.apache.hadoop.hbase.http.lib.StaticUserWebFilter$StaticUserFilter) to context static
2016-11-15 22:47:26,497 INFO  [main] http.HttpServer: Added filter static_user_filter (class=org.apache.hadoop.hbase.http.lib.StaticUserWebFilter$StaticUserFilter) to context logs
2016-11-15 22:47:26,568 INFO  [main] http.HttpServer: Jetty bound to port 16030
2016-11-15 22:47:26,575 INFO  [main] mortbay.log: jetty-6.1.26
2016-11-15 22:47:28,713 INFO  [main] mortbay.log: Started SelectChannelConnector@0.0.0.0:16030
2016-11-15 22:47:29,366 INFO  [regionserver/hbase-slave3.hadoop-docker/172.21.0.6:16020] zookeeper.RecoverableZooKeeper: Process identifier=hconnection-0x345a9d89 connecting to ZooKeeper ensemble=zoo1:2181,zoo2:2181,zoo3:2181
2016-11-15 22:47:29,376 INFO  [regionserver/hbase-slave3.hadoop-docker/172.21.0.6:16020] zookeeper.ZooKeeper: Initiating client connection, connectString=zoo1:2181,zoo2:2181,zoo3:2181 sessionTimeout=90000 watcher=hconnection-0x345a9d890x0, quorum=zoo1:2181,zoo2:2181,zoo3:2181, baseZNode=/hbase
2016-11-15 22:47:29,416 INFO  [regionserver/hbase-slave3.hadoop-docker/172.21.0.6:16020-SendThread(zoo2.hadoop-docker:2181)] zookeeper.ClientCnxn: Opening socket connection to server zoo2.hadoop-docker/172.21.0.3:2181. Will not attempt to authenticate using SASL (unknown error)
2016-11-15 22:47:29,441 INFO  [regionserver/hbase-slave3.hadoop-docker/172.21.0.6:16020-SendThread(zoo2.hadoop-docker:2181)] zookeeper.ClientCnxn: Socket connection established to zoo2.hadoop-docker/172.21.0.3:2181, initiating session
2016-11-15 22:47:29,484 INFO  [regionserver/hbase-slave3.hadoop-docker/172.21.0.6:16020-SendThread(zoo2.hadoop-docker:2181)] zookeeper.ClientCnxn: Session establishment complete on server zoo2.hadoop-docker/172.21.0.3:2181, sessionid = 0x2586873e7870002, negotiated timeout = 40000
2016-11-15 22:47:29,505 INFO  [regionserver/hbase-slave3.hadoop-docker/172.21.0.6:16020] client.ZooKeeperRegistry: ClusterId read in ZooKeeper is null
